{"/home/runner/work/LinkedOut/LinkedOut/backend/src/app/app.controller.ts": {"path":"/home/runner/work/LinkedOut/LinkedOut/backend/src/app/app.controller.ts","statementMap":{"0":{"start":{"line":1,"column":0},"end":{"line":1,"column":55}},"1":{"start":{"line":3,"column":0},"end":{"line":3,"column":null}},"2":{"start":{"line":12,"column":0},"end":{"line":12,"column":43}},"3":{"start":{"line":15,"column":7},"end":{"line":33,"column":null}},"4":{"start":{"line":16,"column":31},"end":{"line":16,"column":43}},"5":{"start":{"line":25,"column":4},"end":{"line":31,"column":null}},"6":{"start":{"line":27,"column":27},"end":{"line":27,"column":63}},"7":{"start":{"line":28,"column":6},"end":{"line":28,"column":63}},"8":{"start":{"line":30,"column":6},"end":{"line":30,"column":76}},"9":{"start":{"line":15,"column":13},"end":{"line":15,"column":26}},"10":{"start":{"line":20,"column":8},"end":{"line":32,"column":null}},"11":{"start":{"line":15,"column":13},"end":{"line":33,"column":null}}},"fnMap":{"0":{"name":"(anonymous_4)","decl":{"start":{"line":16,"column":2},"end":{"line":16,"column":31}},"loc":{"start":{"line":16,"column":53},"end":{"line":16,"column":57}}},"1":{"name":"(anonymous_5)","decl":{"start":{"line":20,"column":2},"end":{"line":20,"column":7}},"loc":{"start":{"line":23,"column":34},"end":{"line":32,"column":3}}}},"branchMap":{},"s":{"0":1,"1":1,"2":1,"3":1,"4":3,"5":2,"6":2,"7":1,"8":1,"9":1,"10":1,"11":1},"f":{"0":3,"1":2},"b":{}}
,"/home/runner/work/LinkedOut/LinkedOut/backend/src/app/app.service.ts": {"path":"/home/runner/work/LinkedOut/LinkedOut/backend/src/app/app.service.ts","statementMap":{"0":{"start":{"line":1,"column":0},"end":{"line":1,"column":44}},"1":{"start":{"line":2,"column":0},"end":{"line":2,"column":74}},"2":{"start":{"line":3,"column":0},"end":{"line":3,"column":62}},"3":{"start":{"line":4,"column":0},"end":{"line":4,"column":74}},"4":{"start":{"line":7,"column":7},"end":{"line":79,"column":null}},"5":{"start":{"line":9,"column":12},"end":{"line":9,"column":25}},"6":{"start":{"line":10,"column":12},"end":{"line":10,"column":21}},"7":{"start":{"line":11,"column":12},"end":{"line":11,"column":25}},"8":{"start":{"line":15,"column":30},"end":{"line":17,"column":38}},"9":{"start":{"line":19,"column":25},"end":{"line":23,"column":6}},"10":{"start":{"line":25,"column":28},"end":{"line":27,"column":44}},"11":{"start":{"line":27,"column":22},"end":{"line":27,"column":43}},"12":{"start":{"line":29,"column":4},"end":{"line":29,"column":27}},"13":{"start":{"line":33,"column":4},"end":{"line":45,"column":20}},"14":{"start":{"line":49,"column":4},"end":{"line":61,"column":20}},"15":{"start":{"line":65,"column":4},"end":{"line":77,"column":20}},"16":{"start":{"line":7,"column":13},"end":{"line":7,"column":23}},"17":{"start":{"line":7,"column":13},"end":{"line":79,"column":null}}},"fnMap":{"0":{"name":"(anonymous_2)","decl":{"start":{"line":8,"column":2},"end":{"line":8,"column":null}},"loc":{"start":{"line":11,"column":42},"end":{"line":12,"column":6}}},"1":{"name":"(anonymous_3)","decl":{"start":{"line":14,"column":2},"end":{"line":14,"column":7}},"loc":{"start":{"line":14,"column":30},"end":{"line":30,"column":3}}},"2":{"name":"(anonymous_4)","decl":{"start":{"line":27,"column":12},"end":{"line":27,"column":13}},"loc":{"start":{"line":27,"column":22},"end":{"line":27,"column":43}}},"3":{"name":"(anonymous_5)","decl":{"start":{"line":32,"column":10},"end":{"line":32,"column":22}},"loc":{"start":{"line":32,"column":38},"end":{"line":46,"column":3}}},"4":{"name":"(anonymous_6)","decl":{"start":{"line":48,"column":10},"end":{"line":48,"column":17}},"loc":{"start":{"line":48,"column":33},"end":{"line":62,"column":3}}},"5":{"name":"(anonymous_7)","decl":{"start":{"line":64,"column":10},"end":{"line":64,"column":21}},"loc":{"start":{"line":64,"column":37},"end":{"line":78,"column":3}}}},"branchMap":{},"s":{"0":2,"1":2,"2":2,"3":2,"4":2,"5":5,"6":5,"7":5,"8":1,"9":1,"10":1,"11":2,"12":1,"13":1,"14":1,"15":1,"16":2,"17":2},"f":{"0":5,"1":1,"2":2,"3":1,"4":1,"5":1},"b":{}}
,"/home/runner/work/LinkedOut/LinkedOut/backend/src/common/service/azureBlob.service.ts": {"path":"/home/runner/work/LinkedOut/LinkedOut/backend/src/common/service/azureBlob.service.ts","statementMap":{"0":{"start":{"line":1,"column":0},"end":{"line":1,"column":44}},"1":{"start":{"line":2,"column":0},"end":{"line":2,"column":73}},"2":{"start":{"line":5,"column":7},"end":{"line":34,"column":null}},"3":{"start":{"line":6,"column":2},"end":{"line":6,"column":50}},"4":{"start":{"line":7,"column":2},"end":{"line":7,"column":45}},"5":{"start":{"line":10,"column":30},"end":{"line":11,"column":null}},"6":{"start":{"line":13,"column":28},"end":{"line":14,"column":null}},"7":{"start":{"line":16,"column":23},"end":{"line":16,"column":68}},"8":{"start":{"line":17,"column":4},"end":{"line":17,"column":22}},"9":{"start":{"line":21,"column":21},"end":{"line":21,"column":72}},"10":{"start":{"line":22,"column":26},"end":{"line":22,"column":60}},"11":{"start":{"line":23,"column":27},"end":{"line":23,"column":57}},"12":{"start":{"line":24,"column":23},"end":{"line":24,"column":57}},"13":{"start":{"line":25,"column":4},"end":{"line":25,"column":45}},"14":{"start":{"line":27,"column":4},"end":{"line":27,"column":26}},"15":{"start":{"line":31,"column":23},"end":{"line":31,"column":51}},"16":{"start":{"line":32,"column":4},"end":{"line":32,"column":38}},"17":{"start":{"line":5,"column":13},"end":{"line":5,"column":29}},"18":{"start":{"line":5,"column":13},"end":{"line":34,"column":null}}},"fnMap":{"0":{"name":"(anonymous_1)","decl":{"start":{"line":5,"column":7},"end":{"line":5,"column":13}},"loc":{"start":{"line":5,"column":7},"end":{"line":34,"column":1}}},"1":{"name":"(anonymous_2)","decl":{"start":{"line":9,"column":2},"end":{"line":9,"column":15}},"loc":{"start":{"line":9,"column":33},"end":{"line":18,"column":3}}},"2":{"name":"(anonymous_3)","decl":{"start":{"line":20,"column":2},"end":{"line":20,"column":7}},"loc":{"start":{"line":20,"column":40},"end":{"line":28,"column":3}}},"3":{"name":"(anonymous_4)","decl":{"start":{"line":30,"column":2},"end":{"line":30,"column":7}},"loc":{"start":{"line":30,"column":31},"end":{"line":33,"column":3}}}},"branchMap":{},"s":{"0":2,"1":2,"2":2,"3":3,"4":3,"5":3,"6":3,"7":3,"8":3,"9":1,"10":1,"11":1,"12":1,"13":1,"14":1,"15":1,"16":1,"17":2,"18":2},"f":{"0":3,"1":3,"2":1,"3":1},"b":{}}
,"/home/runner/work/LinkedOut/LinkedOut/backend/src/common/service/databaseInitialize.service.ts": {"path":"/home/runner/work/LinkedOut/LinkedOut/backend/src/common/service/databaseInitialize.service.ts","statementMap":{"0":{"start":{"line":1,"column":0},"end":{"line":1,"column":58}},"1":{"start":{"line":2,"column":0},"end":{"line":2,"column":37}},"2":{"start":{"line":5,"column":7},"end":{"line":14,"column":null}},"3":{"start":{"line":6,"column":22},"end":{"line":6,"column":34}},"4":{"start":{"line":9,"column":24},"end":{"line":9,"column":59}},"5":{"start":{"line":10,"column":4},"end":{"line":10,"column":32}},"6":{"start":{"line":11,"column":4},"end":{"line":11,"column":71}},"7":{"start":{"line":12,"column":4},"end":{"line":12,"column":32}},"8":{"start":{"line":5,"column":13},"end":{"line":5,"column":39}},"9":{"start":{"line":5,"column":13},"end":{"line":14,"column":null}}},"fnMap":{"0":{"name":"(anonymous_2)","decl":{"start":{"line":6,"column":2},"end":{"line":6,"column":22}},"loc":{"start":{"line":6,"column":44},"end":{"line":6,"column":48}}},"1":{"name":"(anonymous_3)","decl":{"start":{"line":8,"column":2},"end":{"line":8,"column":7}},"loc":{"start":{"line":8,"column":20},"end":{"line":13,"column":3}}}},"branchMap":{},"s":{"0":1,"1":1,"2":1,"3":5,"4":4,"5":4,"6":4,"7":4,"8":1,"9":1},"f":{"0":5,"1":4},"b":{}}
,"/home/runner/work/LinkedOut/LinkedOut/backend/src/module/auth/auth.controller.ts": {"path":"/home/runner/work/LinkedOut/LinkedOut/backend/src/module/auth/auth.controller.ts","statementMap":{"0":{"start":{"line":1,"column":0},"end":{"line":1,"column":73}},"1":{"start":{"line":2,"column":0},"end":{"line":2,"column":45}},"2":{"start":{"line":3,"column":0},"end":{"line":3,"column":51}},"3":{"start":{"line":4,"column":0},"end":{"line":4,"column":41}},"4":{"start":{"line":5,"column":0},"end":{"line":5,"column":54}},"5":{"start":{"line":6,"column":0},"end":{"line":6,"column":60}},"6":{"start":{"line":8,"column":0},"end":{"line":8,"column":72}},"7":{"start":{"line":9,"column":0},"end":{"line":9,"column":66}},"8":{"start":{"line":13,"column":15},"end":{"line":15,"column":null}},"9":{"start":{"line":19,"column":7},"end":{"line":101,"column":null}},"10":{"start":{"line":21,"column":21},"end":{"line":21,"column":33}},"11":{"start":{"line":22,"column":21},"end":{"line":22,"column":34}},"12":{"start":{"line":23,"column":21},"end":{"line":23,"column":35}},"13":{"start":{"line":24,"column":21},"end":{"line":24,"column":37}},"14":{"start":{"line":33,"column":20},"end":{"line":33,"column":57}},"15":{"start":{"line":35,"column":4},"end":{"line":49,"column":null}},"16":{"start":{"line":37,"column":8},"end":{"line":42,"column":10}},"17":{"start":{"line":44,"column":8},"end":{"line":44,"column":79}},"18":{"start":{"line":46,"column":8},"end":{"line":48,"column":52}},"19":{"start":{"line":53,"column":19},"end":{"line":56,"column":6}},"20":{"start":{"line":58,"column":4},"end":{"line":58,"column":31}},"21":{"start":{"line":67,"column":4},"end":{"line":81,"column":null}},"22":{"start":{"line":68,"column":24},"end":{"line":68,"column":64}},"23":{"start":{"line":70,"column":6},"end":{"line":74,"column":null}},"24":{"start":{"line":71,"column":8},"end":{"line":71,"column":75}},"25":{"start":{"line":72,"column":13},"end":{"line":74,"column":null}},"26":{"start":{"line":73,"column":8},"end":{"line":73,"column":69}},"27":{"start":{"line":75,"column":20},"end":{"line":75,"column":64}},"28":{"start":{"line":76,"column":6},"end":{"line":78,"column":46}},"29":{"start":{"line":80,"column":6},"end":{"line":80,"column":76}},"30":{"start":{"line":90,"column":4},"end":{"line":99,"column":null}},"31":{"start":{"line":91,"column":22},"end":{"line":91,"column":54}},"32":{"start":{"line":92,"column":6},"end":{"line":94,"column":50}},"33":{"start":{"line":96,"column":6},"end":{"line":98,"column":50}},"34":{"start":{"line":19,"column":13},"end":{"line":19,"column":27}},"35":{"start":{"line":28,"column":8},"end":{"line":50,"column":null}},"36":{"start":{"line":85,"column":8},"end":{"line":100,"column":null}},"37":{"start":{"line":19,"column":13},"end":{"line":101,"column":null}}},"fnMap":{"0":{"name":"(anonymous_4)","decl":{"start":{"line":20,"column":2},"end":{"line":20,"column":null}},"loc":{"start":{"line":24,"column":51},"end":{"line":25,"column":6}}},"1":{"name":"(anonymous_5)","decl":{"start":{"line":28,"column":2},"end":{"line":28,"column":7}},"loc":{"start":{"line":31,"column":29},"end":{"line":50,"column":3}}},"2":{"name":"(anonymous_6)","decl":{"start":{"line":52,"column":2},"end":{"line":52,"column":7}},"loc":{"start":{"line":52,"column":41},"end":{"line":59,"column":3}}},"3":{"name":"(anonymous_7)","decl":{"start":{"line":61,"column":10},"end":{"line":61,"column":15}},"loc":{"start":{"line":65,"column":22},"end":{"line":82,"column":3}}},"4":{"name":"(anonymous_8)","decl":{"start":{"line":85,"column":2},"end":{"line":85,"column":7}},"loc":{"start":{"line":88,"column":29},"end":{"line":100,"column":3}}}},"branchMap":{"0":{"loc":{"start":{"line":35,"column":4},"end":{"line":49,"column":null}},"type":"switch","locations":[{"start":{"line":36,"column":6},"end":{"line":42,"column":10}},{"start":{"line":43,"column":6},"end":{"line":44,"column":79}},{"start":{"line":45,"column":6},"end":{"line":48,"column":52}}]},"1":{"loc":{"start":{"line":70,"column":6},"end":{"line":74,"column":null}},"type":"if","locations":[{"start":{"line":70,"column":6},"end":{"line":74,"column":null}},{"start":{"line":72,"column":13},"end":{"line":74,"column":null}}]},"2":{"loc":{"start":{"line":72,"column":13},"end":{"line":74,"column":null}},"type":"if","locations":[{"start":{"line":72,"column":13},"end":{"line":74,"column":null}}]}},"s":{"0":1,"1":1,"2":1,"3":1,"4":1,"5":1,"6":1,"7":1,"8":1,"9":1,"10":7,"11":7,"12":7,"13":7,"14":2,"15":2,"16":1,"17":1,"18":0,"19":0,"20":0,"21":2,"22":2,"23":2,"24":1,"25":1,"26":1,"27":2,"28":2,"29":0,"30":3,"31":3,"32":2,"33":1,"34":1,"35":1,"36":1,"37":1},"f":{"0":7,"1":2,"2":0,"3":2,"4":3},"b":{"0":[1,1,0],"1":[1,1],"2":[1]}}
,"/home/runner/work/LinkedOut/LinkedOut/backend/src/module/auth/auth.service.ts": {"path":"/home/runner/work/LinkedOut/LinkedOut/backend/src/module/auth/auth.service.ts","statementMap":{"0":{"start":{"line":1,"column":0},"end":{"line":1,"column":41}},"1":{"start":{"line":2,"column":0},"end":{"line":2,"column":44}},"2":{"start":{"line":3,"column":0},"end":{"line":3,"column":62}},"3":{"start":{"line":7,"column":7},"end":{"line":40,"column":null}},"4":{"start":{"line":9,"column":21},"end":{"line":9,"column":33}},"5":{"start":{"line":10,"column":21},"end":{"line":10,"column":35}},"6":{"start":{"line":14,"column":20},"end":{"line":19,"column":6}},"7":{"start":{"line":20,"column":4},"end":{"line":20,"column":41}},"8":{"start":{"line":24,"column":30},"end":{"line":25,"column":null}},"9":{"start":{"line":27,"column":4},"end":{"line":27,"column":31}},"10":{"start":{"line":31,"column":4},"end":{"line":33,"column":null}},"11":{"start":{"line":32,"column":6},"end":{"line":32,"column":35}},"12":{"start":{"line":35,"column":4},"end":{"line":38,"column":6}},"13":{"start":{"line":7,"column":13},"end":{"line":7,"column":24}},"14":{"start":{"line":7,"column":13},"end":{"line":40,"column":null}}},"fnMap":{"0":{"name":"(anonymous_2)","decl":{"start":{"line":8,"column":2},"end":{"line":8,"column":null}},"loc":{"start":{"line":10,"column":47},"end":{"line":11,"column":6}}},"1":{"name":"(anonymous_3)","decl":{"start":{"line":13,"column":2},"end":{"line":13,"column":18}},"loc":{"start":{"line":13,"column":40},"end":{"line":21,"column":3}}},"2":{"name":"(anonymous_4)","decl":{"start":{"line":23,"column":2},"end":{"line":23,"column":7}},"loc":{"start":{"line":23,"column":40},"end":{"line":28,"column":3}}},"3":{"name":"(anonymous_5)","decl":{"start":{"line":30,"column":2},"end":{"line":30,"column":13}},"loc":{"start":{"line":30,"column":17},"end":{"line":39,"column":3}}}},"branchMap":{"0":{"loc":{"start":{"line":31,"column":4},"end":{"line":33,"column":null}},"type":"if","locations":[{"start":{"line":31,"column":4},"end":{"line":33,"column":null}}]}},"s":{"0":4,"1":4,"2":4,"3":4,"4":5,"5":5,"6":1,"7":1,"8":1,"9":1,"10":2,"11":1,"12":1,"13":4,"14":4},"f":{"0":5,"1":1,"2":1,"3":2},"b":{"0":[1]}}
,"/home/runner/work/LinkedOut/LinkedOut/backend/src/module/company/company.controller.ts": {"path":"/home/runner/work/LinkedOut/LinkedOut/backend/src/module/company/company.controller.ts","statementMap":{"0":{"start":{"line":1,"column":0},"end":{"line":1,"column":33}},"1":{"start":{"line":2,"column":0},"end":{"line":2,"column":41}},"2":{"start":{"line":3,"column":0},"end":{"line":3,"column":43}},"3":{"start":{"line":4,"column":0},"end":{"line":4,"column":43}},"4":{"start":{"line":6,"column":0},"end":{"line":6,"column":51}},"5":{"start":{"line":7,"column":0},"end":{"line":7,"column":54}},"6":{"start":{"line":8,"column":0},"end":{"line":8,"column":55}},"7":{"start":{"line":9,"column":0},"end":{"line":9,"column":58}},"8":{"start":{"line":10,"column":0},"end":{"line":10,"column":59}},"9":{"start":{"line":11,"column":0},"end":{"line":11,"column":60}},"10":{"start":{"line":12,"column":0},"end":{"line":12,"column":62}},"11":{"start":{"line":13,"column":0},"end":{"line":13,"column":63}},"12":{"start":{"line":14,"column":0},"end":{"line":14,"column":66}},"13":{"start":{"line":15,"column":0},"end":{"line":15,"column":null}},"14":{"start":{"line":20,"column":0},"end":{"line":20,"column":null}},"15":{"start":{"line":35,"column":0},"end":{"line":35,"column":59}},"16":{"start":{"line":36,"column":0},"end":{"line":36,"column":72}},"17":{"start":{"line":37,"column":0},"end":{"line":37,"column":59}},"18":{"start":{"line":40,"column":7},"end":{"line":355,"column":null}},"19":{"start":{"line":42,"column":21},"end":{"line":42,"column":33}},"20":{"start":{"line":43,"column":21},"end":{"line":43,"column":34}},"21":{"start":{"line":44,"column":21},"end":{"line":44,"column":35}},"22":{"start":{"line":45,"column":21},"end":{"line":45,"column":35}},"23":{"start":{"line":46,"column":21},"end":{"line":46,"column":37}},"24":{"start":{"line":47,"column":21},"end":{"line":47,"column":37}},"25":{"start":{"line":48,"column":21},"end":{"line":48,"column":39}},"26":{"start":{"line":58,"column":4},"end":{"line":84,"column":null}},"27":{"start":{"line":59,"column":20},"end":{"line":59,"column":59}},"28":{"start":{"line":60,"column":27},"end":{"line":60,"column":74}},"29":{"start":{"line":61,"column":25},"end":{"line":62,"column":null}},"30":{"start":{"line":64,"column":6},"end":{"line":66,"column":null}},"31":{"start":{"line":65,"column":8},"end":{"line":65,"column":63}},"32":{"start":{"line":67,"column":27},"end":{"line":67,"column":77}},"33":{"start":{"line":68,"column":6},"end":{"line":72,"column":null}},"34":{"start":{"line":69,"column":8},"end":{"line":71,"column":51}},"35":{"start":{"line":73,"column":26},"end":{"line":73,"column":70}},"36":{"start":{"line":74,"column":6},"end":{"line":78,"column":8}},"37":{"start":{"line":79,"column":6},"end":{"line":79,"column":62}},"38":{"start":{"line":81,"column":6},"end":{"line":83,"column":42}},"39":{"start":{"line":95,"column":4},"end":{"line":116,"column":null}},"40":{"start":{"line":96,"column":25},"end":{"line":96,"column":79}},"41":{"start":{"line":97,"column":6},"end":{"line":113,"column":null}},"42":{"start":{"line":98,"column":8},"end":{"line":98,"column":63}},"43":{"start":{"line":100,"column":30},"end":{"line":100,"column":65}},"44":{"start":{"line":101,"column":8},"end":{"line":105,"column":null}},"45":{"start":{"line":102,"column":10},"end":{"line":104,"column":57}},"46":{"start":{"line":106,"column":28},"end":{"line":106,"column":78}},"47":{"start":{"line":107,"column":8},"end":{"line":111,"column":10}},"48":{"start":{"line":112,"column":8},"end":{"line":112,"column":64}},"49":{"start":{"line":115,"column":6},"end":{"line":115,"column":76}},"50":{"start":{"line":127,"column":4},"end":{"line":155,"column":null}},"51":{"start":{"line":128,"column":6},"end":{"line":132,"column":null}},"52":{"start":{"line":129,"column":8},"end":{"line":131,"column":52}},"53":{"start":{"line":133,"column":25},"end":{"line":134,"column":null}},"54":{"start":{"line":136,"column":6},"end":{"line":152,"column":null}},"55":{"start":{"line":137,"column":8},"end":{"line":137,"column":63}},"56":{"start":{"line":139,"column":24},"end":{"line":139,"column":61}},"57":{"start":{"line":140,"column":8},"end":{"line":144,"column":null}},"58":{"start":{"line":141,"column":10},"end":{"line":143,"column":53}},"59":{"start":{"line":145,"column":28},"end":{"line":145,"column":67}},"60":{"start":{"line":146,"column":8},"end":{"line":150,"column":10}},"61":{"start":{"line":151,"column":8},"end":{"line":151,"column":64}},"62":{"start":{"line":154,"column":6},"end":{"line":154,"column":76}},"63":{"start":{"line":166,"column":4},"end":{"line":169,"column":6}},"64":{"start":{"line":170,"column":4},"end":{"line":178,"column":null}},"65":{"start":{"line":175,"column":6},"end":{"line":177,"column":52}},"66":{"start":{"line":179,"column":4},"end":{"line":196,"column":null}},"67":{"start":{"line":180,"column":6},"end":{"line":182,"column":null}},"68":{"start":{"line":181,"column":8},"end":{"line":181,"column":66}},"69":{"start":{"line":183,"column":31},"end":{"line":183,"column":72}},"70":{"start":{"line":184,"column":26},"end":{"line":184,"column":74}},"71":{"start":{"line":185,"column":6},"end":{"line":189,"column":8}},"72":{"start":{"line":190,"column":20},"end":{"line":190,"column":71}},"73":{"start":{"line":191,"column":6},"end":{"line":193,"column":47}},"74":{"start":{"line":195,"column":6},"end":{"line":195,"column":76}},"75":{"start":{"line":211,"column":4},"end":{"line":263,"column":null}},"76":{"start":{"line":212,"column":6},"end":{"line":216,"column":null}},"77":{"start":{"line":213,"column":8},"end":{"line":215,"column":52}},"78":{"start":{"line":217,"column":26},"end":{"line":217,"column":63}},"79":{"start":{"line":218,"column":27},"end":{"line":219,"column":null}},"80":{"start":{"line":221,"column":6},"end":{"line":228,"column":null}},"81":{"start":{"line":225,"column":8},"end":{"line":227,"column":52}},"82":{"start":{"line":229,"column":6},"end":{"line":240,"column":null}},"83":{"start":{"line":230,"column":8},"end":{"line":233,"column":10}},"84":{"start":{"line":234,"column":8},"end":{"line":234,"column":35}},"85":{"start":{"line":236,"column":8},"end":{"line":239,"column":10}},"86":{"start":{"line":241,"column":6},"end":{"line":247,"column":null}},"87":{"start":{"line":242,"column":8},"end":{"line":245,"column":13}},"88":{"start":{"line":246,"column":8},"end":{"line":246,"column":66}},"89":{"start":{"line":248,"column":28},"end":{"line":248,"column":73}},"90":{"start":{"line":249,"column":6},"end":{"line":253,"column":null}},"91":{"start":{"line":250,"column":8},"end":{"line":252,"column":51}},"92":{"start":{"line":254,"column":26},"end":{"line":254,"column":71}},"93":{"start":{"line":255,"column":6},"end":{"line":259,"column":8}},"94":{"start":{"line":260,"column":6},"end":{"line":260,"column":62}},"95":{"start":{"line":262,"column":6},"end":{"line":262,"column":76}},"96":{"start":{"line":274,"column":4},"end":{"line":278,"column":null}},"97":{"start":{"line":275,"column":6},"end":{"line":277,"column":50}},"98":{"start":{"line":279,"column":20},"end":{"line":279,"column":57}},"99":{"start":{"line":280,"column":4},"end":{"line":284,"column":null}},"100":{"start":{"line":281,"column":6},"end":{"line":283,"column":48}},"101":{"start":{"line":285,"column":4},"end":{"line":285,"column":41}},"102":{"start":{"line":286,"column":4},"end":{"line":286,"column":63}},"103":{"start":{"line":287,"column":4},"end":{"line":287,"column":72}},"104":{"start":{"line":288,"column":4},"end":{"line":290,"column":58}},"105":{"start":{"line":300,"column":4},"end":{"line":329,"column":null}},"106":{"start":{"line":301,"column":34},"end":{"line":301,"column":59}},"107":{"start":{"line":302,"column":6},"end":{"line":310,"column":null}},"108":{"start":{"line":303,"column":21},"end":{"line":303,"column":60}},"109":{"start":{"line":304,"column":27},"end":{"line":305,"column":null}},"110":{"start":{"line":307,"column":8},"end":{"line":309,"column":null}},"111":{"start":{"line":308,"column":10},"end":{"line":308,"column":76}},"112":{"start":{"line":311,"column":22},"end":{"line":311,"column":76}},"113":{"start":{"line":312,"column":6},"end":{"line":319,"column":null}},"114":{"start":{"line":316,"column":8},"end":{"line":318,"column":52}},"115":{"start":{"line":320,"column":20},"end":{"line":320,"column":62}},"116":{"start":{"line":321,"column":6},"end":{"line":325,"column":8}},"117":{"start":{"line":326,"column":6},"end":{"line":326,"column":60}},"118":{"start":{"line":328,"column":6},"end":{"line":328,"column":76}},"119":{"start":{"line":340,"column":4},"end":{"line":353,"column":null}},"120":{"start":{"line":341,"column":20},"end":{"line":341,"column":59}},"121":{"start":{"line":342,"column":6},"end":{"line":342,"column":65}},"122":{"start":{"line":343,"column":6},"end":{"line":347,"column":8}},"123":{"start":{"line":348,"column":6},"end":{"line":350,"column":51}},"124":{"start":{"line":352,"column":6},"end":{"line":352,"column":76}},"125":{"start":{"line":40,"column":13},"end":{"line":40,"column":30}},"126":{"start":{"line":54,"column":8},"end":{"line":85,"column":null}},"127":{"start":{"line":91,"column":8},"end":{"line":117,"column":null}},"128":{"start":{"line":123,"column":8},"end":{"line":156,"column":null}},"129":{"start":{"line":161,"column":8},"end":{"line":197,"column":null}},"130":{"start":{"line":204,"column":8},"end":{"line":264,"column":null}},"131":{"start":{"line":270,"column":8},"end":{"line":291,"column":null}},"132":{"start":{"line":295,"column":8},"end":{"line":330,"column":null}},"133":{"start":{"line":336,"column":8},"end":{"line":354,"column":null}},"134":{"start":{"line":40,"column":13},"end":{"line":355,"column":null}}},"fnMap":{"0":{"name":"(anonymous_4)","decl":{"start":{"line":41,"column":2},"end":{"line":41,"column":null}},"loc":{"start":{"line":48,"column":55},"end":{"line":49,"column":6}}},"1":{"name":"(anonymous_5)","decl":{"start":{"line":54,"column":2},"end":{"line":54,"column":7}},"loc":{"start":{"line":56,"column":29},"end":{"line":85,"column":3}}},"2":{"name":"(anonymous_6)","decl":{"start":{"line":91,"column":2},"end":{"line":91,"column":7}},"loc":{"start":{"line":93,"column":29},"end":{"line":117,"column":3}}},"3":{"name":"(anonymous_7)","decl":{"start":{"line":123,"column":2},"end":{"line":123,"column":7}},"loc":{"start":{"line":125,"column":29},"end":{"line":156,"column":3}}},"4":{"name":"(anonymous_8)","decl":{"start":{"line":161,"column":2},"end":{"line":161,"column":7}},"loc":{"start":{"line":164,"column":29},"end":{"line":197,"column":3}}},"5":{"name":"(anonymous_9)","decl":{"start":{"line":204,"column":2},"end":{"line":204,"column":7}},"loc":{"start":{"line":209,"column":29},"end":{"line":264,"column":3}}},"6":{"name":"(anonymous_10)","decl":{"start":{"line":270,"column":2},"end":{"line":270,"column":7}},"loc":{"start":{"line":272,"column":29},"end":{"line":291,"column":3}}},"7":{"name":"(anonymous_11)","decl":{"start":{"line":295,"column":2},"end":{"line":295,"column":7}},"loc":{"start":{"line":298,"column":29},"end":{"line":330,"column":3}}},"8":{"name":"(anonymous_12)","decl":{"start":{"line":336,"column":2},"end":{"line":336,"column":7}},"loc":{"start":{"line":338,"column":29},"end":{"line":354,"column":3}}}},"branchMap":{"0":{"loc":{"start":{"line":64,"column":6},"end":{"line":66,"column":null}},"type":"if","locations":[{"start":{"line":64,"column":6},"end":{"line":66,"column":null}}]},"1":{"loc":{"start":{"line":68,"column":6},"end":{"line":72,"column":null}},"type":"if","locations":[{"start":{"line":68,"column":6},"end":{"line":72,"column":null}}]},"2":{"loc":{"start":{"line":82,"column":16},"end":{"line":82,"column":64}},"type":"binary-expr","locations":[{"start":{"line":82,"column":16},"end":{"line":82,"column":28}},{"start":{"line":82,"column":32},"end":{"line":82,"column":64}}]},"3":{"loc":{"start":{"line":97,"column":6},"end":{"line":113,"column":null}},"type":"if","locations":[{"start":{"line":97,"column":6},"end":{"line":113,"column":null}},{"start":{"line":99,"column":13},"end":{"line":113,"column":null}}]},"4":{"loc":{"start":{"line":101,"column":8},"end":{"line":105,"column":null}},"type":"if","locations":[{"start":{"line":101,"column":8},"end":{"line":105,"column":null}}]},"5":{"loc":{"start":{"line":101,"column":12},"end":{"line":101,"column":56}},"type":"binary-expr","locations":[{"start":{"line":101,"column":12},"end":{"line":101,"column":26}},{"start":{"line":101,"column":30},"end":{"line":101,"column":56}}]},"6":{"loc":{"start":{"line":128,"column":6},"end":{"line":132,"column":null}},"type":"if","locations":[{"start":{"line":128,"column":6},"end":{"line":132,"column":null}}]},"7":{"loc":{"start":{"line":136,"column":6},"end":{"line":152,"column":null}},"type":"if","locations":[{"start":{"line":136,"column":6},"end":{"line":152,"column":null}},{"start":{"line":138,"column":13},"end":{"line":152,"column":null}}]},"8":{"loc":{"start":{"line":140,"column":8},"end":{"line":144,"column":null}},"type":"if","locations":[{"start":{"line":140,"column":8},"end":{"line":144,"column":null}}]},"9":{"loc":{"start":{"line":170,"column":4},"end":{"line":178,"column":null}},"type":"if","locations":[{"start":{"line":170,"column":4},"end":{"line":178,"column":null}}]},"10":{"loc":{"start":{"line":171,"column":6},"end":{"line":173,"column":60}},"type":"binary-expr","locations":[{"start":{"line":171,"column":7},"end":{"line":171,"column":57}},{"start":{"line":172,"column":7},"end":{"line":172,"column":59}},{"start":{"line":173,"column":7},"end":{"line":173,"column":59}}]},"11":{"loc":{"start":{"line":180,"column":6},"end":{"line":182,"column":null}},"type":"if","locations":[{"start":{"line":180,"column":6},"end":{"line":182,"column":null}}]},"12":{"loc":{"start":{"line":212,"column":6},"end":{"line":216,"column":null}},"type":"if","locations":[{"start":{"line":212,"column":6},"end":{"line":216,"column":null}}]},"13":{"loc":{"start":{"line":221,"column":6},"end":{"line":228,"column":null}},"type":"if","locations":[{"start":{"line":221,"column":6},"end":{"line":228,"column":null}}]},"14":{"loc":{"start":{"line":222,"column":8},"end":{"line":223,"column":30}},"type":"binary-expr","locations":[{"start":{"line":222,"column":8},"end":{"line":222,"column":71}},{"start":{"line":223,"column":8},"end":{"line":223,"column":30}}]},"15":{"loc":{"start":{"line":229,"column":6},"end":{"line":240,"column":null}},"type":"if","locations":[{"start":{"line":229,"column":6},"end":{"line":240,"column":null}},{"start":{"line":235,"column":13},"end":{"line":240,"column":null}}]},"16":{"loc":{"start":{"line":241,"column":6},"end":{"line":247,"column":null}},"type":"if","locations":[{"start":{"line":241,"column":6},"end":{"line":247,"column":null}}]},"17":{"loc":{"start":{"line":242,"column":8},"end":{"line":245,"column":12}},"type":"binary-expr","locations":[{"start":{"line":242,"column":8},"end":{"line":242,"column":26}},{"start":{"line":243,"column":11},"end":{"line":244,"column":null}}]},"18":{"loc":{"start":{"line":249,"column":6},"end":{"line":253,"column":null}},"type":"if","locations":[{"start":{"line":249,"column":6},"end":{"line":253,"column":null}}]},"19":{"loc":{"start":{"line":274,"column":4},"end":{"line":278,"column":null}},"type":"if","locations":[{"start":{"line":274,"column":4},"end":{"line":278,"column":null}}]},"20":{"loc":{"start":{"line":280,"column":4},"end":{"line":284,"column":null}},"type":"if","locations":[{"start":{"line":280,"column":4},"end":{"line":284,"column":null}}]},"21":{"loc":{"start":{"line":302,"column":6},"end":{"line":310,"column":null}},"type":"if","locations":[{"start":{"line":302,"column":6},"end":{"line":310,"column":null}}]},"22":{"loc":{"start":{"line":307,"column":8},"end":{"line":309,"column":null}},"type":"if","locations":[{"start":{"line":307,"column":8},"end":{"line":309,"column":null}}]},"23":{"loc":{"start":{"line":312,"column":6},"end":{"line":319,"column":null}},"type":"if","locations":[{"start":{"line":312,"column":6},"end":{"line":319,"column":null}}]},"24":{"loc":{"start":{"line":313,"column":8},"end":{"line":314,"column":69}},"type":"binary-expr","locations":[{"start":{"line":313,"column":8},"end":{"line":313,"column":16}},{"start":{"line":314,"column":8},"end":{"line":314,"column":69}}]}},"s":{"0":0,"1":0,"2":0,"3":0,"4":0,"5":0,"6":0,"7":0,"8":0,"9":0,"10":0,"11":0,"12":0,"13":0,"14":0,"15":0,"16":0,"17":0,"18":0,"19":0,"20":0,"21":0,"22":0,"23":0,"24":0,"25":0,"26":0,"27":0,"28":0,"29":0,"30":0,"31":0,"32":0,"33":0,"34":0,"35":0,"36":0,"37":0,"38":0,"39":0,"40":0,"41":0,"42":0,"43":0,"44":0,"45":0,"46":0,"47":0,"48":0,"49":0,"50":0,"51":0,"52":0,"53":0,"54":0,"55":0,"56":0,"57":0,"58":0,"59":0,"60":0,"61":0,"62":0,"63":0,"64":0,"65":0,"66":0,"67":0,"68":0,"69":0,"70":0,"71":0,"72":0,"73":0,"74":0,"75":0,"76":0,"77":0,"78":0,"79":0,"80":0,"81":0,"82":0,"83":0,"84":0,"85":0,"86":0,"87":0,"88":0,"89":0,"90":0,"91":0,"92":0,"93":0,"94":0,"95":0,"96":0,"97":0,"98":0,"99":0,"100":0,"101":0,"102":0,"103":0,"104":0,"105":0,"106":0,"107":0,"108":0,"109":0,"110":0,"111":0,"112":0,"113":0,"114":0,"115":0,"116":0,"117":0,"118":0,"119":0,"120":0,"121":0,"122":0,"123":0,"124":0,"125":0,"126":0,"127":0,"128":0,"129":0,"130":0,"131":0,"132":0,"133":0,"134":0},"f":{"0":0,"1":0,"2":0,"3":0,"4":0,"5":0,"6":0,"7":0,"8":0},"b":{"0":[0],"1":[0],"2":[0,0],"3":[0,0],"4":[0],"5":[0,0],"6":[0],"7":[0,0],"8":[0],"9":[0],"10":[0,0,0],"11":[0],"12":[0],"13":[0],"14":[0,0],"15":[0,0],"16":[0],"17":[0,0],"18":[0],"19":[0],"20":[0],"21":[0],"22":[0],"23":[0],"24":[0,0]}}
,"/home/runner/work/LinkedOut/LinkedOut/backend/src/module/company/company.service.ts": {"path":"/home/runner/work/LinkedOut/LinkedOut/backend/src/module/company/company.service.ts","statementMap":{"0":{"start":{"line":2,"column":0},"end":{"line":2,"column":44}},"1":{"start":{"line":3,"column":0},"end":{"line":3,"column":57}},"2":{"start":{"line":7,"column":7},"end":{"line":48,"column":null}},"3":{"start":{"line":8,"column":22},"end":{"line":8,"column":41}},"4":{"start":{"line":12,"column":4},"end":{"line":12,"column":47}},"5":{"start":{"line":17,"column":4},"end":{"line":17,"column":67}},"6":{"start":{"line":22,"column":23},"end":{"line":22,"column":74}},"7":{"start":{"line":23,"column":4},"end":{"line":23,"column":57}},"8":{"start":{"line":28,"column":4},"end":{"line":28,"column":53}},"9":{"start":{"line":29,"column":4},"end":{"line":29,"column":67}},"10":{"start":{"line":34,"column":4},"end":{"line":34,"column":48}},"11":{"start":{"line":39,"column":4},"end":{"line":39,"column":70}},"12":{"start":{"line":44,"column":4},"end":{"line":46,"column":7}},"13":{"start":{"line":7,"column":13},"end":{"line":7,"column":27}},"14":{"start":{"line":7,"column":13},"end":{"line":48,"column":null}}},"fnMap":{"0":{"name":"(anonymous_2)","decl":{"start":{"line":8,"column":2},"end":{"line":8,"column":22}},"loc":{"start":{"line":8,"column":58},"end":{"line":8,"column":62}}},"1":{"name":"(anonymous_3)","decl":{"start":{"line":11,"column":2},"end":{"line":11,"column":7}},"loc":{"start":{"line":11,"column":15},"end":{"line":13,"column":3}}},"2":{"name":"(anonymous_4)","decl":{"start":{"line":16,"column":2},"end":{"line":16,"column":7}},"loc":{"start":{"line":16,"column":26},"end":{"line":18,"column":3}}},"3":{"name":"(anonymous_5)","decl":{"start":{"line":21,"column":2},"end":{"line":21,"column":7}},"loc":{"start":{"line":21,"column":31},"end":{"line":24,"column":3}}},"4":{"name":"(anonymous_6)","decl":{"start":{"line":27,"column":2},"end":{"line":27,"column":7}},"loc":{"start":{"line":27,"column":52},"end":{"line":30,"column":3}}},"5":{"name":"(anonymous_7)","decl":{"start":{"line":33,"column":2},"end":{"line":33,"column":7}},"loc":{"start":{"line":33,"column":25},"end":{"line":35,"column":3}}},"6":{"name":"(anonymous_8)","decl":{"start":{"line":38,"column":2},"end":{"line":38,"column":7}},"loc":{"start":{"line":38,"column":33},"end":{"line":40,"column":3}}},"7":{"name":"(anonymous_9)","decl":{"start":{"line":43,"column":2},"end":{"line":43,"column":7}},"loc":{"start":{"line":43,"column":36},"end":{"line":47,"column":3}}}},"branchMap":{},"s":{"0":1,"1":1,"2":1,"3":0,"4":0,"5":0,"6":0,"7":0,"8":0,"9":0,"10":0,"11":0,"12":0,"13":1,"14":1},"f":{"0":0,"1":0,"2":0,"3":0,"4":0,"5":0,"6":0,"7":0},"b":{}}
,"/home/runner/work/LinkedOut/LinkedOut/backend/src/module/internship/internship.controller.ts": {"path":"/home/runner/work/LinkedOut/LinkedOut/backend/src/module/internship/internship.controller.ts","statementMap":{"0":{"start":{"line":2,"column":0},"end":{"line":2,"column":55}},"1":{"start":{"line":3,"column":0},"end":{"line":3,"column":58}},"2":{"start":{"line":4,"column":0},"end":{"line":4,"column":null}},"3":{"start":{"line":16,"column":0},"end":{"line":16,"column":70}},"4":{"start":{"line":17,"column":0},"end":{"line":17,"column":60}},"5":{"start":{"line":18,"column":0},"end":{"line":18,"column":54}},"6":{"start":{"line":19,"column":0},"end":{"line":19,"column":41}},"7":{"start":{"line":20,"column":0},"end":{"line":20,"column":66}},"8":{"start":{"line":21,"column":0},"end":{"line":21,"column":78}},"9":{"start":{"line":22,"column":0},"end":{"line":22,"column":48}},"10":{"start":{"line":23,"column":0},"end":{"line":23,"column":69}},"11":{"start":{"line":24,"column":0},"end":{"line":24,"column":75}},"12":{"start":{"line":25,"column":0},"end":{"line":25,"column":49}},"13":{"start":{"line":28,"column":7},"end":{"line":195,"column":null}},"14":{"start":{"line":30,"column":21},"end":{"line":30,"column":33}},"15":{"start":{"line":31,"column":21},"end":{"line":31,"column":37}},"16":{"start":{"line":32,"column":21},"end":{"line":32,"column":33}},"17":{"start":{"line":33,"column":21},"end":{"line":33,"column":43}},"18":{"start":{"line":34,"column":21},"end":{"line":34,"column":40}},"19":{"start":{"line":35,"column":21},"end":{"line":35,"column":43}},"20":{"start":{"line":36,"column":21},"end":{"line":36,"column":35}},"21":{"start":{"line":49,"column":4},"end":{"line":114,"column":null}},"22":{"start":{"line":50,"column":20},"end":{"line":50,"column":59}},"23":{"start":{"line":51,"column":27},"end":{"line":51,"column":74}},"24":{"start":{"line":52,"column":22},"end":{"line":52,"column":72}},"25":{"start":{"line":53,"column":6},"end":{"line":57,"column":null}},"26":{"start":{"line":54,"column":8},"end":{"line":56,"column":51}},"27":{"start":{"line":60,"column":8},"end":{"line":61,"column":null}},"28":{"start":{"line":64,"column":6},"end":{"line":86,"column":null}},"29":{"start":{"line":65,"column":20},"end":{"line":65,"column":69}},"30":{"start":{"line":65,"column":51},"end":{"line":65,"column":68}},"31":{"start":{"line":66,"column":8},"end":{"line":72,"column":null}},"32":{"start":{"line":67,"column":10},"end":{"line":71,"column":14}},"33":{"start":{"line":75,"column":30},"end":{"line":75,"column":49}},"34":{"start":{"line":76,"column":8},"end":{"line":76,"column":40}},"35":{"start":{"line":77,"column":20},"end":{"line":77,"column":53}},"36":{"start":{"line":78,"column":8},"end":{"line":78,"column":32}},"37":{"start":{"line":79,"column":23},"end":{"line":81,"column":null}},"38":{"start":{"line":83,"column":8},"end":{"line":83,"column":38}},"39":{"start":{"line":84,"column":8},"end":{"line":85,"column":64}},"40":{"start":{"line":88,"column":29},"end":{"line":89,"column":null}},"41":{"start":{"line":91,"column":6},"end":{"line":101,"column":null}},"42":{"start":{"line":92,"column":27},"end":{"line":93,"column":null}},"43":{"start":{"line":93,"column":26},"end":{"line":93,"column":77}},"44":{"start":{"line":95,"column":8},"end":{"line":100,"column":null}},"45":{"start":{"line":96,"column":10},"end":{"line":96,"column":61}},"46":{"start":{"line":97,"column":10},"end":{"line":99,"column":65}},"47":{"start":{"line":103,"column":25},"end":{"line":103,"column":41}},"48":{"start":{"line":104,"column":6},"end":{"line":104,"column":50}},"49":{"start":{"line":107,"column":20},"end":{"line":107,"column":60}},"50":{"start":{"line":108,"column":6},"end":{"line":108,"column":31}},"51":{"start":{"line":110,"column":28},"end":{"line":110,"column":75}},"52":{"start":{"line":111,"column":6},"end":{"line":111,"column":69}},"53":{"start":{"line":113,"column":6},"end":{"line":113,"column":76}},"54":{"start":{"line":122,"column":4},"end":{"line":132,"column":null}},"55":{"start":{"line":123,"column":26},"end":{"line":123,"column":64}},"56":{"start":{"line":124,"column":6},"end":{"line":128,"column":null}},"57":{"start":{"line":125,"column":8},"end":{"line":127,"column":54}},"58":{"start":{"line":129,"column":6},"end":{"line":129,"column":62}},"59":{"start":{"line":131,"column":6},"end":{"line":131,"column":76}},"60":{"start":{"line":142,"column":4},"end":{"line":152,"column":null}},"61":{"start":{"line":143,"column":25},"end":{"line":143,"column":65}},"62":{"start":{"line":144,"column":6},"end":{"line":148,"column":null}},"63":{"start":{"line":145,"column":8},"end":{"line":147,"column":54}},"64":{"start":{"line":149,"column":6},"end":{"line":149,"column":61}},"65":{"start":{"line":151,"column":6},"end":{"line":151,"column":76}},"66":{"start":{"line":164,"column":4},"end":{"line":172,"column":null}},"67":{"start":{"line":165,"column":32},"end":{"line":167,"column":null}},"68":{"start":{"line":169,"column":6},"end":{"line":169,"column":68}},"69":{"start":{"line":171,"column":6},"end":{"line":171,"column":76}},"70":{"start":{"line":183,"column":4},"end":{"line":193,"column":null}},"71":{"start":{"line":184,"column":26},"end":{"line":184,"column":76}},"72":{"start":{"line":185,"column":6},"end":{"line":189,"column":null}},"73":{"start":{"line":186,"column":8},"end":{"line":188,"column":54}},"74":{"start":{"line":190,"column":6},"end":{"line":190,"column":62}},"75":{"start":{"line":192,"column":6},"end":{"line":192,"column":76}},"76":{"start":{"line":28,"column":13},"end":{"line":28,"column":33}},"77":{"start":{"line":43,"column":8},"end":{"line":115,"column":null}},"78":{"start":{"line":121,"column":8},"end":{"line":133,"column":null}},"79":{"start":{"line":138,"column":8},"end":{"line":153,"column":null}},"80":{"start":{"line":159,"column":8},"end":{"line":173,"column":null}},"81":{"start":{"line":179,"column":8},"end":{"line":194,"column":null}},"82":{"start":{"line":28,"column":13},"end":{"line":195,"column":null}}},"fnMap":{"0":{"name":"(anonymous_4)","decl":{"start":{"line":29,"column":2},"end":{"line":29,"column":null}},"loc":{"start":{"line":36,"column":47},"end":{"line":37,"column":6}}},"1":{"name":"(anonymous_5)","decl":{"start":{"line":43,"column":2},"end":{"line":43,"column":7}},"loc":{"start":{"line":47,"column":38},"end":{"line":115,"column":3}}},"2":{"name":"(anonymous_6)","decl":{"start":{"line":65,"column":42},"end":{"line":65,"column":43}},"loc":{"start":{"line":65,"column":51},"end":{"line":65,"column":68}}},"3":{"name":"(anonymous_7)","decl":{"start":{"line":93,"column":10},"end":{"line":93,"column":11}},"loc":{"start":{"line":93,"column":26},"end":{"line":93,"column":77}}},"4":{"name":"(anonymous_8)","decl":{"start":{"line":121,"column":2},"end":{"line":121,"column":7}},"loc":{"start":{"line":121,"column":41},"end":{"line":133,"column":3}}},"5":{"name":"(anonymous_9)","decl":{"start":{"line":138,"column":2},"end":{"line":138,"column":7}},"loc":{"start":{"line":140,"column":27},"end":{"line":153,"column":3}}},"6":{"name":"(anonymous_10)","decl":{"start":{"line":159,"column":2},"end":{"line":159,"column":7}},"loc":{"start":{"line":162,"column":34},"end":{"line":173,"column":3}}},"7":{"name":"(anonymous_11)","decl":{"start":{"line":179,"column":2},"end":{"line":179,"column":7}},"loc":{"start":{"line":181,"column":27},"end":{"line":194,"column":3}}}},"branchMap":{"0":{"loc":{"start":{"line":53,"column":6},"end":{"line":57,"column":null}},"type":"if","locations":[{"start":{"line":53,"column":6},"end":{"line":57,"column":null}}]},"1":{"loc":{"start":{"line":64,"column":6},"end":{"line":86,"column":null}},"type":"if","locations":[{"start":{"line":64,"column":6},"end":{"line":86,"column":null}},{"start":{"line":73,"column":13},"end":{"line":86,"column":null}}]},"2":{"loc":{"start":{"line":64,"column":10},"end":{"line":64,"column":57}},"type":"binary-expr","locations":[{"start":{"line":64,"column":10},"end":{"line":64,"column":26}},{"start":{"line":64,"column":30},"end":{"line":64,"column":57}}]},"3":{"loc":{"start":{"line":66,"column":8},"end":{"line":72,"column":null}},"type":"if","locations":[{"start":{"line":66,"column":8},"end":{"line":72,"column":null}}]},"4":{"loc":{"start":{"line":91,"column":6},"end":{"line":101,"column":null}},"type":"if","locations":[{"start":{"line":91,"column":6},"end":{"line":101,"column":null}}]},"5":{"loc":{"start":{"line":91,"column":10},"end":{"line":91,"column":53}},"type":"binary-expr","locations":[{"start":{"line":91,"column":10},"end":{"line":91,"column":24}},{"start":{"line":91,"column":28},"end":{"line":91,"column":53}}]},"6":{"loc":{"start":{"line":95,"column":8},"end":{"line":100,"column":null}},"type":"if","locations":[{"start":{"line":95,"column":8},"end":{"line":100,"column":null}}]},"7":{"loc":{"start":{"line":124,"column":6},"end":{"line":128,"column":null}},"type":"if","locations":[{"start":{"line":124,"column":6},"end":{"line":128,"column":null}}]},"8":{"loc":{"start":{"line":124,"column":10},"end":{"line":124,"column":50}},"type":"binary-expr","locations":[{"start":{"line":124,"column":10},"end":{"line":124,"column":22}},{"start":{"line":124,"column":26},"end":{"line":124,"column":50}}]},"9":{"loc":{"start":{"line":144,"column":6},"end":{"line":148,"column":null}},"type":"if","locations":[{"start":{"line":144,"column":6},"end":{"line":148,"column":null}}]},"10":{"loc":{"start":{"line":185,"column":6},"end":{"line":189,"column":null}},"type":"if","locations":[{"start":{"line":185,"column":6},"end":{"line":189,"column":null}}]},"11":{"loc":{"start":{"line":185,"column":10},"end":{"line":185,"column":50}},"type":"binary-expr","locations":[{"start":{"line":185,"column":10},"end":{"line":185,"column":22}},{"start":{"line":185,"column":26},"end":{"line":185,"column":50}}]}},"s":{"0":0,"1":0,"2":0,"3":0,"4":0,"5":0,"6":0,"7":0,"8":0,"9":0,"10":0,"11":0,"12":0,"13":0,"14":0,"15":0,"16":0,"17":0,"18":0,"19":0,"20":0,"21":0,"22":0,"23":0,"24":0,"25":0,"26":0,"27":0,"28":0,"29":0,"30":0,"31":0,"32":0,"33":0,"34":0,"35":0,"36":0,"37":0,"38":0,"39":0,"40":0,"41":0,"42":0,"43":0,"44":0,"45":0,"46":0,"47":0,"48":0,"49":0,"50":0,"51":0,"52":0,"53":0,"54":0,"55":0,"56":0,"57":0,"58":0,"59":0,"60":0,"61":0,"62":0,"63":0,"64":0,"65":0,"66":0,"67":0,"68":0,"69":0,"70":0,"71":0,"72":0,"73":0,"74":0,"75":0,"76":0,"77":0,"78":0,"79":0,"80":0,"81":0,"82":0},"f":{"0":0,"1":0,"2":0,"3":0,"4":0,"5":0,"6":0,"7":0},"b":{"0":[0],"1":[0,0],"2":[0,0],"3":[0],"4":[0],"5":[0,0],"6":[0],"7":[0],"8":[0,0],"9":[0],"10":[0],"11":[0,0]}}
,"/home/runner/work/LinkedOut/LinkedOut/backend/src/module/internship/internship.service.ts": {"path":"/home/runner/work/LinkedOut/LinkedOut/backend/src/module/internship/internship.service.ts","statementMap":{"0":{"start":{"line":1,"column":0},"end":{"line":1,"column":44}},"1":{"start":{"line":2,"column":0},"end":{"line":2,"column":63}},"2":{"start":{"line":6,"column":7},"end":{"line":47,"column":null}},"3":{"start":{"line":7,"column":22},"end":{"line":7,"column":44}},"4":{"start":{"line":11,"column":26},"end":{"line":11,"column":70}},"5":{"start":{"line":12,"column":4},"end":{"line":12,"column":63}},"6":{"start":{"line":17,"column":4},"end":{"line":17,"column":50}},"7":{"start":{"line":22,"column":4},"end":{"line":22,"column":70}},"8":{"start":{"line":27,"column":4},"end":{"line":27,"column":59}},"9":{"start":{"line":28,"column":4},"end":{"line":28,"column":70}},"10":{"start":{"line":33,"column":4},"end":{"line":33,"column":47}},"11":{"start":{"line":38,"column":4},"end":{"line":40,"column":6}},"12":{"start":{"line":45,"column":4},"end":{"line":45,"column":72}},"13":{"start":{"line":6,"column":13},"end":{"line":6,"column":30}},"14":{"start":{"line":6,"column":13},"end":{"line":47,"column":null}}},"fnMap":{"0":{"name":"(anonymous_2)","decl":{"start":{"line":7,"column":2},"end":{"line":7,"column":22}},"loc":{"start":{"line":7,"column":64},"end":{"line":7,"column":68}}},"1":{"name":"(anonymous_3)","decl":{"start":{"line":10,"column":2},"end":{"line":10,"column":7}},"loc":{"start":{"line":10,"column":37},"end":{"line":13,"column":3}}},"2":{"name":"(anonymous_4)","decl":{"start":{"line":16,"column":2},"end":{"line":16,"column":7}},"loc":{"start":{"line":16,"column":15},"end":{"line":18,"column":3}}},"3":{"name":"(anonymous_5)","decl":{"start":{"line":21,"column":2},"end":{"line":21,"column":7}},"loc":{"start":{"line":21,"column":26},"end":{"line":23,"column":3}}},"4":{"name":"(anonymous_6)","decl":{"start":{"line":26,"column":2},"end":{"line":26,"column":7}},"loc":{"start":{"line":26,"column":49},"end":{"line":29,"column":3}}},"5":{"name":"(anonymous_7)","decl":{"start":{"line":32,"column":2},"end":{"line":32,"column":7}},"loc":{"start":{"line":32,"column":25},"end":{"line":34,"column":3}}},"6":{"name":"(anonymous_8)","decl":{"start":{"line":37,"column":2},"end":{"line":37,"column":7}},"loc":{"start":{"line":37,"column":52},"end":{"line":41,"column":3}}},"7":{"name":"(anonymous_9)","decl":{"start":{"line":44,"column":2},"end":{"line":44,"column":7}},"loc":{"start":{"line":44,"column":43},"end":{"line":46,"column":3}}}},"branchMap":{},"s":{"0":0,"1":0,"2":0,"3":0,"4":0,"5":0,"6":0,"7":0,"8":0,"9":0,"10":0,"11":0,"12":0,"13":0,"14":0},"f":{"0":0,"1":0,"2":0,"3":0,"4":0,"5":0,"6":0,"7":0},"b":{}}
,"/home/runner/work/LinkedOut/LinkedOut/backend/src/module/job/job.controller.ts": {"path":"/home/runner/work/LinkedOut/LinkedOut/backend/src/module/job/job.controller.ts","statementMap":{"0":{"start":{"line":1,"column":0},"end":{"line":1,"column":43}},"1":{"start":{"line":3,"column":0},"end":{"line":3,"column":55}},"2":{"start":{"line":4,"column":0},"end":{"line":4,"column":58}},"3":{"start":{"line":5,"column":0},"end":{"line":5,"column":null}},"4":{"start":{"line":9,"column":0},"end":{"line":9,"column":null}},"5":{"start":{"line":24,"column":0},"end":{"line":24,"column":35}},"6":{"start":{"line":25,"column":0},"end":{"line":25,"column":60}},"7":{"start":{"line":26,"column":0},"end":{"line":26,"column":60}},"8":{"start":{"line":27,"column":0},"end":{"line":27,"column":54}},"9":{"start":{"line":28,"column":0},"end":{"line":28,"column":54}},"10":{"start":{"line":29,"column":0},"end":{"line":29,"column":51}},"11":{"start":{"line":30,"column":0},"end":{"line":30,"column":41}},"12":{"start":{"line":31,"column":0},"end":{"line":31,"column":66}},"13":{"start":{"line":32,"column":0},"end":{"line":32,"column":43}},"14":{"start":{"line":33,"column":0},"end":{"line":33,"column":55}},"15":{"start":{"line":34,"column":0},"end":{"line":34,"column":72}},"16":{"start":{"line":35,"column":0},"end":{"line":35,"column":65}},"17":{"start":{"line":36,"column":0},"end":{"line":36,"column":72}},"18":{"start":{"line":39,"column":7},"end":{"line":348,"column":null}},"19":{"start":{"line":41,"column":21},"end":{"line":41,"column":33}},"20":{"start":{"line":42,"column":21},"end":{"line":42,"column":34}},"21":{"start":{"line":43,"column":21},"end":{"line":43,"column":35}},"22":{"start":{"line":44,"column":21},"end":{"line":44,"column":35}},"23":{"start":{"line":45,"column":21},"end":{"line":45,"column":37}},"24":{"start":{"line":46,"column":21},"end":{"line":46,"column":37}},"25":{"start":{"line":47,"column":21},"end":{"line":47,"column":33}},"26":{"start":{"line":48,"column":21},"end":{"line":48,"column":39}},"27":{"start":{"line":59,"column":4},"end":{"line":81,"column":null}},"28":{"start":{"line":60,"column":25},"end":{"line":60,"column":75}},"29":{"start":{"line":61,"column":6},"end":{"line":78,"column":null}},"30":{"start":{"line":62,"column":8},"end":{"line":62,"column":63}},"31":{"start":{"line":64,"column":30},"end":{"line":64,"column":61}},"32":{"start":{"line":65,"column":8},"end":{"line":69,"column":null}},"33":{"start":{"line":66,"column":10},"end":{"line":68,"column":53}},"34":{"start":{"line":71,"column":28},"end":{"line":71,"column":70}},"35":{"start":{"line":72,"column":8},"end":{"line":76,"column":10}},"36":{"start":{"line":77,"column":8},"end":{"line":77,"column":64}},"37":{"start":{"line":80,"column":6},"end":{"line":80,"column":76}},"38":{"start":{"line":92,"column":4},"end":{"line":105,"column":null}},"39":{"start":{"line":93,"column":20},"end":{"line":93,"column":59}},"40":{"start":{"line":94,"column":27},"end":{"line":94,"column":74}},"41":{"start":{"line":95,"column":19},"end":{"line":95,"column":76}},"42":{"start":{"line":96,"column":6},"end":{"line":100,"column":null}},"43":{"start":{"line":97,"column":8},"end":{"line":99,"column":46}},"44":{"start":{"line":102,"column":6},"end":{"line":102,"column":55}},"45":{"start":{"line":104,"column":6},"end":{"line":104,"column":76}},"46":{"start":{"line":128,"column":4},"end":{"line":178,"column":null}},"47":{"start":{"line":129,"column":20},"end":{"line":129,"column":59}},"48":{"start":{"line":130,"column":27},"end":{"line":130,"column":74}},"49":{"start":{"line":131,"column":6},"end":{"line":133,"column":8}},"50":{"start":{"line":135,"column":6},"end":{"line":139,"column":null}},"51":{"start":{"line":136,"column":35},"end":{"line":136,"column":61}},"52":{"start":{"line":137,"column":37},"end":{"line":137,"column":74}},"53":{"start":{"line":138,"column":8},"end":{"line":138,"column":60}},"54":{"start":{"line":141,"column":6},"end":{"line":154,"column":null}},"55":{"start":{"line":142,"column":36},"end":{"line":142,"column":38}},"56":{"start":{"line":143,"column":8},"end":{"line":152,"column":null}},"57":{"start":{"line":144,"column":10},"end":{"line":151,"column":null}},"58":{"start":{"line":145,"column":29},"end":{"line":145,"column":69}},"59":{"start":{"line":146,"column":12},"end":{"line":146,"column":37}},"60":{"start":{"line":148,"column":12},"end":{"line":150,"column":48}},"61":{"start":{"line":153,"column":8},"end":{"line":153,"column":30}},"62":{"start":{"line":156,"column":6},"end":{"line":167,"column":null}},"63":{"start":{"line":157,"column":8},"end":{"line":166,"column":null}},"64":{"start":{"line":158,"column":40},"end":{"line":159,"column":null}},"65":{"start":{"line":161,"column":10},"end":{"line":161,"column":57}},"66":{"start":{"line":163,"column":10},"end":{"line":165,"column":46}},"67":{"start":{"line":168,"column":27},"end":{"line":168,"column":60}},"68":{"start":{"line":169,"column":26},"end":{"line":169,"column":62}},"69":{"start":{"line":170,"column":6},"end":{"line":174,"column":8}},"70":{"start":{"line":175,"column":6},"end":{"line":175,"column":77}},"71":{"start":{"line":177,"column":6},"end":{"line":177,"column":76}},"72":{"start":{"line":189,"column":4},"end":{"line":215,"column":null}},"73":{"start":{"line":190,"column":6},"end":{"line":194,"column":null}},"74":{"start":{"line":191,"column":8},"end":{"line":193,"column":52}},"75":{"start":{"line":195,"column":25},"end":{"line":195,"column":76}},"76":{"start":{"line":196,"column":6},"end":{"line":212,"column":null}},"77":{"start":{"line":197,"column":8},"end":{"line":197,"column":63}},"78":{"start":{"line":199,"column":20},"end":{"line":199,"column":53}},"79":{"start":{"line":200,"column":8},"end":{"line":204,"column":null}},"80":{"start":{"line":201,"column":10},"end":{"line":203,"column":49}},"81":{"start":{"line":206,"column":8},"end":{"line":210,"column":10}},"82":{"start":{"line":211,"column":8},"end":{"line":211,"column":56}},"83":{"start":{"line":214,"column":6},"end":{"line":214,"column":76}},"84":{"start":{"line":238,"column":4},"end":{"line":292,"column":null}},"85":{"start":{"line":239,"column":6},"end":{"line":243,"column":null}},"86":{"start":{"line":240,"column":8},"end":{"line":242,"column":52}},"87":{"start":{"line":244,"column":6},"end":{"line":248,"column":null}},"88":{"start":{"line":245,"column":35},"end":{"line":245,"column":61}},"89":{"start":{"line":246,"column":37},"end":{"line":246,"column":74}},"90":{"start":{"line":247,"column":8},"end":{"line":247,"column":60}},"91":{"start":{"line":250,"column":6},"end":{"line":263,"column":null}},"92":{"start":{"line":251,"column":36},"end":{"line":251,"column":38}},"93":{"start":{"line":252,"column":8},"end":{"line":261,"column":null}},"94":{"start":{"line":253,"column":10},"end":{"line":260,"column":null}},"95":{"start":{"line":254,"column":29},"end":{"line":254,"column":69}},"96":{"start":{"line":255,"column":12},"end":{"line":255,"column":37}},"97":{"start":{"line":257,"column":12},"end":{"line":259,"column":48}},"98":{"start":{"line":262,"column":8},"end":{"line":262,"column":30}},"99":{"start":{"line":265,"column":6},"end":{"line":276,"column":null}},"100":{"start":{"line":266,"column":8},"end":{"line":275,"column":null}},"101":{"start":{"line":267,"column":40},"end":{"line":268,"column":null}},"102":{"start":{"line":270,"column":10},"end":{"line":270,"column":57}},"103":{"start":{"line":272,"column":10},"end":{"line":274,"column":46}},"104":{"start":{"line":277,"column":24},"end":{"line":277,"column":61}},"105":{"start":{"line":278,"column":6},"end":{"line":282,"column":null}},"106":{"start":{"line":279,"column":8},"end":{"line":281,"column":47}},"107":{"start":{"line":283,"column":26},"end":{"line":283,"column":59}},"108":{"start":{"line":284,"column":6},"end":{"line":288,"column":8}},"109":{"start":{"line":289,"column":6},"end":{"line":289,"column":62}},"110":{"start":{"line":291,"column":6},"end":{"line":291,"column":76}},"111":{"start":{"line":303,"column":4},"end":{"line":307,"column":null}},"112":{"start":{"line":304,"column":6},"end":{"line":306,"column":50}},"113":{"start":{"line":308,"column":16},"end":{"line":308,"column":49}},"114":{"start":{"line":309,"column":4},"end":{"line":313,"column":null}},"115":{"start":{"line":310,"column":6},"end":{"line":312,"column":44}},"116":{"start":{"line":314,"column":4},"end":{"line":314,"column":37}},"117":{"start":{"line":315,"column":4},"end":{"line":315,"column":59}},"118":{"start":{"line":316,"column":4},"end":{"line":318,"column":54}},"119":{"start":{"line":329,"column":4},"end":{"line":346,"column":null}},"120":{"start":{"line":331,"column":8},"end":{"line":331,"column":60}},"121":{"start":{"line":332,"column":6},"end":{"line":339,"column":null}},"122":{"start":{"line":336,"column":8},"end":{"line":338,"column":46}},"123":{"start":{"line":340,"column":26},"end":{"line":341,"column":null}},"124":{"start":{"line":343,"column":6},"end":{"line":343,"column":62}},"125":{"start":{"line":345,"column":6},"end":{"line":345,"column":76}},"126":{"start":{"line":39,"column":13},"end":{"line":39,"column":26}},"127":{"start":{"line":55,"column":8},"end":{"line":82,"column":null}},"128":{"start":{"line":88,"column":8},"end":{"line":106,"column":null}},"129":{"start":{"line":118,"column":8},"end":{"line":179,"column":null}},"130":{"start":{"line":185,"column":8},"end":{"line":216,"column":null}},"131":{"start":{"line":228,"column":8},"end":{"line":293,"column":null}},"132":{"start":{"line":299,"column":8},"end":{"line":319,"column":null}},"133":{"start":{"line":325,"column":8},"end":{"line":347,"column":null}},"134":{"start":{"line":39,"column":13},"end":{"line":348,"column":null}}},"fnMap":{"0":{"name":"(anonymous_4)","decl":{"start":{"line":40,"column":2},"end":{"line":40,"column":null}},"loc":{"start":{"line":48,"column":55},"end":{"line":49,"column":6}}},"1":{"name":"(anonymous_5)","decl":{"start":{"line":55,"column":2},"end":{"line":55,"column":7}},"loc":{"start":{"line":57,"column":29},"end":{"line":82,"column":3}}},"2":{"name":"(anonymous_6)","decl":{"start":{"line":88,"column":2},"end":{"line":88,"column":7}},"loc":{"start":{"line":90,"column":29},"end":{"line":106,"column":3}}},"3":{"name":"(anonymous_7)","decl":{"start":{"line":118,"column":2},"end":{"line":118,"column":7}},"loc":{"start":{"line":126,"column":5},"end":{"line":179,"column":3}}},"4":{"name":"(anonymous_8)","decl":{"start":{"line":185,"column":2},"end":{"line":185,"column":7}},"loc":{"start":{"line":187,"column":29},"end":{"line":216,"column":3}}},"5":{"name":"(anonymous_9)","decl":{"start":{"line":228,"column":2},"end":{"line":228,"column":7}},"loc":{"start":{"line":236,"column":5},"end":{"line":293,"column":3}}},"6":{"name":"(anonymous_10)","decl":{"start":{"line":299,"column":2},"end":{"line":299,"column":7}},"loc":{"start":{"line":301,"column":29},"end":{"line":319,"column":3}}},"7":{"name":"(anonymous_11)","decl":{"start":{"line":325,"column":2},"end":{"line":325,"column":7}},"loc":{"start":{"line":327,"column":29},"end":{"line":347,"column":3}}}},"branchMap":{"0":{"loc":{"start":{"line":61,"column":6},"end":{"line":78,"column":null}},"type":"if","locations":[{"start":{"line":61,"column":6},"end":{"line":78,"column":null}},{"start":{"line":63,"column":13},"end":{"line":78,"column":null}}]},"1":{"loc":{"start":{"line":65,"column":8},"end":{"line":69,"column":null}},"type":"if","locations":[{"start":{"line":65,"column":8},"end":{"line":69,"column":null}}]},"2":{"loc":{"start":{"line":65,"column":12},"end":{"line":65,"column":56}},"type":"binary-expr","locations":[{"start":{"line":65,"column":12},"end":{"line":65,"column":26}},{"start":{"line":65,"column":30},"end":{"line":65,"column":56}}]},"3":{"loc":{"start":{"line":96,"column":6},"end":{"line":100,"column":null}},"type":"if","locations":[{"start":{"line":96,"column":6},"end":{"line":100,"column":null}}]},"4":{"loc":{"start":{"line":96,"column":10},"end":{"line":96,"column":36}},"type":"binary-expr","locations":[{"start":{"line":96,"column":10},"end":{"line":96,"column":15}},{"start":{"line":96,"column":19},"end":{"line":96,"column":36}}]},"5":{"loc":{"start":{"line":135,"column":6},"end":{"line":139,"column":null}},"type":"if","locations":[{"start":{"line":135,"column":6},"end":{"line":139,"column":null}}]},"6":{"loc":{"start":{"line":135,"column":10},"end":{"line":135,"column":66}},"type":"binary-expr","locations":[{"start":{"line":135,"column":10},"end":{"line":135,"column":26}},{"start":{"line":135,"column":30},"end":{"line":135,"column":66}}]},"7":{"loc":{"start":{"line":141,"column":6},"end":{"line":154,"column":null}},"type":"if","locations":[{"start":{"line":141,"column":6},"end":{"line":154,"column":null}}]},"8":{"loc":{"start":{"line":141,"column":10},"end":{"line":141,"column":49}},"type":"binary-expr","locations":[{"start":{"line":141,"column":10},"end":{"line":141,"column":22}},{"start":{"line":141,"column":26},"end":{"line":141,"column":49}}]},"9":{"loc":{"start":{"line":156,"column":6},"end":{"line":167,"column":null}},"type":"if","locations":[{"start":{"line":156,"column":6},"end":{"line":167,"column":null}}]},"10":{"loc":{"start":{"line":190,"column":6},"end":{"line":194,"column":null}},"type":"if","locations":[{"start":{"line":190,"column":6},"end":{"line":194,"column":null}}]},"11":{"loc":{"start":{"line":196,"column":6},"end":{"line":212,"column":null}},"type":"if","locations":[{"start":{"line":196,"column":6},"end":{"line":212,"column":null}},{"start":{"line":198,"column":13},"end":{"line":212,"column":null}}]},"12":{"loc":{"start":{"line":200,"column":8},"end":{"line":204,"column":null}},"type":"if","locations":[{"start":{"line":200,"column":8},"end":{"line":204,"column":null}}]},"13":{"loc":{"start":{"line":239,"column":6},"end":{"line":243,"column":null}},"type":"if","locations":[{"start":{"line":239,"column":6},"end":{"line":243,"column":null}}]},"14":{"loc":{"start":{"line":244,"column":6},"end":{"line":248,"column":null}},"type":"if","locations":[{"start":{"line":244,"column":6},"end":{"line":248,"column":null}}]},"15":{"loc":{"start":{"line":244,"column":10},"end":{"line":244,"column":66}},"type":"binary-expr","locations":[{"start":{"line":244,"column":10},"end":{"line":244,"column":26}},{"start":{"line":244,"column":30},"end":{"line":244,"column":66}}]},"16":{"loc":{"start":{"line":250,"column":6},"end":{"line":263,"column":null}},"type":"if","locations":[{"start":{"line":250,"column":6},"end":{"line":263,"column":null}}]},"17":{"loc":{"start":{"line":250,"column":10},"end":{"line":250,"column":49}},"type":"binary-expr","locations":[{"start":{"line":250,"column":10},"end":{"line":250,"column":22}},{"start":{"line":250,"column":26},"end":{"line":250,"column":49}}]},"18":{"loc":{"start":{"line":265,"column":6},"end":{"line":276,"column":null}},"type":"if","locations":[{"start":{"line":265,"column":6},"end":{"line":276,"column":null}}]},"19":{"loc":{"start":{"line":278,"column":6},"end":{"line":282,"column":null}},"type":"if","locations":[{"start":{"line":278,"column":6},"end":{"line":282,"column":null}}]},"20":{"loc":{"start":{"line":303,"column":4},"end":{"line":307,"column":null}},"type":"if","locations":[{"start":{"line":303,"column":4},"end":{"line":307,"column":null}}]},"21":{"loc":{"start":{"line":309,"column":4},"end":{"line":313,"column":null}},"type":"if","locations":[{"start":{"line":309,"column":4},"end":{"line":313,"column":null}}]},"22":{"loc":{"start":{"line":332,"column":6},"end":{"line":339,"column":null}},"type":"if","locations":[{"start":{"line":332,"column":6},"end":{"line":339,"column":null}}]},"23":{"loc":{"start":{"line":333,"column":8},"end":{"line":334,"column":47}},"type":"binary-expr","locations":[{"start":{"line":333,"column":8},"end":{"line":333,"column":35}},{"start":{"line":334,"column":8},"end":{"line":334,"column":47}}]}},"s":{"0":0,"1":0,"2":0,"3":0,"4":0,"5":0,"6":0,"7":0,"8":0,"9":0,"10":0,"11":0,"12":0,"13":0,"14":0,"15":0,"16":0,"17":0,"18":0,"19":0,"20":0,"21":0,"22":0,"23":0,"24":0,"25":0,"26":0,"27":0,"28":0,"29":0,"30":0,"31":0,"32":0,"33":0,"34":0,"35":0,"36":0,"37":0,"38":0,"39":0,"40":0,"41":0,"42":0,"43":0,"44":0,"45":0,"46":0,"47":0,"48":0,"49":0,"50":0,"51":0,"52":0,"53":0,"54":0,"55":0,"56":0,"57":0,"58":0,"59":0,"60":0,"61":0,"62":0,"63":0,"64":0,"65":0,"66":0,"67":0,"68":0,"69":0,"70":0,"71":0,"72":0,"73":0,"74":0,"75":0,"76":0,"77":0,"78":0,"79":0,"80":0,"81":0,"82":0,"83":0,"84":0,"85":0,"86":0,"87":0,"88":0,"89":0,"90":0,"91":0,"92":0,"93":0,"94":0,"95":0,"96":0,"97":0,"98":0,"99":0,"100":0,"101":0,"102":0,"103":0,"104":0,"105":0,"106":0,"107":0,"108":0,"109":0,"110":0,"111":0,"112":0,"113":0,"114":0,"115":0,"116":0,"117":0,"118":0,"119":0,"120":0,"121":0,"122":0,"123":0,"124":0,"125":0,"126":0,"127":0,"128":0,"129":0,"130":0,"131":0,"132":0,"133":0,"134":0},"f":{"0":0,"1":0,"2":0,"3":0,"4":0,"5":0,"6":0,"7":0},"b":{"0":[0,0],"1":[0],"2":[0,0],"3":[0],"4":[0,0],"5":[0],"6":[0,0],"7":[0],"8":[0,0],"9":[0],"10":[0],"11":[0,0],"12":[0],"13":[0],"14":[0],"15":[0,0],"16":[0],"17":[0,0],"18":[0],"19":[0],"20":[0],"21":[0],"22":[0],"23":[0,0]}}
,"/home/runner/work/LinkedOut/LinkedOut/backend/src/module/job/job.service.ts": {"path":"/home/runner/work/LinkedOut/LinkedOut/backend/src/module/job/job.service.ts","statementMap":{"0":{"start":{"line":1,"column":0},"end":{"line":1,"column":44}},"1":{"start":{"line":3,"column":0},"end":{"line":3,"column":49}},"2":{"start":{"line":6,"column":7},"end":{"line":79,"column":null}},"3":{"start":{"line":7,"column":22},"end":{"line":7,"column":37}},"4":{"start":{"line":11,"column":17},"end":{"line":23,"column":16}},"5":{"start":{"line":25,"column":4},"end":{"line":25,"column":16}},"6":{"start":{"line":30,"column":16},"end":{"line":43,"column":15}},"7":{"start":{"line":45,"column":4},"end":{"line":45,"column":15}},"8":{"start":{"line":50,"column":4},"end":{"line":50,"column":67}},"9":{"start":{"line":55,"column":19},"end":{"line":55,"column":49}},"10":{"start":{"line":56,"column":4},"end":{"line":56,"column":49}},"11":{"start":{"line":61,"column":4},"end":{"line":61,"column":45}},"12":{"start":{"line":62,"column":4},"end":{"line":62,"column":63}},"13":{"start":{"line":67,"column":4},"end":{"line":67,"column":44}},"14":{"start":{"line":72,"column":4},"end":{"line":72,"column":73}},"15":{"start":{"line":77,"column":4},"end":{"line":77,"column":62}},"16":{"start":{"line":6,"column":13},"end":{"line":6,"column":23}},"17":{"start":{"line":6,"column":13},"end":{"line":79,"column":null}}},"fnMap":{"0":{"name":"(anonymous_2)","decl":{"start":{"line":7,"column":2},"end":{"line":7,"column":22}},"loc":{"start":{"line":7,"column":50},"end":{"line":7,"column":54}}},"1":{"name":"(anonymous_3)","decl":{"start":{"line":10,"column":2},"end":{"line":10,"column":7}},"loc":{"start":{"line":10,"column":15},"end":{"line":26,"column":3}}},"2":{"name":"(anonymous_4)","decl":{"start":{"line":29,"column":2},"end":{"line":29,"column":7}},"loc":{"start":{"line":29,"column":26},"end":{"line":46,"column":3}}},"3":{"name":"(anonymous_5)","decl":{"start":{"line":49,"column":2},"end":{"line":49,"column":7}},"loc":{"start":{"line":49,"column":51},"end":{"line":51,"column":3}}},"4":{"name":"(anonymous_6)","decl":{"start":{"line":54,"column":2},"end":{"line":54,"column":7}},"loc":{"start":{"line":54,"column":23},"end":{"line":57,"column":3}}},"5":{"name":"(anonymous_7)","decl":{"start":{"line":60,"column":2},"end":{"line":60,"column":7}},"loc":{"start":{"line":60,"column":35},"end":{"line":63,"column":3}}},"6":{"name":"(anonymous_8)","decl":{"start":{"line":66,"column":2},"end":{"line":66,"column":7}},"loc":{"start":{"line":66,"column":25},"end":{"line":68,"column":3}}},"7":{"name":"(anonymous_9)","decl":{"start":{"line":71,"column":2},"end":{"line":71,"column":7}},"loc":{"start":{"line":71,"column":36},"end":{"line":73,"column":3}}},"8":{"name":"(anonymous_10)","decl":{"start":{"line":76,"column":2},"end":{"line":76,"column":7}},"loc":{"start":{"line":76,"column":37},"end":{"line":78,"column":3}}}},"branchMap":{},"s":{"0":0,"1":0,"2":0,"3":0,"4":0,"5":0,"6":0,"7":0,"8":0,"9":0,"10":0,"11":0,"12":0,"13":0,"14":0,"15":0,"16":0,"17":0},"f":{"0":0,"1":0,"2":0,"3":0,"4":0,"5":0,"6":0,"7":0,"8":0},"b":{}}
,"/home/runner/work/LinkedOut/LinkedOut/backend/src/module/jobApplicants/jobApplicants.controller.ts": {"path":"/home/runner/work/LinkedOut/LinkedOut/backend/src/module/jobApplicants/jobApplicants.controller.ts","statementMap":{"0":{"start":{"line":2,"column":0},"end":{"line":2,"column":55}},"1":{"start":{"line":3,"column":0},"end":{"line":3,"column":58}},"2":{"start":{"line":4,"column":0},"end":{"line":4,"column":null}},"3":{"start":{"line":16,"column":0},"end":{"line":16,"column":55}},"4":{"start":{"line":17,"column":0},"end":{"line":17,"column":60}},"5":{"start":{"line":18,"column":0},"end":{"line":18,"column":41}},"6":{"start":{"line":19,"column":0},"end":{"line":19,"column":66}},"7":{"start":{"line":20,"column":0},"end":{"line":20,"column":63}},"8":{"start":{"line":21,"column":0},"end":{"line":21,"column":48}},"9":{"start":{"line":22,"column":0},"end":{"line":22,"column":49}},"10":{"start":{"line":25,"column":7},"end":{"line":179,"column":null}},"11":{"start":{"line":27,"column":21},"end":{"line":27,"column":33}},"12":{"start":{"line":28,"column":21},"end":{"line":28,"column":37}},"13":{"start":{"line":29,"column":21},"end":{"line":29,"column":33}},"14":{"start":{"line":30,"column":21},"end":{"line":30,"column":43}},"15":{"start":{"line":42,"column":4},"end":{"line":79,"column":null}},"16":{"start":{"line":43,"column":20},"end":{"line":43,"column":59}},"17":{"start":{"line":44,"column":27},"end":{"line":44,"column":74}},"18":{"start":{"line":45,"column":22},"end":{"line":45,"column":72}},"19":{"start":{"line":46,"column":6},"end":{"line":50,"column":null}},"20":{"start":{"line":47,"column":8},"end":{"line":49,"column":51}},"21":{"start":{"line":52,"column":8},"end":{"line":53,"column":null}},"22":{"start":{"line":55,"column":6},"end":{"line":64,"column":null}},"23":{"start":{"line":56,"column":20},"end":{"line":56,"column":66}},"24":{"start":{"line":56,"column":48},"end":{"line":56,"column":65}},"25":{"start":{"line":57,"column":8},"end":{"line":63,"column":null}},"26":{"start":{"line":59,"column":10},"end":{"line":59,"column":57}},"27":{"start":{"line":60,"column":10},"end":{"line":62,"column":64}},"28":{"start":{"line":65,"column":28},"end":{"line":65,"column":47}},"29":{"start":{"line":66,"column":6},"end":{"line":66,"column":38}},"30":{"start":{"line":67,"column":18},"end":{"line":67,"column":51}},"31":{"start":{"line":68,"column":6},"end":{"line":68,"column":30}},"32":{"start":{"line":69,"column":21},"end":{"line":71,"column":null}},"33":{"start":{"line":73,"column":6},"end":{"line":73,"column":36}},"34":{"start":{"line":75,"column":8},"end":{"line":75,"column":61}},"35":{"start":{"line":76,"column":6},"end":{"line":76,"column":72}},"36":{"start":{"line":78,"column":6},"end":{"line":78,"column":76}},"37":{"start":{"line":89,"column":4},"end":{"line":106,"column":null}},"38":{"start":{"line":90,"column":18},"end":{"line":90,"column":51}},"39":{"start":{"line":91,"column":6},"end":{"line":95,"column":null}},"40":{"start":{"line":92,"column":8},"end":{"line":94,"column":47}},"41":{"start":{"line":97,"column":8},"end":{"line":97,"column":68}},"42":{"start":{"line":98,"column":6},"end":{"line":102,"column":null}},"43":{"start":{"line":99,"column":8},"end":{"line":101,"column":53}},"44":{"start":{"line":103,"column":6},"end":{"line":103,"column":64}},"45":{"start":{"line":105,"column":6},"end":{"line":105,"column":76}},"46":{"start":{"line":118,"column":4},"end":{"line":129,"column":null}},"47":{"start":{"line":120,"column":8},"end":{"line":120,"column":74}},"48":{"start":{"line":121,"column":6},"end":{"line":125,"column":null}},"49":{"start":{"line":122,"column":8},"end":{"line":124,"column":54}},"50":{"start":{"line":126,"column":6},"end":{"line":126,"column":64}},"51":{"start":{"line":128,"column":6},"end":{"line":128,"column":76}},"52":{"start":{"line":141,"column":4},"end":{"line":151,"column":null}},"53":{"start":{"line":142,"column":27},"end":{"line":142,"column":70}},"54":{"start":{"line":143,"column":6},"end":{"line":147,"column":null}},"55":{"start":{"line":144,"column":8},"end":{"line":146,"column":57}},"56":{"start":{"line":148,"column":6},"end":{"line":148,"column":63}},"57":{"start":{"line":150,"column":6},"end":{"line":150,"column":76}},"58":{"start":{"line":164,"column":4},"end":{"line":177,"column":null}},"59":{"start":{"line":165,"column":34},"end":{"line":167,"column":null}},"60":{"start":{"line":169,"column":6},"end":{"line":173,"column":null}},"61":{"start":{"line":170,"column":8},"end":{"line":172,"column":57}},"62":{"start":{"line":174,"column":6},"end":{"line":174,"column":70}},"63":{"start":{"line":176,"column":6},"end":{"line":176,"column":76}},"64":{"start":{"line":25,"column":13},"end":{"line":25,"column":36}},"65":{"start":{"line":36,"column":8},"end":{"line":80,"column":null}},"66":{"start":{"line":84,"column":8},"end":{"line":107,"column":null}},"67":{"start":{"line":113,"column":8},"end":{"line":130,"column":null}},"68":{"start":{"line":136,"column":8},"end":{"line":152,"column":null}},"69":{"start":{"line":158,"column":8},"end":{"line":178,"column":null}},"70":{"start":{"line":25,"column":13},"end":{"line":179,"column":null}}},"fnMap":{"0":{"name":"(anonymous_4)","decl":{"start":{"line":26,"column":2},"end":{"line":26,"column":null}},"loc":{"start":{"line":30,"column":63},"end":{"line":31,"column":6}}},"1":{"name":"(anonymous_5)","decl":{"start":{"line":36,"column":2},"end":{"line":36,"column":7}},"loc":{"start":{"line":40,"column":33},"end":{"line":80,"column":3}}},"2":{"name":"(anonymous_6)","decl":{"start":{"line":56,"column":39},"end":{"line":56,"column":40}},"loc":{"start":{"line":56,"column":48},"end":{"line":56,"column":65}}},"3":{"name":"(anonymous_7)","decl":{"start":{"line":84,"column":2},"end":{"line":84,"column":7}},"loc":{"start":{"line":87,"column":27},"end":{"line":107,"column":3}}},"4":{"name":"(anonymous_8)","decl":{"start":{"line":113,"column":2},"end":{"line":113,"column":7}},"loc":{"start":{"line":116,"column":27},"end":{"line":130,"column":3}}},"5":{"name":"(anonymous_9)","decl":{"start":{"line":136,"column":2},"end":{"line":136,"column":7}},"loc":{"start":{"line":139,"column":27},"end":{"line":152,"column":3}}},"6":{"name":"(anonymous_10)","decl":{"start":{"line":158,"column":2},"end":{"line":158,"column":7}},"loc":{"start":{"line":162,"column":39},"end":{"line":178,"column":3}}}},"branchMap":{"0":{"loc":{"start":{"line":46,"column":6},"end":{"line":50,"column":null}},"type":"if","locations":[{"start":{"line":46,"column":6},"end":{"line":50,"column":null}}]},"1":{"loc":{"start":{"line":55,"column":6},"end":{"line":64,"column":null}},"type":"if","locations":[{"start":{"line":55,"column":6},"end":{"line":64,"column":null}}]},"2":{"loc":{"start":{"line":55,"column":10},"end":{"line":55,"column":51}},"type":"binary-expr","locations":[{"start":{"line":55,"column":10},"end":{"line":55,"column":23}},{"start":{"line":55,"column":27},"end":{"line":55,"column":51}}]},"3":{"loc":{"start":{"line":57,"column":8},"end":{"line":63,"column":null}},"type":"if","locations":[{"start":{"line":57,"column":8},"end":{"line":63,"column":null}}]},"4":{"loc":{"start":{"line":91,"column":6},"end":{"line":95,"column":null}},"type":"if","locations":[{"start":{"line":91,"column":6},"end":{"line":95,"column":null}}]},"5":{"loc":{"start":{"line":98,"column":6},"end":{"line":102,"column":null}},"type":"if","locations":[{"start":{"line":98,"column":6},"end":{"line":102,"column":null}}]},"6":{"loc":{"start":{"line":98,"column":10},"end":{"line":98,"column":54}},"type":"binary-expr","locations":[{"start":{"line":98,"column":10},"end":{"line":98,"column":24}},{"start":{"line":98,"column":28},"end":{"line":98,"column":54}}]},"7":{"loc":{"start":{"line":121,"column":6},"end":{"line":125,"column":null}},"type":"if","locations":[{"start":{"line":121,"column":6},"end":{"line":125,"column":null}}]},"8":{"loc":{"start":{"line":121,"column":10},"end":{"line":121,"column":54}},"type":"binary-expr","locations":[{"start":{"line":121,"column":10},"end":{"line":121,"column":24}},{"start":{"line":121,"column":28},"end":{"line":121,"column":54}}]},"9":{"loc":{"start":{"line":143,"column":6},"end":{"line":147,"column":null}},"type":"if","locations":[{"start":{"line":143,"column":6},"end":{"line":147,"column":null}}]},"10":{"loc":{"start":{"line":169,"column":6},"end":{"line":173,"column":null}},"type":"if","locations":[{"start":{"line":169,"column":6},"end":{"line":173,"column":null}}]}},"s":{"0":0,"1":0,"2":0,"3":0,"4":0,"5":0,"6":0,"7":0,"8":0,"9":0,"10":0,"11":0,"12":0,"13":0,"14":0,"15":0,"16":0,"17":0,"18":0,"19":0,"20":0,"21":0,"22":0,"23":0,"24":0,"25":0,"26":0,"27":0,"28":0,"29":0,"30":0,"31":0,"32":0,"33":0,"34":0,"35":0,"36":0,"37":0,"38":0,"39":0,"40":0,"41":0,"42":0,"43":0,"44":0,"45":0,"46":0,"47":0,"48":0,"49":0,"50":0,"51":0,"52":0,"53":0,"54":0,"55":0,"56":0,"57":0,"58":0,"59":0,"60":0,"61":0,"62":0,"63":0,"64":0,"65":0,"66":0,"67":0,"68":0,"69":0,"70":0},"f":{"0":0,"1":0,"2":0,"3":0,"4":0,"5":0,"6":0},"b":{"0":[0],"1":[0],"2":[0,0],"3":[0],"4":[0],"5":[0],"6":[0,0],"7":[0],"8":[0,0],"9":[0],"10":[0]}}
,"/home/runner/work/LinkedOut/LinkedOut/backend/src/module/jobApplicants/jobApplicants.service.ts": {"path":"/home/runner/work/LinkedOut/LinkedOut/backend/src/module/jobApplicants/jobApplicants.service.ts","statementMap":{"0":{"start":{"line":1,"column":0},"end":{"line":1,"column":44}},"1":{"start":{"line":3,"column":0},"end":{"line":3,"column":69}},"2":{"start":{"line":6,"column":7},"end":{"line":60,"column":null}},"3":{"start":{"line":7,"column":22},"end":{"line":7,"column":47}},"4":{"start":{"line":11,"column":29},"end":{"line":11,"column":79}},"5":{"start":{"line":12,"column":4},"end":{"line":12,"column":69}},"6":{"start":{"line":17,"column":4},"end":{"line":17,"column":73}},"7":{"start":{"line":22,"column":4},"end":{"line":22,"column":78}},"8":{"start":{"line":29,"column":4},"end":{"line":31,"column":6}},"9":{"start":{"line":39,"column":4},"end":{"line":42,"column":6}},"10":{"start":{"line":47,"column":4},"end":{"line":47,"column":50}},"11":{"start":{"line":54,"column":32},"end":{"line":56,"column":null}},"12":{"start":{"line":58,"column":4},"end":{"line":58,"column":73}},"13":{"start":{"line":6,"column":13},"end":{"line":6,"column":33}},"14":{"start":{"line":6,"column":13},"end":{"line":60,"column":null}}},"fnMap":{"0":{"name":"(anonymous_2)","decl":{"start":{"line":7,"column":2},"end":{"line":7,"column":22}},"loc":{"start":{"line":7,"column":70},"end":{"line":7,"column":74}}},"1":{"name":"(anonymous_3)","decl":{"start":{"line":10,"column":2},"end":{"line":10,"column":7}},"loc":{"start":{"line":10,"column":43},"end":{"line":13,"column":3}}},"2":{"name":"(anonymous_4)","decl":{"start":{"line":16,"column":2},"end":{"line":16,"column":7}},"loc":{"start":{"line":16,"column":26},"end":{"line":18,"column":3}}},"3":{"name":"(anonymous_5)","decl":{"start":{"line":21,"column":2},"end":{"line":21,"column":7}},"loc":{"start":{"line":21,"column":46},"end":{"line":23,"column":3}}},"4":{"name":"(anonymous_6)","decl":{"start":{"line":26,"column":2},"end":{"line":26,"column":7}},"loc":{"start":{"line":27,"column":23},"end":{"line":32,"column":3}}},"5":{"name":"(anonymous_7)","decl":{"start":{"line":35,"column":2},"end":{"line":35,"column":7}},"loc":{"start":{"line":37,"column":23},"end":{"line":43,"column":3}}},"6":{"name":"(anonymous_8)","decl":{"start":{"line":46,"column":2},"end":{"line":46,"column":7}},"loc":{"start":{"line":46,"column":25},"end":{"line":48,"column":3}}},"7":{"name":"(anonymous_9)","decl":{"start":{"line":50,"column":2},"end":{"line":50,"column":7}},"loc":{"start":{"line":52,"column":32},"end"
[...]
ne":191,"column":6},"end":{"line":193,"column":52}},"69":{"start":{"line":195,"column":6},"end":{"line":197,"column":42}},"70":{"start":{"line":217,"column":4},"end":{"line":277,"column":null}},"71":{"start":{"line":218,"column":6},"end":{"line":222,"column":null}},"72":{"start":{"line":219,"column":8},"end":{"line":221,"column":52}},"73":{"start":{"line":223,"column":6},"end":{"line":225,"column":null}},"74":{"start":{"line":224,"column":8},"end":{"line":224,"column":55}},"75":{"start":{"line":226,"column":6},"end":{"line":228,"column":null}},"76":{"start":{"line":227,"column":8},"end":{"line":227,"column":55}},"77":{"start":{"line":229,"column":26},"end":{"line":229,"column":63}},"78":{"start":{"line":230,"column":6},"end":{"line":234,"column":null}},"79":{"start":{"line":231,"column":8},"end":{"line":233,"column":50}},"80":{"start":{"line":235,"column":6},"end":{"line":242,"column":null}},"81":{"start":{"line":236,"column":8},"end":{"line":240,"column":null}},"82":{"start":{"line":237,"column":10},"end":{"line":239,"column":12}},"83":{"start":{"line":241,"column":8},"end":{"line":241,"column":77}},"84":{"start":{"line":243,"column":29},"end":{"line":243,"column":53}},"85":{"start":{"line":244,"column":6},"end":{"line":254,"column":null}},"86":{"start":{"line":245,"column":8},"end":{"line":251,"column":null}},"87":{"start":{"line":245,"column":21},"end":{"line":245,"column":46}},"88":{"start":{"line":246,"column":25},"end":{"line":246,"column":42}},"89":{"start":{"line":247,"column":10},"end":{"line":250,"column":null}},"90":{"start":{"line":248,"column":12},"end":{"line":248,"column":76}},"91":{"start":{"line":249,"column":12},"end":{"line":249,"column":40}},"92":{"start":{"line":252,"column":8},"end":{"line":252,"column":38}},"93":{"start":{"line":253,"column":8},"end":{"line":253,"column":40}},"94":{"start":{"line":255,"column":30},"end":{"line":255,"column":73}},"95":{"start":{"line":256,"column":6},"end":{"line":256,"column":37}},"96":{"start":{"line":257,"column":6},"end":{"line":265,"column":null}},"97":{"start":{"line":258,"column":26},"end":{"line":258,"column":77}},"98":{"start":{"line":259,"column":29},"end":{"line":259,"column":44}},"99":{"start":{"line":260,"column":8},"end":{"line":260,"column":35}},"100":{"start":{"line":261,"column":8},"end":{"line":261,"column":45}},"101":{"start":{"line":262,"column":8},"end":{"line":262,"column":37}},"102":{"start":{"line":263,"column":31},"end":{"line":263,"column":64}},"103":{"start":{"line":264,"column":8},"end":{"line":264,"column":40}},"104":{"start":{"line":266,"column":28},"end":{"line":266,"column":73}},"105":{"start":{"line":267,"column":6},"end":{"line":271,"column":8}},"106":{"start":{"line":272,"column":6},"end":{"line":272,"column":64}},"107":{"start":{"line":274,"column":6},"end":{"line":276,"column":42}},"108":{"start":{"line":288,"column":4},"end":{"line":292,"column":null}},"109":{"start":{"line":289,"column":6},"end":{"line":291,"column":50}},"110":{"start":{"line":293,"column":20},"end":{"line":293,"column":57}},"111":{"start":{"line":294,"column":4},"end":{"line":298,"column":null}},"112":{"start":{"line":295,"column":6},"end":{"line":297,"column":48}},"113":{"start":{"line":299,"column":4},"end":{"line":299,"column":41}},"114":{"start":{"line":300,"column":4},"end":{"line":300,"column":63}},"115":{"start":{"line":301,"column":4},"end":{"line":301,"column":62}},"116":{"start":{"line":302,"column":4},"end":{"line":302,"column":72}},"117":{"start":{"line":303,"column":4},"end":{"line":305,"column":58}},"118":{"start":{"line":315,"column":4},"end":{"line":343,"column":null}},"119":{"start":{"line":316,"column":34},"end":{"line":316,"column":59}},"120":{"start":{"line":317,"column":6},"end":{"line":325,"column":null}},"121":{"start":{"line":318,"column":21},"end":{"line":318,"column":60}},"122":{"start":{"line":319,"column":27},"end":{"line":320,"column":null}},"123":{"start":{"line":322,"column":8},"end":{"line":324,"column":null}},"124":{"start":{"line":323,"column":10},"end":{"line":323,"column":76}},"125":{"start":{"line":326,"column":22},"end":{"line":326,"column":76}},"126":{"start":{"line":327,"column":6},"end":{"line":331,"column":null}},"127":{"start":{"line":328,"column":8},"end":{"line":330,"column":52}},"128":{"start":{"line":332,"column":20},"end":{"line":332,"column":62}},"129":{"start":{"line":333,"column":6},"end":{"line":337,"column":8}},"130":{"start":{"line":338,"column":6},"end":{"line":338,"column":60}},"131":{"start":{"line":340,"column":6},"end":{"line":342,"column":42}},"132":{"start":{"line":354,"column":4},"end":{"line":369,"column":null}},"133":{"start":{"line":355,"column":20},"end":{"line":355,"column":59}},"134":{"start":{"line":356,"column":6},"end":{"line":356,"column":65}},"135":{"start":{"line":357,"column":6},"end":{"line":361,"column":8}},"136":{"start":{"line":362,"column":6},"end":{"line":364,"column":51}},"137":{"start":{"line":366,"column":6},"end":{"line":368,"column":42}},"138":{"start":{"line":44,"column":13},"end":{"line":44,"column":30}},"139":{"start":{"line":58,"column":8},"end":{"line":88,"column":null}},"140":{"start":{"line":94,"column":8},"end":{"line":121,"column":null}},"141":{"start":{"line":127,"column":8},"end":{"line":161,"column":null}},"142":{"start":{"line":166,"column":8},"end":{"line":199,"column":null}},"143":{"start":{"line":209,"column":8},"end":{"line":278,"column":null}},"144":{"start":{"line":284,"column":8},"end":{"line":306,"column":null}},"145":{"start":{"line":310,"column":8},"end":{"line":344,"column":null}},"146":{"start":{"line":350,"column":8},"end":{"line":370,"column":null}},"147":{"start":{"line":44,"column":13},"end":{"line":371,"column":null}}},"fnMap":{"0":{"name":"(anonymous_4)","decl":{"start":{"line":45,"column":2},"end":{"line":45,"column":null}},"loc":{"start":{"line":52,"column":55},"end":{"line":53,"column":6}}},"1":{"name":"(anonymous_5)","decl":{"start":{"line":58,"column":2},"end":{"line":58,"column":7}},"loc":{"start":{"line":60,"column":29},"end":{"line":88,"column":3}}},"2":{"name":"(anonymous_6)","decl":{"start":{"line":94,"column":2},"end":{"line":94,"column":7}},"loc":{"start":{"line":96,"column":29},"end":{"line":121,"column":3}}},"3":{"name":"(anonymous_7)","decl":{"start":{"line":127,"column":2},"end":{"line":127,"column":7}},"loc":{"start":{"line":129,"column":29},"end":{"line":161,"column":3}}},"4":{"name":"(anonymous_8)","decl":{"start":{"line":166,"column":2},"end":{"line":166,"column":7}},"loc":{"start":{"line":169,"column":29},"end":{"line":199,"column":3}}},"5":{"name":"(anonymous_9)","decl":{"start":{"line":209,"column":2},"end":{"line":209,"column":7}},"loc":{"start":{"line":215,"column":29},"end":{"line":278,"column":3}}},"6":{"name":"(anonymous_10)","decl":{"start":{"line":284,"column":2},"end":{"line":284,"column":7}},"loc":{"start":{"line":286,"column":29},"end":{"line":306,"column":3}}},"7":{"name":"(anonymous_11)","decl":{"start":{"line":310,"column":2},"end":{"line":310,"column":7}},"loc":{"start":{"line":313,"column":29},"end":{"line":344,"column":3}}},"8":{"name":"(anonymous_12)","decl":{"start":{"line":350,"column":2},"end":{"line":350,"column":7}},"loc":{"start":{"line":352,"column":29},"end":{"line":370,"column":3}}}},"branchMap":{"0":{"loc":{"start":{"line":68,"column":6},"end":{"line":70,"column":null}},"type":"if","locations":[{"start":{"line":68,"column":6},"end":{"line":70,"column":null}}]},"1":{"loc":{"start":{"line":72,"column":6},"end":{"line":76,"column":null}},"type":"if","locations":[{"start":{"line":72,"column":6},"end":{"line":76,"column":null}}]},"2":{"loc":{"start":{"line":85,"column":16},"end":{"line":85,"column":64}},"type":"binary-expr","locations":[{"start":{"line":85,"column":16},"end":{"line":85,"column":28}},{"start":{"line":85,"column":32},"end":{"line":85,"column":64}}]},"3":{"loc":{"start":{"line":100,"column":6},"end":{"line":115,"column":null}},"type":"if","locations":[{"start":{"line":100,"column":6},"end":{"line":115,"column":null}},{"start":{"line":102,"column":13},"end":{"line":115,"column":null}}]},"4":{"loc":{"start":{"line":104,"column":8},"end":{"line":108,"column":null}},"type":"if","locations":[{"start":{"line":104,"column":8},"end":{"line":108,"column":null}}]},"5":{"loc":{"start":{"line":104,"column":12},"end":{"line":104,"column":56}},"type":"binary-expr","locations":[{"start":{"line":104,"column":12},"end":{"line":104,"column":26}},{"start":{"line":104,"column":30},"end":{"line":104,"column":56}}]},"6":{"loc":{"start":{"line":118,"column":16},"end":{"line":118,"column":64}},"type":"binary-expr","locations":[{"start":{"line":118,"column":16},"end":{"line":118,"column":28}},{"start":{"line":118,"column":32},"end":{"line":118,"column":64}}]},"7":{"loc":{"start":{"line":132,"column":6},"end":{"line":136,"column":null}},"type":"if","locations":[{"start":{"line":132,"column":6},"end":{"line":136,"column":null}}]},"8":{"loc":{"start":{"line":140,"column":6},"end":{"line":155,"column":null}},"type":"if","locations":[{"start":{"line":140,"column":6},"end":{"line":155,"column":null}},{"start":{"line":142,"column":13},"end":{"line":155,"column":null}}]},"9":{"loc":{"start":{"line":144,"column":8},"end":{"line":148,"column":null}},"type":"if","locations":[{"start":{"line":144,"column":8},"end":{"line":148,"column":null}}]},"10":{"loc":{"start":{"line":158,"column":16},"end":{"line":158,"column":64}},"type":"binary-expr","locations":[{"start":{"line":158,"column":16},"end":{"line":158,"column":28}},{"start":{"line":158,"column":32},"end":{"line":158,"column":64}}]},"11":{"loc":{"start":{"line":171,"column":4},"end":{"line":179,"column":null}},"type":"if","locations":[{"start":{"line":171,"column":4},"end":{"line":179,"column":null}}]},"12":{"loc":{"start":{"line":172,"column":6},"end":{"line":174,"column":60}},"type":"binary-expr","locations":[{"start":{"line":172,"column":7},"end":{"line":172,"column":57}},{"start":{"line":173,"column":7},"end":{"line":173,"column":59}},{"start":{"line":174,"column":7},"end":{"line":174,"column":59}}]},"13":{"loc":{"start":{"line":181,"column":6},"end":{"line":183,"column":null}},"type":"if","locations":[{"start":{"line":181,"column":6},"end":{"line":183,"column":null}}]},"14":{"loc":{"start":{"line":196,"column":16},"end":{"line":196,"column":64}},"type":"binary-expr","locations":[{"start":{"line":196,"column":16},"end":{"line":196,"column":28}},{"start":{"line":196,"column":32},"end":{"line":196,"column":64}}]},"15":{"loc":{"start":{"line":218,"column":6},"end":{"line":222,"column":null}},"type":"if","locations":[{"start":{"line":218,"column":6},"end":{"line":222,"column":null}}]},"16":{"loc":{"start":{"line":223,"column":6},"end":{"line":225,"column":null}},"type":"if","locations":[{"start":{"line":223,"column":6},"end":{"line":225,"column":null}}]},"17":{"loc":{"start":{"line":223,"column":10},"end":{"line":223,"column":66}},"type":"binary-expr","locations":[{"start":{"line":223,"column":10},"end":{"line":223,"column":26}},{"start":{"line":223,"column":30},"end":{"line":223,"column":66}}]},"18":{"loc":{"start":{"line":226,"column":6},"end":{"line":228,"column":null}},"type":"if","locations":[{"start":{"line":226,"column":6},"end":{"line":228,"column":null}}]},"19":{"loc":{"start":{"line":226,"column":10},"end":{"line":226,"column":66}},"type":"binary-expr","locations":[{"start":{"line":226,"column":10},"end":{"line":226,"column":26}},{"start":{"line":226,"column":30},"end":{"line":226,"column":66}}]},"20":{"loc":{"start":{"line":230,"column":6},"end":{"line":234,"column":null}},"type":"if","locations":[{"start":{"line":230,"column":6},"end":{"line":234,"column":null}}]},"21":{"loc":{"start":{"line":235,"column":6},"end":{"line":242,"column":null}},"type":"if","locations":[{"start":{"line":235,"column":6},"end":{"line":242,"column":null}}]},"22":{"loc":{"start":{"line":236,"column":8},"end":{"line":240,"column":null}},"type":"if","locations":[{"start":{"line":236,"column":8},"end":{"line":240,"column":null}}]},"23":{"loc":{"start":{"line":243,"column":29},"end":{"line":243,"column":53}},"type":"binary-expr","locations":[{"start":{"line":243,"column":29},"end":{"line":243,"column":47}},{"start":{"line":243,"column":51},"end":{"line":243,"column":53}}]},"24":{"loc":{"start":{"line":244,"column":6},"end":{"line":254,"column":null}},"type":"if","locations":[{"start":{"line":244,"column":6},"end":{"line":254,"column":null}}]},"25":{"loc":{"start":{"line":244,"column":10},"end":{"line":244,"column":69}},"type":"binary-expr","locations":[{"start":{"line":244,"column":10},"end":{"line":244,"column":32}},{"start":{"line":244,"column":36},"end":{"line":244,"column":69}}]},"26":{"loc":{"start":{"line":247,"column":10},"end":{"line":250,"column":null}},"type":"if","locations":[{"start":{"line":247,"column":10},"end":{"line":250,"column":null}}]},"27":{"loc":{"start":{"line":255,"column":30},"end":{"line":255,"column":73}},"type":"binary-expr","locations":[{"start":{"line":255,"column":30},"end":{"line":255,"column":53}},{"start":{"line":255,"column":57},"end":{"line":255,"column":73}}]},"28":{"loc":{"start":{"line":257,"column":6},"end":{"line":265,"column":null}},"type":"if","locations":[{"start":{"line":257,"column":6},"end":{"line":265,"column":null}}]},"29":{"loc":{"start":{"line":275,"column":16},"end":{"line":275,"column":64}},"type":"binary-expr","locations":[{"start":{"line":275,"column":16},"end":{"line":275,"column":28}},{"start":{"line":275,"column":32},"end":{"line":275,"column":64}}]},"30":{"loc":{"start":{"line":288,"column":4},"end":{"line":292,"column":null}},"type":"if","locations":[{"start":{"line":288,"column":4},"end":{"line":292,"column":null}}]},"31":{"loc":{"start":{"line":294,"column":4},"end":{"line":298,"column":null}},"type":"if","locations":[{"start":{"line":294,"column":4},"end":{"line":298,"column":null}}]},"32":{"loc":{"start":{"line":317,"column":6},"end":{"line":325,"column":null}},"type":"if","locations":[{"start":{"line":317,"column":6},"end":{"line":325,"column":null}}]},"33":{"loc":{"start":{"line":322,"column":8},"end":{"line":324,"column":null}},"type":"if","locations":[{"start":{"line":322,"column":8},"end":{"line":324,"column":null}}]},"34":{"loc":{"start":{"line":327,"column":6},"end":{"line":331,"column":null}},"type":"if","locations":[{"start":{"line":327,"column":6},"end":{"line":331,"column":null}}]},"35":{"loc":{"start":{"line":341,"column":16},"end":{"line":341,"column":64}},"type":"binary-expr","locations":[{"start":{"line":341,"column":16},"end":{"line":341,"column":28}},{"start":{"line":341,"column":32},"end":{"line":341,"column":64}}]},"36":{"loc":{"start":{"line":367,"column":16},"end":{"line":367,"column":64}},"type":"binary-expr","locations":[{"start":{"line":367,"column":16},"end":{"line":367,"column":28}},{"start":{"line":367,"column":32},"end":{"line":367,"column":64}}]}},"s":{"0":1,"1":1,"2":1,"3":1,"4":1,"5":1,"6":1,"7":1,"8":1,"9":1,"10":1,"11":1,"12":1,"13":1,"14":1,"15":1,"16":1,"17":1,"18":1,"19":29,"20":29,"21":29,"22":29,"23":29,"24":29,"25":29,"26":4,"27":4,"28":4,"29":4,"30":4,"31":1,"32":3,"33":2,"34":1,"35":1,"36":1,"37":1,"38":4,"39":4,"40":4,"41":1,"42":3,"43":2,"44":1,"45":1,"46":1,"47":1,"48":5,"49":5,"50":1,"51":4,"52":4,"53":1,"54":3,"55":2,"56":1,"57":1,"58":1,"59":1,"60":3,"61":1,"62":2,"63":2,"64":2,"65":2,"66":1,"67":1,"68":1,"69":1,"70":4,"71":4,"72":1,"73":3,"74":0,"75":3,"76":0,"77":3,"78":3,"79":1,"80":2,"81":2,"82":2,"83":2,"84":2,"85":2,"86":1,"87":1,"88":0,"89":0,"90":0,"91":0,"92":1,"93":1,"94":2,"95":2,"96":2,"97":2,"98":2,"99":2,"100":2,"101":2,"102":2,"103":2,"104":2,"105":2,"106":1,"107":1,"108":3,"109":1,"110":2,"111":2,"112":1,"113":1,"114":1,"115":1,"116":1,"117":1,"118":4,"119":4,"120":4,"121":4,"122":4,"123":4,"124":1,"125":3,"126":2,"127":1,"128":1,"129":1,"130":1,"131":1,"132":2,"133":2,"134":2,"135":1,"136":1,"137":1,"138":1,"139":1,"140":1,"141":1,"142":1,"143":1,"144":1,"145":1,"146":1,"147":1},"f":{"0":29,"1":4,"2":4,"3":5,"4":3,"5":4,"6":3,"7":4,"8":2},"b":{"0":[1],"1":[1],"2":[1,1],"3":[1,3],"4":[1],"5":[2,2],"6":[1,1],"7":[1],"8":[1,3],"9":[1],"10":[1,1],"11":[1],"12":[3,3,2],"13":[2],"14":[1,1],"15":[1],"16":[0],"17":[3,3],"18":[0],"19":[3,0],"20":[1],"21":[2],"22":[2],"23":[2,0],"24":[1],"25":[2,1],"26":[0],"27":[2,1],"28":[2],"29":[1,1],"30":[1],"31":[1],"32":[4],"33":[1],"34":[1],"35":[1,1],"36":[1,1]}}
,"/home/runner/work/LinkedOut/LinkedOut/backend/src/module/student/student.service.ts": {"path":"/home/runner/work/LinkedOut/LinkedOut/backend/src/module/student/student.service.ts","statementMap":{"0":{"start":{"line":2,"column":0},"end":{"line":2,"column":44}},"1":{"start":{"line":3,"column":0},"end":{"line":3,"column":57}},"2":{"start":{"line":8,"column":7},"end":{"line":58,"column":null}},"3":{"start":{"line":9,"column":22},"end":{"line":9,"column":41}},"4":{"start":{"line":13,"column":4},"end":{"line":13,"column":47}},"5":{"start":{"line":18,"column":4},"end":{"line":18,"column":67}},"6":{"start":{"line":23,"column":21},"end":{"line":23,"column":72}},"7":{"start":{"line":24,"column":4},"end":{"line":24,"column":55}},"8":{"start":{"line":29,"column":4},"end":{"line":29,"column":53}},"9":{"start":{"line":30,"column":4},"end":{"line":30,"column":67}},"10":{"start":{"line":35,"column":4},"end":{"line":35,"column":48}},"11":{"start":{"line":40,"column":4},"end":{"line":40,"column":70}},"12":{"start":{"line":45,"column":4},"end":{"line":47,"column":7}},"13":{"start":{"line":51,"column":20},"end":{"line":53,"column":6}},"14":{"start":{"line":54,"column":19},"end":{"line":54,"column":75}},"15":{"start":{"line":54,"column":52},"end":{"line":54,"column":74}},"16":{"start":{"line":56,"column":4},"end":{"line":56,"column":34}},"17":{"start":{"line":8,"column":13},"end":{"line":8,"column":27}},"18":{"start":{"line":8,"column":13},"end":{"line":58,"column":null}}},"fnMap":{"0":{"name":"(anonymous_2)","decl":{"start":{"line":9,"column":2},"end":{"line":9,"column":22}},"loc":{"start":{"line":9,"column":58},"end":{"line":9,"column":62}}},"1":{"name":"(anonymous_3)","decl":{"start":{"line":12,"column":2},"end":{"line":12,"column":7}},"loc":{"start":{"line":12,"column":15},"end":{"line":14,"column":3}}},"2":{"name":"(anonymous_4)","decl":{"start":{"line":17,"column":2},"end":{"line":17,"column":7}},"loc":{"start":{"line":17,"column":26},"end":{"line":19,"column":3}}},"3":{"name":"(anonymous_5)","decl":{"start":{"line":22,"column":2},"end":{"line":22,"column":7}},"loc":{"start":{"line":22,"column":31},"end":{"line":25,"column":3}}},"4":{"name":"(anonymous_6)","decl":{"start":{"line":28,"column":2},"end":{"line":28,"column":7}},"loc":{"start":{"line":28,"column":52},"end":{"line":31,"column":3}}},"5":{"name":"(anonymous_7)","decl":{"start":{"line":34,"column":2},"end":{"line":34,"column":7}},"loc":{"start":{"line":34,"column":25},"end":{"line":36,"column":3}}},"6":{"name":"(anonymous_8)","decl":{"start":{"line":39,"column":2},"end":{"line":39,"column":7}},"loc":{"start":{"line":39,"column":33},"end":{"line":41,"column":3}}},"7":{"name":"(anonymous_9)","decl":{"start":{"line":44,"column":2},"end":{"line":44,"column":7}},"loc":{"start":{"line":44,"column":36},"end":{"line":48,"column":3}}},"8":{"name":"(anonymous_10)","decl":{"start":{"line":50,"column":2},"end":{"line":50,"column":7}},"loc":{"start":{"line":50,"column":57},"end":{"line":57,"column":3}}},"9":{"name":"(anonymous_11)","decl":{"start":{"line":54,"column":40},"end":{"line":54,"column":41}},"loc":{"start":{"line":54,"column":52},"end":{"line":54,"column":74}}}},"branchMap":{"0":{"loc":{"start":{"line":56,"column":11},"end":{"line":56,"column":33}},"type":"cond-expr","locations":[{"start":{"line":56,"column":20},"end":{"line":56,"column":26}},{"start":{"line":56,"column":29},"end":{"line":56,"column":33}}]}},"s":{"0":3,"1":3,"2":3,"3":10,"4":1,"5":1,"6":1,"7":1,"8":1,"9":1,"10":1,"11":1,"12":1,"13":2,"14":2,"15":1,"16":2,"17":3,"18":3},"f":{"0":10,"1":1,"2":1,"3":1,"4":1,"5":1,"6":1,"7":1,"8":2,"9":1},"b":{"0":[1,1]}}
}
