{"/home/runner/work/LinkedOut/LinkedOut/backend/src/app/app.controller.ts": {"path":"/home/runner/work/LinkedOut/LinkedOut/backend/src/app/app.controller.ts","statementMap":{"0":{"start":{"line":1,"column":0},"end":{"line":1,"column":55}},"1":{"start":{"line":3,"column":0},"end":{"line":3,"column":null}},"2":{"start":{"line":12,"column":0},"end":{"line":12,"column":43}},"3":{"start":{"line":15,"column":7},"end":{"line":33,"column":null}},"4":{"start":{"line":16,"column":31},"end":{"line":16,"column":43}},"5":{"start":{"line":25,"column":4},"end":{"line":31,"column":null}},"6":{"start":{"line":27,"column":27},"end":{"line":27,"column":63}},"7":{"start":{"line":28,"column":6},"end":{"line":28,"column":63}},"8":{"start":{"line":30,"column":6},"end":{"line":30,"column":76}},"9":{"start":{"line":15,"column":13},"end":{"line":15,"column":26}},"10":{"start":{"line":20,"column":8},"end":{"line":32,"column":null}},"11":{"start":{"line":15,"column":13},"end":{"line":33,"column":null}}},"fnMap":{"0":{"name":"(anonymous_4)","decl":{"start":{"line":16,"column":2},"end":{"line":16,"column":31}},"loc":{"start":{"line":16,"column":53},"end":{"line":16,"column":57}}},"1":{"name":"(anonymous_5)","decl":{"start":{"line":20,"column":2},"end":{"line":20,"column":7}},"loc":{"start":{"line":23,"column":34},"end":{"line":32,"column":3}}}},"branchMap":{},"s":{"0":1,"1":1,"2":1,"3":1,"4":3,"5":2,"6":2,"7":1,"8":1,"9":1,"10":1,"11":1},"f":{"0":3,"1":2},"b":{}}
,"/home/runner/work/LinkedOut/LinkedOut/backend/src/app/app.service.ts": {"path":"/home/runner/work/LinkedOut/LinkedOut/backend/src/app/app.service.ts","statementMap":{"0":{"start":{"line":1,"column":0},"end":{"line":1,"column":44}},"1":{"start":{"line":2,"column":0},"end":{"line":2,"column":74}},"2":{"start":{"line":3,"column":0},"end":{"line":3,"column":62}},"3":{"start":{"line":4,"column":0},"end":{"line":4,"column":74}},"4":{"start":{"line":7,"column":7},"end":{"line":79,"column":null}},"5":{"start":{"line":9,"column":12},"end":{"line":9,"column":25}},"6":{"start":{"line":10,"column":12},"end":{"line":10,"column":21}},"7":{"start":{"line":11,"column":12},"end":{"line":11,"column":25}},"8":{"start":{"line":15,"column":30},"end":{"line":17,"column":38}},"9":{"start":{"line":19,"column":25},"end":{"line":23,"column":6}},"10":{"start":{"line":25,"column":28},"end":{"line":27,"column":44}},"11":{"start":{"line":27,"column":22},"end":{"line":27,"column":43}},"12":{"start":{"line":29,"column":4},"end":{"line":29,"column":27}},"13":{"start":{"line":33,"column":4},"end":{"line":45,"column":20}},"14":{"start":{"line":49,"column":4},"end":{"line":61,"column":20}},"15":{"start":{"line":65,"column":4},"end":{"line":77,"column":20}},"16":{"start":{"line":7,"column":13},"end":{"line":7,"column":23}},"17":{"start":{"line":7,"column":13},"end":{"line":79,"column":null}}},"fnMap":{"0":{"name":"(anonymous_2)","decl":{"start":{"line":8,"column":2},"end":{"line":8,"column":null}},"loc":{"start":{"line":11,"column":42},"end":{"line":12,"column":6}}},"1":{"name":"(anonymous_3)","decl":{"start":{"line":14,"column":2},"end":{"line":14,"column":7}},"loc":{"start":{"line":14,"column":30},"end":{"line":30,"column":3}}},"2":{"name":"(anonymous_4)","decl":{"start":{"line":27,"column":12},"end":{"line":27,"column":13}},"loc":{"start":{"line":27,"column":22},"end":{"line":27,"column":43}}},"3":{"name":"(anonymous_5)","decl":{"start":{"line":32,"column":10},"end":{"line":32,"column":22}},"loc":{"start":{"line":32,"column":38},"end":{"line":46,"column":3}}},"4":{"name":"(anonymous_6)","decl":{"start":{"line":48,"column":10},"end":{"line":48,"column":17}},"loc":{"start":{"line":48,"column":33},"end":{"line":62,"column":3}}},"5":{"name":"(anonymous_7)","decl":{"start":{"line":64,"column":10},"end":{"line":64,"column":21}},"loc":{"start":{"line":64,"column":37},"end":{"line":78,"column":3}}}},"branchMap":{},"s":{"0":2,"1":2,"2":2,"3":2,"4":2,"5":5,"6":5,"7":5,"8":1,"9":1,"10":1,"11":2,"12":1,"13":1,"14":1,"15":1,"16":2,"17":2},"f":{"0":5,"1":1,"2":2,"3":1,"4":1,"5":1},"b":{}}
,"/home/runner/work/LinkedOut/LinkedOut/backend/src/common/service/azureBlob.service.ts": {"path":"/home/runner/work/LinkedOut/LinkedOut/backend/src/common/service/azureBlob.service.ts","statementMap":{"0":{"start":{"line":1,"column":0},"end":{"line":1,"column":44}},"1":{"start":{"line":2,"column":0},"end":{"line":2,"column":73}},"2":{"start":{"line":5,"column":7},"end":{"line":34,"column":null}},"3":{"start":{"line":6,"column":2},"end":{"line":6,"column":50}},"4":{"start":{"line":7,"column":2},"end":{"line":7,"column":45}},"5":{"start":{"line":10,"column":30},"end":{"line":11,"column":null}},"6":{"start":{"line":13,"column":28},"end":{"line":14,"column":null}},"7":{"start":{"line":16,"column":23},"end":{"line":16,"column":68}},"8":{"start":{"line":17,"column":4},"end":{"line":17,"column":22}},"9":{"start":{"line":21,"column":21},"end":{"line":21,"column":72}},"10":{"start":{"line":22,"column":26},"end":{"line":22,"column":60}},"11":{"start":{"line":23,"column":27},"end":{"line":23,"column":57}},"12":{"start":{"line":24,"column":23},"end":{"line":24,"column":57}},"13":{"start":{"line":25,"column":4},"end":{"line":25,"column":45}},"14":{"start":{"line":27,"column":4},"end":{"line":27,"column":26}},"15":{"start":{"line":31,"column":23},"end":{"line":31,"column":51}},"16":{"start":{"line":32,"column":4},"end":{"line":32,"column":38}},"17":{"start":{"line":5,"column":13},"end":{"line":5,"column":29}},"18":{"start":{"line":5,"column":13},"end":{"line":34,"column":null}}},"fnMap":{"0":{"name":"(anonymous_1)","decl":{"start":{"line":5,"column":7},"end":{"line":5,"column":13}},"loc":{"start":{"line":5,"column":7},"end":{"line":34,"column":1}}},"1":{"name":"(anonymous_2)","decl":{"start":{"line":9,"column":2},"end":{"line":9,"column":15}},"loc":{"start":{"line":9,"column":33},"end":{"line":18,"column":3}}},"2":{"name":"(anonymous_3)","decl":{"start":{"line":20,"column":2},"end":{"line":20,"column":7}},"loc":{"start":{"line":20,"column":40},"end":{"line":28,"column":3}}},"3":{"name":"(anonymous_4)","decl":{"start":{"line":30,"column":2},"end":{"line":30,"column":7}},"loc":{"start":{"line":30,"column":31},"end":{"line":33,"column":3}}}},"branchMap":{},"s":{"0":6,"1":6,"2":6,"3":3,"4":3,"5":3,"6":3,"7":3,"8":3,"9":1,"10":1,"11":1,"12":1,"13":1,"14":1,"15":1,"16":1,"17":6,"18":6},"f":{"0":3,"1":3,"2":1,"3":1},"b":{}}
,"/home/runner/work/LinkedOut/LinkedOut/backend/src/common/service/databaseInitialize.service.ts": {"path":"/home/runner/work/LinkedOut/LinkedOut/backend/src/common/service/databaseInitialize.service.ts","statementMap":{"0":{"start":{"line":1,"column":0},"end":{"line":1,"column":58}},"1":{"start":{"line":2,"column":0},"end":{"line":2,"column":37}},"2":{"start":{"line":5,"column":7},"end":{"line":14,"column":null}},"3":{"start":{"line":6,"column":22},"end":{"line":6,"column":34}},"4":{"start":{"line":9,"column":24},"end":{"line":9,"column":59}},"5":{"start":{"line":10,"column":4},"end":{"line":10,"column":32}},"6":{"start":{"line":11,"column":4},"end":{"line":11,"column":71}},"7":{"start":{"line":12,"column":4},"end":{"line":12,"column":32}},"8":{"start":{"line":5,"column":13},"end":{"line":5,"column":39}},"9":{"start":{"line":5,"column":13},"end":{"line":14,"column":null}}},"fnMap":{"0":{"name":"(anonymous_2)","decl":{"start":{"line":6,"column":2},"end":{"line":6,"column":22}},"loc":{"start":{"line":6,"column":44},"end":{"line":6,"column":48}}},"1":{"name":"(anonymous_3)","decl":{"start":{"line":8,"column":2},"end":{"line":8,"column":7}},"loc":{"start":{"line":8,"column":20},"end":{"line":13,"column":3}}}},"branchMap":{},"s":{"0":1,"1":1,"2":1,"3":5,"4":4,"5":4,"6":4,"7":4,"8":1,"9":1},"f":{"0":5,"1":4},"b":{}}
,"/home/runner/work/LinkedOut/LinkedOut/backend/src/module/auth/auth.controller.ts": {"path":"/home/runner/work/LinkedOut/LinkedOut/backend/src/module/auth/auth.controller.ts","statementMap":{"0":{"start":{"line":1,"column":0},"end":{"line":1,"column":73}},"1":{"start":{"line":2,"column":0},"end":{"line":2,"column":45}},"2":{"start":{"line":3,"column":0},"end":{"line":3,"column":51}},"3":{"start":{"line":4,"column":0},"end":{"line":4,"column":41}},"4":{"start":{"line":5,"column":0},"end":{"line":5,"column":54}},"5":{"start":{"line":6,"column":0},"end":{"line":6,"column":60}},"6":{"start":{"line":8,"column":0},"end":{"line":8,"column":72}},"7":{"start":{"line":9,"column":0},"end":{"line":9,"column":66}},"8":{"start":{"line":13,"column":15},"end":{"line":15,"column":null}},"9":{"start":{"line":19,"column":7},"end":{"line":101,"column":null}},"10":{"start":{"line":21,"column":21},"end":{"line":21,"column":33}},"11":{"start":{"line":22,"column":21},"end":{"line":22,"column":34}},"12":{"start":{"line":23,"column":21},"end":{"line":23,"column":35}},"13":{"start":{"line":24,"column":21},"end":{"line":24,"column":37}},"14":{"start":{"line":33,"column":20},"end":{"line":33,"column":57}},"15":{"start":{"line":35,"column":4},"end":{"line":49,"column":null}},"16":{"start":{"line":37,"column":8},"end":{"line":42,"column":10}},"17":{"start":{"line":44,"column":8},"end":{"line":44,"column":79}},"18":{"start":{"line":46,"column":8},"end":{"line":48,"column":52}},"19":{"start":{"line":53,"column":19},"end":{"line":56,"column":6}},"20":{"start":{"line":58,"column":4},"end":{"line":58,"column":31}},"21":{"start":{"line":67,"column":4},"end":{"line":81,"column":null}},"22":{"start":{"line":68,"column":24},"end":{"line":68,"column":64}},"23":{"start":{"line":70,"column":6},"end":{"line":74,"column":null}},"24":{"start":{"line":71,"column":8},"end":{"line":71,"column":75}},"25":{"start":{"line":72,"column":13},"end":{"line":74,"column":null}},"26":{"start":{"line":73,"column":8},"end":{"line":73,"column":69}},"27":{"start":{"line":75,"column":20},"end":{"line":75,"column":64}},"28":{"start":{"line":76,"column":6},"end":{"line":78,"column":46}},"29":{"start":{"line":80,"column":6},"end":{"line":80,"column":76}},"30":{"start":{"line":90,"column":4},"end":{"line":99,"column":null}},"31":{"start":{"line":91,"column":22},"end":{"line":91,"column":54}},"32":{"start":{"line":92,"column":6},"end":{"line":94,"column":50}},"33":{"start":{"line":96,"column":6},"end":{"line":98,"column":50}},"34":{"start":{"line":19,"column":13},"end":{"line":19,"column":27}},"35":{"start":{"line":28,"column":8},"end":{"line":50,"column":null}},"36":{"start":{"line":85,"column":8},"end":{"line":100,"column":null}},"37":{"start":{"line":19,"column":13},"end":{"line":101,"column":null}}},"fnMap":{"0":{"name":"(anonymous_4)","decl":{"start":{"line":20,"column":2},"end":{"line":20,"column":null}},"loc":{"start":{"line":24,"column":51},"end":{"line":25,"column":6}}},"1":{"name":"(anonymous_5)","decl":{"start":{"line":28,"column":2},"end":{"line":28,"column":7}},"loc":{"start":{"line":31,"column":29},"end":{"line":50,"column":3}}},"2":{"name":"(anonymous_6)","decl":{"start":{"line":52,"column":2},"end":{"line":52,"column":7}},"loc":{"start":{"line":52,"column":41},"end":{"line":59,"column":3}}},"3":{"name":"(anonymous_7)","decl":{"start":{"line":61,"column":10},"end":{"line":61,"column":15}},"loc":{"start":{"line":65,"column":22},"end":{"line":82,"column":3}}},"4":{"name":"(anonymous_8)","decl":{"start":{"line":85,"column":2},"end":{"line":85,"column":7}},"loc":{"start":{"line":88,"column":29},"end":{"line":100,"column":3}}}},"branchMap":{"0":{"loc":{"start":{"line":35,"column":4},"end":{"line":49,"column":null}},"type":"switch","locations":[{"start":{"line":36,"column":6},"end":{"line":42,"column":10}},{"start":{"line":43,"column":6},"end":{"line":44,"column":79}},{"start":{"line":45,"column":6},"end":{"line":48,"column":52}}]},"1":{"loc":{"start":{"line":70,"column":6},"end":{"line":74,"column":null}},"type":"if","locations":[{"start":{"line":70,"column":6},"end":{"line":74,"column":null}},{"start":{"line":72,"column":13},"end":{"line":74,"column":null}}]},"2":{"loc":{"start":{"line":72,"column":13},"end":{"line":74,"column":null}},"type":"if","locations":[{"start":{"line":72,"column":13},"end":{"line":74,"column":null}}]}},"s":{"0":1,"1":1,"2":1,"3":1,"4":1,"5":1,"6":1,"7":1,"8":1,"9":1,"10":7,"11":7,"12":7,"13":7,"14":2,"15":2,"16":1,"17":1,"18":0,"19":0,"20":0,"21":2,"22":2,"23":2,"24":1,"25":1,"26":1,"27":2,"28":2,"29":0,"30":3,"31":3,"32":2,"33":1,"34":1,"35":1,"36":1,"37":1},"f":{"0":7,"1":2,"2":0,"3":2,"4":3},"b":{"0":[1,1,0],"1":[1,1],"2":[1]}}
,"/home/runner/work/LinkedOut/LinkedOut/backend/src/module/auth/auth.service.ts": {"path":"/home/runner/work/LinkedOut/LinkedOut/backend/src/module/auth/auth.service.ts","statementMap":{"0":{"start":{"line":1,"column":0},"end":{"line":1,"column":41}},"1":{"start":{"line":2,"column":0},"end":{"line":2,"column":44}},"2":{"start":{"line":3,"column":0},"end":{"line":3,"column":62}},"3":{"start":{"line":7,"column":7},"end":{"line":40,"column":null}},"4":{"start":{"line":9,"column":21},"end":{"line":9,"column":33}},"5":{"start":{"line":10,"column":21},"end":{"line":10,"column":35}},"6":{"start":{"line":14,"column":20},"end":{"line":19,"column":6}},"7":{"start":{"line":20,"column":4},"end":{"line":20,"column":41}},"8":{"start":{"line":24,"column":30},"end":{"line":25,"column":null}},"9":{"start":{"line":27,"column":4},"end":{"line":27,"column":31}},"10":{"start":{"line":31,"column":4},"end":{"line":33,"column":null}},"11":{"start":{"line":32,"column":6},"end":{"line":32,"column":35}},"12":{"start":{"line":35,"column":4},"end":{"line":38,"column":6}},"13":{"start":{"line":7,"column":13},"end":{"line":7,"column":24}},"14":{"start":{"line":7,"column":13},"end":{"line":40,"column":null}}},"fnMap":{"0":{"name":"(anonymous_2)","decl":{"start":{"line":8,"column":2},"end":{"line":8,"column":null}},"loc":{"start":{"line":10,"column":47},"end":{"line":11,"column":6}}},"1":{"name":"(anonymous_3)","decl":{"start":{"line":13,"column":2},"end":{"line":13,"column":18}},"loc":{"start":{"line":13,"column":40},"end":{"line":21,"column":3}}},"2":{"name":"(anonymous_4)","decl":{"start":{"line":23,"column":2},"end":{"line":23,"column":7}},"loc":{"start":{"line":23,"column":40},"end":{"line":28,"column":3}}},"3":{"name":"(anonymous_5)","decl":{"start":{"line":30,"column":2},"end":{"line":30,"column":13}},"loc":{"start":{"line":30,"column":17},"end":{"line":39,"column":3}}}},"branchMap":{"0":{"loc":{"start":{"line":31,"column":4},"end":{"line":33,"column":null}},"type":"if","locations":[{"start":{"line":31,"column":4},"end":{"line":33,"column":null}}]}},"s":{"0":9,"1":9,"2":9,"3":9,"4":5,"5":5,"6":1,"7":1,"8":1,"9":1,"10":2,"11":1,"12":1,"13":9,"14":9},"f":{"0":5,"1":1,"2":1,"3":2},"b":{"0":[1]}}
,"/home/runner/work/LinkedOut/LinkedOut/backend/src/module/company/company.controller.ts": {"path":"/home/runner/work/LinkedOut/LinkedOut/backend/src/module/company/company.controller.ts","statementMap":{"0":{"start":{"line":1,"column":0},"end":{"line":1,"column":33}},"1":{"start":{"line":2,"column":0},"end":{"line":2,"column":41}},"2":{"start":{"line":3,"column":0},"end":{"line":3,"column":43}},"3":{"start":{"line":4,"column":0},"end":{"line":4,"column":43}},"4":{"start":{"line":6,"column":0},"end":{"line":6,"column":51}},"5":{"start":{"line":7,"column":0},"end":{"line":7,"column":54}},"6":{"start":{"line":8,"column":0},"end":{"line":8,"column":55}},"7":{"start":{"line":9,"column":0},"end":{"line":9,"column":58}},"8":{"start":{"line":10,"column":0},"end":{"line":10,"column":59}},"9":{"start":{"line":11,"column":0},"end":{"line":11,"column":60}},"10":{"start":{"line":12,"column":0},"end":{"line":12,"column":62}},"11":{"start":{"line":13,"column":0},"end":{"line":13,"column":63}},"12":{"start":{"line":14,"column":0},"end":{"line":14,"column":66}},"13":{"start":{"line":15,"column":0},"end":{"line":15,"column":null}},"14":{"start":{"line":20,"column":0},"end":{"line":20,"column":null}},"15":{"start":{"line":35,"column":0},"end":{"line":35,"column":59}},"16":{"start":{"line":36,"column":0},"end":{"line":36,"column":72}},"17":{"start":{"line":37,"column":0},"end":{"line":37,"column":59}},"18":{"start":{"line":40,"column":7},"end":{"line":367,"column":null}},"19":{"start":{"line":42,"column":21},"end":{"line":42,"column":33}},"20":{"start":{"line":43,"column":21},"end":{"line":43,"column":34}},"21":{"start":{"line":44,"column":21},"end":{"line":44,"column":35}},"22":{"start":{"line":45,"column":21},"end":{"line":45,"column":35}},"23":{"start":{"line":46,"column":21},"end":{"line":46,"column":37}},"24":{"start":{"line":47,"column":21},"end":{"line":47,"column":37}},"25":{"start":{"line":48,"column":21},"end":{"line":48,"column":39}},"26":{"start":{"line":58,"column":4},"end":{"line":84,"column":null}},"27":{"start":{"line":59,"column":20},"end":{"line":59,"column":59}},"28":{"start":{"line":60,"column":27},"end":{"line":60,"column":74}},"29":{"start":{"line":61,"column":25},"end":{"line":62,"column":null}},"30":{"start":{"line":64,"column":6},"end":{"line":66,"column":null}},"31":{"start":{"line":65,"column":8},"end":{"line":65,"column":63}},"32":{"start":{"line":67,"column":27},"end":{"line":67,"column":77}},"33":{"start":{"line":68,"column":6},"end":{"line":72,"column":null}},"34":{"start":{"line":69,"column":8},"end":{"line":71,"column":51}},"35":{"start":{"line":73,"column":26},"end":{"line":73,"column":70}},"36":{"start":{"line":74,"column":6},"end":{"line":78,"column":8}},"37":{"start":{"line":79,"column":6},"end":{"line":79,"column":62}},"38":{"start":{"line":81,"column":6},"end":{"line":83,"column":42}},"39":{"start":{"line":95,"column":4},"end":{"line":118,"column":null}},"40":{"start":{"line":96,"column":25},"end":{"line":96,"column":79}},"41":{"start":{"line":97,"column":6},"end":{"line":113,"column":null}},"42":{"start":{"line":98,"column":8},"end":{"line":98,"column":63}},"43":{"start":{"line":100,"column":30},"end":{"line":100,"column":65}},"44":{"start":{"line":101,"column":8},"end":{"line":105,"column":null}},"45":{"start":{"line":102,"column":10},"end":{"line":104,"column":57}},"46":{"start":{"line":106,"column":28},"end":{"line":106,"column":78}},"47":{"start":{"line":107,"column":8},"end":{"line":111,"column":10}},"48":{"start":{"line":112,"column":8},"end":{"line":112,"column":64}},"49":{"start":{"line":115,"column":6},"end":{"line":117,"column":42}},"50":{"start":{"line":129,"column":4},"end":{"line":159,"column":null}},"51":{"start":{"line":130,"column":6},"end":{"line":134,"column":null}},"52":{"start":{"line":131,"column":8},"end":{"line":133,"column":52}},"53":{"start":{"line":135,"column":25},"end":{"line":136,"column":null}},"54":{"start":{"line":138,"column":6},"end":{"line":154,"column":null}},"55":{"start":{"line":139,"column":8},"end":{"line":139,"column":63}},"56":{"start":{"line":141,"column":24},"end":{"line":141,"column":61}},"57":{"start":{"line":142,"column":8},"end":{"line":146,"column":null}},"58":{"start":{"line":143,"column":10},"end":{"line":145,"column":53}},"59":{"start":{"line":147,"column":28},"end":{"line":147,"column":67}},"60":{"start":{"line":148,"column":8},"end":{"line":152,"column":10}},"61":{"start":{"line":153,"column":8},"end":{"line":153,"column":64}},"62":{"start":{"line":156,"column":6},"end":{"line":158,"column":42}},"63":{"start":{"line":170,"column":4},"end":{"line":173,"column":6}},"64":{"start":{"line":174,"column":4},"end":{"line":182,"column":null}},"65":{"start":{"line":179,"column":6},"end":{"line":181,"column":52}},"66":{"start":{"line":183,"column":4},"end":{"line":202,"column":null}},"67":{"start":{"line":184,"column":6},"end":{"line":186,"column":null}},"68":{"start":{"line":185,"column":8},"end":{"line":185,"column":66}},"69":{"start":{"line":187,"column":31},"end":{"line":187,"column":72}},"70":{"start":{"line":188,"column":26},"end":{"line":188,"column":74}},"71":{"start":{"line":189,"column":6},"end":{"line":193,"column":8}},"72":{"start":{"line":194,"column":20},"end":{"line":194,"column":71}},"73":{"start":{"line":195,"column":6},"end":{"line":197,"column":47}},"74":{"start":{"line":199,"column":6},"end":{"line":201,"column":42}},"75":{"start":{"line":217,"column":4},"end":{"line":271,"column":null}},"76":{"start":{"line":218,"column":6},"end":{"line":222,"column":null}},"77":{"start":{"line":219,"column":8},"end":{"line":221,"column":52}},"78":{"start":{"line":223,"column":26},"end":{"line":223,"column":63}},"79":{"start":{"line":224,"column":27},"end":{"line":225,"column":null}},"80":{"start":{"line":227,"column":6},"end":{"line":234,"column":null}},"81":{"start":{"line":231,"column":8},"end":{"line":233,"column":52}},"82":{"start":{"line":235,"column":6},"end":{"line":246,"column":null}},"83":{"start":{"line":236,"column":8},"end":{"line":239,"column":10}},"84":{"start":{"line":240,"column":8},"end":{"line":240,"column":35}},"85":{"start":{"line":242,"column":8},"end":{"line":245,"column":10}},"86":{"start":{"line":247,"column":6},"end":{"line":253,"column":null}},"87":{"start":{"line":248,"column":8},"end":{"line":251,"column":13}},"88":{"start":{"line":252,"column":8},"end":{"line":252,"column":66}},"89":{"start":{"line":254,"column":28},"end":{"line":254,"column":73}},"90":{"start":{"line":255,"column":6},"end":{"line":259,"column":null}},"91":{"start":{"line":256,"column":8},"end":{"line":258,"column":51}},"92":{"start":{"line":260,"column":26},"end":{"line":260,"column":71}},"93":{"start":{"line":261,"column":6},"end":{"line":265,"column":8}},"94":{"start":{"line":266,"column":6},"end":{"line":266,"column":62}},"95":{"start":{"line":268,"column":6},"end":{"line":270,"column":42}},"96":{"start":{"line":282,"column":4},"end":{"line":286,"column":null}},"97":{"start":{"line":283,"column":6},"end":{"line":285,"column":50}},"98":{"start":{"line":287,"column":20},"end":{"line":287,"column":57}},"99":{"start":{"line":288,"column":4},"end":{"line":292,"column":null}},"100":{"start":{"line":289,"column":6},"end":{"line":291,"column":48}},"101":{"start":{"line":293,"column":4},"end":{"line":293,"column":41}},"102":{"start":{"line":294,"column":4},"end":{"line":294,"column":63}},"103":{"start":{"line":295,"column":4},"end":{"line":295,"column":72}},"104":{"start":{"line":296,"column":4},"end":{"line":298,"column":58}},"105":{"start":{"line":308,"column":4},"end":{"line":339,"column":null}},"106":{"start":{"line":309,"column":34},"end":{"line":309,"column":59}},"107":{"start":{"line":310,"column":6},"end":{"line":318,"column":null}},"108":{"start":{"line":311,"column":21},"end":{"line":311,"column":60}},"109":{"start":{"line":312,"column":27},"end":{"line":313,"column":null}},"110":{"start":{"line":315,"column":8},"end":{"line":317,"column":null}},"111":{"start":{"line":316,"column":10},"end":{"line":316,"column":76}},"112":{"start":{"line":319,"column":22},"end":{"line":319,"column":76}},"113":{"start":{"line":320,"column":6},"end":{"line":327,"column":null}},"114":{"start":{"line":324,"column":8},"end":{"line":326,"column":52}},"115":{"start":{"line":328,"column":20},"end":{"line":328,"column":62}},"116":{"start":{"line":329,"column":6},"end":{"line":333,"column":8}},"117":{"start":{"line":334,"column":6},"end":{"line":334,"column":60}},"118":{"start":{"line":336,"column":6},"end":{"line":338,"column":42}},"119":{"start":{"line":350,"column":4},"end":{"line":365,"column":null}},"120":{"start":{"line":351,"column":20},"end":{"line":351,"column":59}},"121":{"start":{"line":352,"column":6},"end":{"line":352,"column":65}},"122":{"start":{"line":353,"column":6},"end":{"line":357,"column":8}},"123":{"start":{"line":358,"column":6},"end":{"line":360,"column":51}},"124":{"start":{"line":362,"column":6},"end":{"line":364,"column":42}},"125":{"start":{"line":40,"column":13},"end":{"line":40,"column":30}},"126":{"start":{"line":54,"column":8},"end":{"line":85,"column":null}},"127":{"start":{"line":91,"column":8},"end":{"line":119,"column":null}},"128":{"start":{"line":125,"column":8},"end":{"line":160,"column":null}},"129":{"start":{"line":165,"column":8},"end":{"line":203,"column":null}},"130":{"start":{"line":210,"column":8},"end":{"line":272,"column":null}},"131":{"start":{"line":278,"column":8},"end":{"line":299,"column":null}},"132":{"start":{"line":303,"column":8},"end":{"line":340,"column":null}},"133":{"start":{"line":346,"column":8},"end":{"line":366,"column":null}},"134":{"start":{"line":40,"column":13},"end":{"line":367,"column":null}}},"fnMap":{"0":{"name":"(anonymous_4)","decl":{"start":{"line":41,"column":2},"end":{"line":41,"column":null}},"loc":{"start":{"line":48,"column":55},"end":{"line":49,"column":6}}},"1":{"name":"(anonymous_5)","decl":{"start":{"line":54,"column":2},"end":{"line":54,"column":7}},"loc":{"start":{"line":56,"column":29},"end":{"line":85,"column":3}}},"2":{"name":"(anonymous_6)","decl":{"start":{"line":91,"column":2},"end":{"line":91,"column":7}},"loc":{"start":{"line":93,"column":29},"end":{"line":119,"column":3}}},"3":{"name":"(anonymous_7)","decl":{"start":{"line":125,"column":2},"end":{"line":125,"column":7}},"loc":{"start":{"line":127,"column":29},"end":{"line":160,"column":3}}},"4":{"name":"(anonymous_8)","decl":{"start":{"line":165,"column":2},"end":{"line":165,"column":7}},"loc":{"start":{"line":168,"column":29},"end":{"line":203,"column":3}}},"5":{"name":"(anonymous_9)","decl":{"start":{"line":210,"column":2},"end":{"line":210,"column":7}},"loc":{"start":{"line":215,"column":29},"end":{"line":272,"column":3}}},"6":{"name":"(anonymous_10)","decl":{"start":{"line":278,"column":2},"end":{"line":278,"column":7}},"loc":{"start":{"line":280,"column":29},"end":{"line":299,"column":3}}},"7":{"name":"(anonymous_11)","decl":{"start":{"line":303,"column":2},"end":{"line":303,"column":7}},"loc":{"start":{"line":306,"column":29},"end":{"line":340,"column":3}}},"8":{"name":"(anonymous_12)","decl":{"start":{"line":346,"column":2},"end":{"line":346,"column":7}},"loc":{"start":{"line":348,"column":29},"end":{"line":366,"column":3}}}},"branchMap":{"0":{"loc":{"start":{"line":64,"column":6},"end":{"line":66,"column":null}},"type":"if","locations":[{"start":{"line":64,"column":6},"end":{"line":66,"column":null}}]},"1":{"loc":{"start":{"line":68,"column":6},"end":{"line":72,"column":null}},"type":"if","locations":[{"start":{"line":68,"column":6},"end":{"line":72,"column":null}}]},"2":{"loc":{"start":{"line":82,"column":16},"end":{"line":82,"column":64}},"type":"binary-expr","locations":[{"start":{"line":82,"column":16},"end":{"line":82,"column":28}},{"start":{"line":82,"column":32},"end":{"line":82,"column":64}}]},"3":{"loc":{"start":{"line":97,"column":6},"end":{"line":113,"column":null}},"type":"if","locations":[{"start":{"line":97,"column":6},"end":{"line":113,"column":null}},{"start":{"line":99,"column":13},"end":{"line":113,"column":null}}]},"4":{"loc":{"start":{"line":101,"column":8},"end":{"line":105,"column":null}},"type":"if","locations":[{"start":{"line":101,"column":8},"end":{"line":105,"column":null}}]},"5":{"loc":{"start":{"line":101,"column":12},"end":{"line":101,"column":56}},"type":"binary-expr","locations":[{"start":{"line":101,"column":12},"end":{"line":101,"column":26}},{"start":{"line":101,"column":30},"end":{"line":101,"column":56}}]},"6":{"loc":{"start":{"line":116,"column":16},"end":{"line":116,"column":64}},"type":"binary-expr","locations":[{"start":{"line":116,"column":16},"end":{"line":116,"column":28}},{"start":{"line":116,"column":32},"end":{"line":116,"column":64}}]},"7":{"loc":{"start":{"line":130,"column":6},"end":{"line":134,"column":null}},"type":"if","locations":[{"start":{"line":130,"column":6},"end":{"line":134,"column":null}}]},"8":{"loc":{"start":{"line":138,"column":6},"end":{"line":154,"column":null}},"type":"if","locations":[{"start":{"line":138,"column":6},"end":{"line":154,"column":null}},{"start":{"line":140,"column":13},"end":{"line":154,"column":null}}]},"9":{"loc":{"start":{"line":142,"column":8},"end":{"line":146,"column":null}},"type":"if","locations":[{"start":{"line":142,"column":8},"end":{"line":146,"column":null}}]},"10":{"loc":{"start":{"line":157,"column":16},"end":{"line":157,"column":64}},"type":"binary-expr","locations":[{"start":{"line":157,"column":16},"end":{"line":157,"column":28}},{"start":{"line":157,"column":32},"end":{"line":157,"column":64}}]},"11":{"loc":{"start":{"line":174,"column":4},"end":{"line":182,"column":null}},"type":"if","locations":[{"start":{"line":174,"column":4},"end":{"line":182,"column":null}}]},"12":{"loc":{"start":{"line":175,"column":6},"end":{"line":177,"column":60}},"type":"binary-expr","locations":[{"start":{"line":175,"column":7},"end":{"line":175,"column":57}},{"start":{"line":176,"column":7},"end":{"line":176,"column":59}},{"start":{"line":177,"column":7},"end":{"line":177,"column":59}}]},"13":{"loc":{"start":{"line":184,"column":6},"end":{"line":186,"column":null}},"type":"if","locations":[{"start":{"line":184,"column":6},"end":{"line":186,"column":null}}]},"14":{"loc":{"start":{"line":200,"column":16},"end":{"line":200,"column":64}},"type":"binary-expr","locations":[{"start":{"line":200,"column":16},"end":{"line":200,"column":28}},{"start":{"line":200,"column":32},"end":{"line":200,"column":64}}]},"15":{"loc":{"start":{"line":218,"column":6},"end":{"line":222,"column":null}},"type":"if","locations":[{"start":{"line":218,"column":6},"end":{"line":222,"column":null}}]},"16":{"loc":{"start":{"line":227,"column":6},"end":{"line":234,"column":null}},"type":"if","locations":[{"start":{"line":227,"column":6},"end":{"line":234,"column":null}}]},"17":{"loc":{"start":{"line":228,"column":8},"end":{"line":229,"column":30}},"type":"binary-expr","locations":[{"start":{"line":228,"column":8},"end":{"line":228,"column":71}},{"start":{"line":229,"column":8},"end":{"line":229,"column":30}}]},"18":{"loc":{"start":{"line":235,"column":6},"end":{"line":246,"column":null}},"type":"if","locations":[{"start":{"line":235,"column":6},"end":{"line":246,"column":null}},{"start":{"line":241,"column":13},"end":{"line":246,"column":null}}]},"19":{"loc":{"start":{"line":247,"column":6},"end":{"line":253,"column":null}},"type":"if","locations":[{"start":{"line":247,"column":6},"end":{"line":253,"column":null}}]},"20":{"loc":{"start":{"line":248,"column":8},"end":{"line":251,"column":12}},"type":"binary-expr","locations":[{"start":{"line":248,"column":8},"end":{"line":248,"column":26}},{"start":{"line":249,"column":11},"end":{"line":250,"column":null}}]},"21":{"loc":{"start":{"line":255,"column":6},"end":{"line":259,"column":null}},"type":"if","locations":[{"start":{"line":255,"column":6},"end":{"line":259,"column":null}}]},"22":{"loc":{"start":{"line":269,"column":16},"end":{"line":269,"column":64}},"type":"binary-expr","locations":[{"start":{"line":269,"column":16},"end":{"line":269,"column":28}},{"start":{"line":269,"column":32},"end":{"line":269,"column":64}}]},"23":{"loc":{"start":{"line":282,"column":4},"end":{"line":286,"column":null}},"type":"if","locations":[{"start":{"line":282,"column":4},"end":{"line":286,"column":null}}]},"24":{"loc":{"start":{"line":288,"column":4},"end":{"line":292,"column":null}},"type":"if","locations":[{"start":{"line":288,"column":4},"end":{"line":292,"column":null}}]},"25":{"loc":{"start":{"line":310,"column":6},"end":{"line":318,"column":null}},"type":"if","locations":[{"start":{"line":310,"column":6},"end":{"line":318,"column":null}}]},"26":{"loc":{"start":{"line":315,"column":8},"end":{"line":317,"column":null}},"type":"if","locations":[{"start":{"line":315,"column":8},"end":{"line":317,"column":null}}]},"27":{"loc":{"start":{"line":320,"column":6},"end":{"line":327,"column":null}},"type":"if","locations":[{"start":{"line":320,"column":6},"end":{"line":327,"column":null}}]},"28":{"loc":{"start":{"line":321,"column":8},"end":{"line":322,"column":69}},"type":"binary-expr","locations":[{"start":{"line":321,"column":8},"end":{"line":321,"column":16}},{"start":{"line":322,"column":8},"end":{"line":322,"column":69}}]},"29":{"loc":{"start":{"line":337,"column":16},"end":{"line":337,"column":64}},"type":"binary-expr","locations":[{"start":{"line":337,"column":16},"end":{"line":337,"column":28}},{"start":{"line":337,"column":32},"end":{"line":337,"column":64}}]},"30":{"loc":{"start":{"line":363,"column":16},"end":{"line":363,"column":64}},"type":"binary-expr","locations":[{"start":{"line":363,"column":16},"end":{"line":363,"column":28}},{"start":{"line":363,"column":32},"end":{"line":363,"column":64}}]}},"s":{"0":1,"1":1,"2":1,"3":1,"4":1,"5":1,"6":1,"7":1,"8":1,"9":1,"10":1,"11":1,"12":1,"13":1,"14":1,"15":1,"16":1,"17":1,"18":1,"19":31,"20":31,"21":31,"22":31,"23":31,"24":31,"25":31,"26":4,"27":4,"28":4,"29":4,"30":3,"31":1,"32":2,"33":2,"34":1,"35":1,"36":1,"37":1,"38":1,"39":4,"40":4,"41":3,"42":1,"43":2,"44":2,"45":1,"46":1,"47":1,"48":1,"49":1,"50":5,"51":5,"52":1,"53":4,"54":3,"55":1,"56":2,"57":2,"58":1,"59":1,"60":1,"61":1,"62":1,"63":3,"64":3,"65":1,"66":2,"67":2,"68":1,"69":2,"70":2,"71":1,"72":1,"73":1,"74":1,"75":5,"76":5,"77":1,"78":4,"79":3,"80":3,"81":1,"82":2,"83":2,"84":2,"85":0,"86":2,"87":2,"88":2,"89":2,"90":2,"91":1,"92":1,"93":1,"94":1,"95":1,"96":3,"97":1,"98":2,"99":2,"100":1,"101":1,"102":1,"103":1,"104":1,"105":4,"106":4,"107":4,"108":4,"109":4,"110":3,"111":1,"112":2,"113":2,"114":1,"115":1,"116":1,"117":1,"118":1,"119":2,"120":2,"121":2,"122":1,"123":1,"124":1,"125":1,"126":1,"127":1,"128":1,"129":1,"130":1,"131":1,"132":1,"133":1,"134":1},"f":{"0":31,"1":4,"2":4,"3":5,"4":3,"5":5,"6":3,"7":4,"8":2},"b":{"0":[1],"1":[1],"2":[1,1],"3":[1,2],"4":[1],"5":[2,2],"6":[1,1],"7":[1],"8":[1,2],"9":[1],"10":[1,1],"11":[1],"12":[3,2,2],"13":[1],"14":[1,1],"15":[1],"16":[1],"17":[3,2],"18":[2,0],"19":[2],"20":[2,2],"21":[1],"22":[1,1],"23":[1],"24":[1],"25":[4],"26":[1],"27":[1],"28":[2,2],"29":[1,1],"30":[1,1]}}
,"/home/runner/work/LinkedOut/LinkedOut/backend/src/module/company/company.service.ts": {"path":"/home/runner/work/LinkedOut/LinkedOut/backend/src/module/company/company.service.ts","statementMap":{"0":{"start":{"line":2,"column":0},"end":{"line":2,"column":44}},"1":{"start":{"line":3,"column":0},"end":{"line":3,"column":57}},"2":{"start":{"line":7,"column":7},"end":{"line":48,"column":null}},"3":{"start":{"line":8,"column":22},"end":{"line":8,"column":41}},"4":{"start":{"line":12,"column":4},"end":{"line":12,"column":47}},"5":{"start":{"line":17,"column":4},"end":{"line":17,"column":67}},"6":{"start":{"line":22,"column":23},"end":{"line":22,"column":74}},"7":{"start":{"line":23,"column":4},"end":{"line":23,"column":57}},"8":{"start":{"line":28,"column":4},"end":{"line":28,"column":53}},"9":{"start":{"line":29,"column":4},"end":{"line":29,"column":67}},"10":{"start":{"line":34,"column":4},"end":{"line":34,"column":48}},"11":{"start":{"line":39,"column":4},"end":{"line":39,"column":70}},"12":{"start":{"line":44,"column":4},"end":{"line":46,"column":7}},"13":{"start":{"line":7,"column":13},"end":{"line":7,"column":27}},"14":{"start":{"line":7,"column":13},"end":{"line":48,"column":null}}},"fnMap":{"0":{"name":"(anonymous_2)","decl":{"start":{"line":8,"column":2},"end":{"line":8,"column":22}},"loc":{"start":{"line":8,"column":58},"end":{"line":8,"column":62}}},"1":{"name":"(anonymous_3)","decl":{"start":{"line":11,"column":2},"end":{"line":11,"column":7}},"loc":{"start":{"line":11,"column":15},"end":{"line":13,"column":3}}},"2":{"name":"(anonymous_4)","decl":{"start":{"line":16,"column":2},"end":{"line":16,"column":7}},"loc":{"start":{"line":16,"column":26},"end":{"line":18,"column":3}}},"3":{"name":"(anonymous_5)","decl":{"start":{"line":21,"column":2},"end":{"line":21,"column":7}},"loc":{"start":{"line":21,"column":31},"end":{"line":24,"column":3}}},"4":{"name":"(anonymous_6)","decl":{"start":{"line":27,"column":2},"end":{"line":27,"column":7}},"loc":{"start":{"line":27,"column":52},"end":{"line":30,"column":3}}},"5":{"name":"(anonymous_7)","decl":{"start":{"line":33,"column":2},"end":{"line":33,"column":7}},"loc":{"start":{"line":33,"column":25},"end":{"line":35,"column":3}}},"6":{"name":"(anonymous_8)","decl":{"start":{"line":38,"column":2},"end":{"line":38,"column":7}},"loc":{"start":{"line":38,"column":33},"end":{"line":40,"column":3}}},"7":{"name":"(anonymous_9)","decl":{"start":{"line":43,"column":2},"end":{"line":43,"column":7}},"loc":{"start":{"line":43,"column":36},"end":{"line":47,"column":3}}}},"branchMap":{},"s":{"0":5,"1":5,"2":5,"3":8,"4":1,"5":1,"6":1,"7":1,"8":1,"9":1,"10":1,"11":1,"12":1,"13":5,"14":5},"f":{"0":8,"1":1,"2":1,"3":1,"4":1,"5":1,"6":1,"7":1},"b":{}}
,"/home/runner/work/LinkedOut/LinkedOut/backend/src/module/internship/internship.controller.ts": {"path":"/home/runner/work/LinkedOut/LinkedOut/backend/src/module/internship/internship.controller.ts","statementMap":{"0":{"start":{"line":2,"column":0},"end":{"line":2,"column":55}},"1":{"start":{"line":3,"column":0},"end":{"line":3,"column":58}},"2":{"start":{"line":4,"column":0},"end":{"line":4,"column":null}},"3":{"start":{"line":18,"column":0},"end":{"line":18,"column":70}},"4":{"start":{"line":19,"column":0},"end":{"line":19,"column":60}},"5":{"start":{"line":20,"column":0},"end":{"line":20,"column":54}},"6":{"start":{"line":21,"column":0},"end":{"line":21,"column":41}},"7":{"start":{"line":22,"column":0},"end":{"line":22,"column":66}},"8":{"start":{"line":23,"column":0},"end":{"line":23,"column":78}},"9":{"start":{"line":24,"column":0},"end":{"line":24,"column":48}},"10":{"start":{"line":25,"column":0},"end":{"line":25,"column":69}},"11":{"start":{"line":26,"column":0},"end":{"line":26,"column":75}},"12":{"start":{"line":27,"column":0},"end":{"line":27,"column":49}},"13":{"start":{"line":28,"column":0},"end":{"line":28,"column":65}},"14":{"start":{"line":29,"column":0},"end":{"line":29,"column":65}},"15":{"start":{"line":30,"column":0},"end":{"line":30,"column":72}},"16":{"start":{"line":31,"column":0},"end":{"line":31,"column":59}},"17":{"start":{"line":32,"column":0},"end":{"line":32,"column":36}},"18":{"start":{"line":35,"column":7},"end":{"line":267,"column":null}},"19":{"start":{"line":37,"column":21},"end":{"line":37,"column":33}},"20":{"start":{"line":38,"column":21},"end":{"line":38,"column":37}},"21":{"start":{"line":39,"column":21},"end":{"line":39,"column":33}},"22":{"start":{"line":40,"column":21},"end":{"line":40,"column":43}},"23":{"start":{"line":41,"column":21},"end":{"line":41,"column":40}},"24":{"start":{"line":42,"column":21},"end":{"line":42,"column":43}},"25":{"start":{"line":43,"column":21},"end":{"line":43,"column":35}},"26":{"start":{"line":44,"column":21},"end":{"line":44,"column":39}},"27":{"start":{"line":57,"column":4},"end":{"line":124,"column":null}},"28":{"start":{"line":58,"column":20},"end":{"line":58,"column":59}},"29":{"start":{"line":59,"column":27},"end":{"line":59,"column":74}},"30":{"start":{"line":60,"column":22},"end":{"line":60,"column":72}},"31":{"start":{"line":61,"column":6},"end":{"line":65,"column":null}},"32":{"start":{"line":62,"column":8},"end":{"line":64,"column":51}},"33":{"start":{"line":68,"column":8},"end":{"line":69,"column":null}},"34":{"start":{"line":72,"column":6},"end":{"line":94,"column":null}},"35":{"start":{"line":73,"column":20},"end":{"line":73,"column":69}},"36":{"start":{"line":73,"column":51},"end":{"line":73,"column":68}},"37":{"start":{"line":74,"column":8},"end":{"line":80,"column":null}},"38":{"start":{"line":75,"column":10},"end":{"line":79,"column":14}},"39":{"start":{"line":83,"column":30},"end":{"line":83,"column":49}},"40":{"start":{"line":84,"column":8},"end":{"line":84,"column":40}},"41":{"start":{"line":85,"column":20},"end":{"line":85,"column":53}},"42":{"start":{"line":86,"column":8},"end":{"line":86,"column":32}},"43":{"start":{"line":87,"column":23},"end":{"line":89,"column":null}},"44":{"start":{"line":91,"column":8},"end":{"line":91,"column":38}},"45":{"start":{"line":92,"column":8},"end":{"line":93,"column":64}},"46":{"start":{"line":96,"column":29},"end":{"line":97,"column":null}},"47":{"start":{"line":99,"column":6},"end":{"line":109,"column":null}},"48":{"start":{"line":100,"column":27},"end":{"line":101,"column":null}},"49":{"start":{"line":101,"column":26},"end":{"line":101,"column":77}},"50":{"start":{"line":103,"column":8},"end":{"line":108,"column":null}},"51":{"start":{"line":104,"column":10},"end":{"line":104,"column":61}},"52":{"start":{"line":105,"column":10},"end":{"line":107,"column":65}},"53":{"start":{"line":111,"column":25},"end":{"line":111,"column":41}},"54":{"start":{"line":112,"column":6},"end":{"line":112,"column":50}},"55":{"start":{"line":115,"column":20},"end":{"line":115,"column":60}},"56":{"start":{"line":116,"column":6},"end":{"line":116,"column":31}},"57":{"start":{"line":118,"column":28},"end":{"line":118,"column":75}},"58":{"start":{"line":119,"column":6},"end":{"line":119,"column":69}},"59":{"start":{"line":121,"column":6},"end":{"line":123,"column":42}},"60":{"start":{"line":132,"column":4},"end":{"line":144,"column":null}},"61":{"start":{"line":133,"column":26},"end":{"line":133,"column":64}},"62":{"start":{"line":134,"column":6},"end":{"line":138,"column":null}},"63":{"start":{"line":135,"column":8},"end":{"line":137,"column":54}},"64":{"start":{"line":139,"column":6},"end":{"line":139,"column":62}},"65":{"start":{"line":141,"column":6},"end":{"line":143,"column":42}},"66":{"start":{"line":154,"column":4},"end":{"line":166,"column":null}},"67":{"start":{"line":155,"column":25},"end":{"line":155,"column":65}},"68":{"start":{"line":156,"column":6},"end":{"line":160,"column":null}},"69":{"start":{"line":157,"column":8},"end":{"line":159,"column":54}},"70":{"start":{"line":161,"column":6},"end":{"line":161,"column":61}},"71":{"start":{"line":163,"column":6},"end":{"line":165,"column":42}},"72":{"start":{"line":181,"column":4},"end":{"line":219,"column":null}},"73":{"start":{"line":182,"column":29},"end":{"line":182,"column":69}},"74":{"start":{"line":183,"column":30},"end":{"line":183,"column":59}},"75":{"start":{"line":184,"column":6},"end":{"line":197,"column":null}},"76":{"start":{"line":188,"column":8},"end":{"line":194,"column":null}},"77":{"start":{"line":188,"column":21},"end":{"line":188,"column":47}},"78":{"start":{"line":189,"column":27},"end":{"line":189,"column":45}},"79":{"start":{"line":190,"column":10},"end":{"line":193,"column":null}},"80":{"start":{"line":191,"column":12},"end":{"line":191,"column":78}},"81":{"start":{"line":192,"column":12},"end":{"line":192,"column":41}},"82":{"start":{"line":195,"column":8},"end":{"line":195,"column":43}},"83":{"start":{"line":196,"column":8},"end":{"line":196,"column":46}},"84":{"start":{"line":199,"column":8},"end":{"line":199,"column":69}},"85":{"start":{"line":200,"column":6},"end":{"line":210,"column":null}},"86":{"start":{"line":201,"column":28},"end":{"line":202,"column":null}},"87":{"start":{"line":204,"column":31},"end":{"line":204,"column":58}},"88":{"start":{"line":205,"column":8},"end":{"line":205,"column":37}},"89":{"start":{"line":206,"column":8},"end":{"line":206,"column":43}},"90":{"start":{"line":207,"column":8},"end":{"line":207,"column":41}},"91":{"start":{"line":208,"column":32},"end":{"line":208,"column":68}},"92":{"start":{"line":209,"column":8},"end":{"line":209,"column":46}},"93":{"start":{"line":211,"column":32},"end":{"line":213,"column":33}},"94":{"start":{"line":214,"column":6},"end":{"line":214,"column":68}},"95":{"start":{"line":216,"column":6},"end":{"line":218,"column":42}},"96":{"start":{"line":230,"column":4},"end":{"line":242,"column":null}},"97":{"start":{"line":231,"column":26},"end":{"line":231,"column":76}},"98":{"start":{"line":232,"column":6},"end":{"line":236,"column":null}},"99":{"start":{"line":233,"column":8},"end":{"line":235,"column":54}},"100":{"start":{"line":237,"column":6},"end":{"line":237,"column":62}},"101":{"start":{"line":239,"column":6},"end":{"line":241,"column":42}},"102":{"start":{"line":253,"column":4},"end":{"line":265,"column":null}},"103":{"start":{"line":254,"column":26},"end":{"line":254,"column":70}},"104":{"start":{"line":255,"column":6},"end":{"line":259,"column":null}},"105":{"start":{"line":256,"column":8},"end":{"line":258,"column":54}},"106":{"start":{"line":260,"column":6},"end":{"line":260,"column":62}},"107":{"start":{"line":262,"column":6},"end":{"line":264,"column":42}},"108":{"start":{"line":35,"column":13},"end":{"line":35,"column":33}},"109":{"start":{"line":51,"column":8},"end":{"line":125,"column":null}},"110":{"start":{"line":131,"column":8},"end":{"line":145,"column":null}},"111":{"start":{"line":150,"column":8},"end":{"line":167,"column":null}},"112":{"start":{"line":174,"column":8},"end":{"line":220,"column":null}},"113":{"start":{"line":226,"column":8},"end":{"line":243,"column":null}},"114":{"start":{"line":249,"column":8},"end":{"line":266,"column":null}},"115":{"start":{"line":35,"column":13},"end":{"line":267,"column":null}}},"fnMap":{"0":{"name":"(anonymous_4)","decl":{"start":{"line":36,"column":2},"end":{"line":36,"column":null}},"loc":{"start":{"line":44,"column":55},"end":{"line":45,"column":6}}},"1":{"name":"(anonymous_5)","decl":{"start":{"line":51,"column":2},"end":{"line":51,"column":7}},"loc":{"start":{"line":55,"column":38},"end":{"line":125,"column":3}}},"2":{"name":"(anonymous_6)","decl":{"start":{"line":73,"column":42},"end":{"line":73,"column":43}},"loc":{"start":{"line":73,"column":51},"end":{"line":73,"column":68}}},"3":{"name":"(anonymous_7)","decl":{"start":{"line":101,"column":10},"end":{"line":101,"column":11}},"loc":{"start":{"line":101,"column":26},"end":{"line":101,"column":77}}},"4":{"name":"(anonymous_8)","decl":{"start":{"line":131,"column":2},"end":{"line":131,"column":7}},"loc":{"start":{"line":131,"column":41},"end":{"line":145,"column":3}}},"5":{"name":"(anonymous_9)","decl":{"start":{"line":150,"column":2},"end":{"line":150,"column":7}},"loc":{"start":{"line":152,"column":27},"end":{"line":167,"column":3}}},"6":{"name":"(anonymous_10)","decl":{"start":{"line":174,"column":2},"end":{"line":174,"column":7}},"loc":{"start":{"line":179,"column":43},"end":{"line":220,"column":3}}},"7":{"name":"(anonymous_11)","decl":{"start":{"line":226,"column":2},"end":{"line":226,"column":7}},"loc":{"start":{"line":228,"column":27},"end":{"line":243,"column":3}}},"8":{"name":"(anonymous_12)","decl":{"start":{"line":249,"column":2},"end":{"line":249,"column":7}},"loc":{"start":{"line":251,"column":27},"end":{"line":266,"column":3}}}},"branchMap":{"0":{"loc":{"start":{"line":61,"column":6},"end":{"line":65,"column":null}},"type":"if","locations":[{"start":{"line":61,"column":6},"end":{"line":65,"column":null}}]},"1":{"loc":{"start":{"line":72,"column":6},"end":{"line":94,"column":null}},"type":"if","locations":[{"start":{"line":72,"column":6},"end":{"line":94,"column":null}},{"start":{"line":81,"column":13},"end":{"line":94,"column":null}}]},"2":{"loc":{"start":{"line":72,"column":10},"end":{"line":72,"column":57}},"type":"binary-expr","locations":[{"start":{"line":72,"column":10},"end":{"line":72,"column":26}},{"start":{"line":72,"column":30},"end":{"line":72,"column":57}}]},"3":{"loc":{"start":{"line":74,"column":8},"end":{"line":80,"column":null}},"type":"if","locations":[{"start":{"line":74,"column":8},"end":{"line":80,"column":null}}]},"4":{"loc":{"start":{"line":99,"column":6},"end":{"line":109,"column":null}},"type":"if","locations":[{"start":{"line":99,"column":6},"end":{"line":109,"column":null}}]},"5":{"loc":{"start":{"line":99,"column":10},"end":{"line":99,"column":53}},"type":"binary-expr","locations":[{"start":{"line":99,"column":10},"end":{"line":99,"column":24}},{"start":{"line":99,"column":28},"end":{"line":99,"column":53}}]},"6":{"loc":{"start":{"line":103,"column":8},"end":{"line":108,"column":null}},"type":"if","locations":[{"start":{"line":103,"column":8},"end":{"line":108,"column":null}}]},"7":{"loc":{"start":{"line":122,"column":16},"end":{"line":122,"column":64}},"type":"binary-expr","locations":[{"start":{"line":122,"column":16},"end":{"line":122,"column":28}},{"start":{"line":122,"column":32},"end":{"line":122,"column":64}}]},"8":{"loc":{"start":{"line":134,"column":6},"end":{"line":138,"column":null}},"type":"if","locations":[{"start":{"line":134,"column":6},"end":{"line":138,"column":null}}]},"9":{"loc":{"start":{"line":134,"column":10},"end":{"line":134,"column":50}},"type":"binary-expr","locations":[{"start":{"line":134,"column":10},"end":{"line":134,"column":22}},{"start":{"line":134,"column":26},"end":{"line":134,"column":50}}]},"10":{"loc":{"start":{"line":142,"column":16},"end":{"line":142,"column":64}},"type":"binary-expr","locations":[{"start":{"line":142,"column":16},"end":{"line":142,"column":28}},{"start":{"line":142,"column":32},"end":{"line":142,"column":64}}]},"11":{"loc":{"start":{"line":156,"column":6},"end":{"line":160,"column":null}},"type":"if","locations":[{"start":{"line":156,"column":6},"end":{"line":160,"column":null}}]},"12":{"loc":{"start":{"line":164,"column":16},"end":{"line":164,"column":64}},"type":"binary-expr","locations":[{"start":{"line":164,"column":16},"end":{"line":164,"column":28}},{"start":{"line":164,"column":32},"end":{"line":164,"column":64}}]},"13":{"loc":{"start":{"line":183,"column":30},"end":{"line":183,"column":59}},"type":"binary-expr","locations":[{"start":{"line":183,"column":30},"end":{"line":183,"column":53}},{"start":{"line":183,"column":57},"end":{"line":183,"column":59}}]},"14":{"loc":{"start":{"line":184,"column":6},"end":{"line":197,"column":null}},"type":"if","locations":[{"start":{"line":184,"column":6},"end":{"line":197,"column":null}}]},"15":{"loc":{"start":{"line":185,"column":8},"end":{"line":186,"column":46}},"type":"binary-expr","locations":[{"start":{"line":185,"column":8},"end":{"line":185,"column":35}},{"start":{"line":186,"column":8},"end":{"line":186,"column":46}}]},"16":{"loc":{"start":{"line":190,"column":10},"end":{"line":193,"column":null}},"type":"if","locations":[{"start":{"line":190,"column":10},"end":{"line":193,"column":null}}]},"17":{"loc":{"start":{"line":199,"column":8},"end":{"line":199,"column":69}},"type":"binary-expr","locations":[{"start":{"line":199,"column":8},"end":{"line":199,"column":31}},{"start":{"line":199,"column":35},"end":{"line":199,"column":69}}]},"18":{"loc":{"start":{"line":200,"column":6},"end":{"line":210,"column":null}},"type":"if","locations":[{"start":{"line":200,"column":6},"end":{"line":210,"column":null}}]},"19":{"loc":{"start":{"line":217,"column":16},"end":{"line":217,"column":64}},"type":"binary-expr","locations":[{"start":{"line":217,"column":16},"end":{"line":217,"column":28}},{"start":{"line":217,"column":32},"end":{"line":217,"column":64}}]},"20":{"loc":{"start":{"line":232,"column":6},"end":{"line":236,"column":null}},"type":"if","locations":[{"start":{"line":232,"column":6},"end":{"line":236,"column":null}}]},"21":{"loc":{"start":{"line":232,"column":10},"end":{"line":232,"column":50}},"type":"binary-expr","locations":[{"start":{"line":232,"column":10},"end":{"line":232,"column":22}},{"start":{"line":232,"column":26},"end":{"line":232,"column":50}}]},"22":{"loc":{"start":{"line":240,"column":16},"end":{"line":240,"column":64}},"type":"binary-expr","locations":[{"start":{"line":240,"column":16},"end":{"line":240,"column":28}},{"start":{"line":240,"column":32},"end":{"line":240,"column":64}}]},"23":{"loc":{"start":{"line":255,"column":6},"end":{"line":259,"column":null}},"type":"if","locations":[{"start":{"line":255,"column":6},"end":{"line":259,"column":null}}]},"24":{"loc":{"start":{"line":255,"column":10},"end":{"line":255,"column":50}},"type":"binary-expr","locations":[{"start":{"line":255,"column":10},"end":{"line":255,"column":22}},{"start":{"line":255,"column":26},"end":{"line":255,"column":50}}]},"25":{"loc":{"start":{"line":263,"column":16},"end":{"line":263,"column":64}},"type":"binary-expr","locations":[{"start":{"line":263,"column":16},"end":{"line":263,"column":28}},{"start":{"line":263,"column":32},"end":{"line":263,"column":64}}]}},"s":{"0":1,"1":1,"2":1,"3":1,"4":1,"5":1,"6":1,"7":1,"8":1,"9":1,"10":1,"11":1,"12":1,"13":1,"14":1,"15":1,"16":1,"17":1,"18":1,"19":20,"20":20,"21":20,"22":20,"23":20,"24":20,"25":20,"26":20,"27":3,"28":3,"29":3,"30":3,"31":2,"32":1,"33":1,"34":1,"35":0,"36":0,"37":0,"38":0,"39":1,"40":1,"41":1,"42":1,"43":1,"44":1,"45":1,"46":1,"47":1,"48":0,"49":0,"50":0,"51":0,"52":0,"53":1,"54":1,"55":1,"56":1,"57":1,"58":1,"59":1,"60":3,"61":3,"62":2,"63":1,"64":1,"65":1,"66":3,"67":3,"68":2,"69":1,"70":1,"71":1,"72":3,"73":3,"74":3,"75":3,"76":1,"77":1,"78":1,"79":1,"80":1,"81":1,"82":1,"83":1,"84":3,"85":3,"86":2,"87":2,"88":2,"89":2,"90":2,"91":2,"92":2,"93":3,"94":2,"95":1,"96":3,"97":3,"98":2,"99":1,"100":1,"101":1,"102":4,"103":4,"104":3,"105":2,"106":1,"107":1,"108":1,"109":1,"110":1,"111":1,"112":1,"113":1,"114":1,"115":1},"f":{"0":20,"1":3,"2":0,"3":0,"4":3,"5":3,"6":3,"7":3,"8":4},"b":{"0":[1],"1":[0,1],"2":[1,1],"3":[0],"4":[0],"5":[1,1],"6":[0],"7":[1,1],"8":[1],"9":[2,2],"10":[1,1],"11":[1],"12":[1,1],"13":[3,2],"14":[1],"15":[3,1],"16":[1],"17":[3,3],"18":[2],"19":[1,1],"20":[1],"21":[2,2],"22":[1,1],"23":[2],"24":[3,3],"25":[1,1]}}
,"/home/runner/work/LinkedOut/LinkedOut/backend/src/module/internship/internship.service.ts": {"path":"/home/runner/work/LinkedOut/LinkedOut/backend/src/module/internship/internship.service.ts","statementMap":{"0":{"start":{"line":1,"column":0},"end":{"line":1,"column":44}},"1":{"start":{"line":2,"column":0},"end":{"line":2,"column":63}},"2":{"start":{"line":6,"column":7},"end":{"line":51,"column":null}},"3":{"start":{"line":7,"column":22},"end":{"line":7,"column":44}},"4":{"start":{"line":11,"column":26},"end":{"line":11,"column":70}},"5":{"start":{"line":12,"column":4},"end":{"line":12,"column":63}},"6":{"start":{"line":17,"column":4},"end":{"line":17,"column":50}},"7":{"start":{"line":22,"column":4},"end":{"line":22,"column":70}},"8":{"start":{"line":27,"column":4},"end":{"line":27,"column":59}},"9":{"start":{"line":28,"column":4},"end":{"line":28,"column":70}},"10":{"start":{"line":33,"column":4},"end":{"line":33,"column":47}},"11":{"start":{"line":38,"column":4},"end":{"line":40,"column":6}},"12":{"start":{"line":45,"column":4},"end":{"line":45,"column":72}},"13":{"start":{"line":49,"column":4},"end":{"line":49,"column":62}},"14":{"start":{"line":6,"column":13},"end":{"line":6,"column":30}},"15":{"start":{"line":6,"column":13},"end":{"line":51,"column":null}}},"fnMap":{"0":{"name":"(anonymous_2)","decl":{"start":{"line":7,"column":2},"end":{"line":7,"column":22}},"loc":{"start":{"line":7,"column":64},"end":{"line":7,"column":68}}},"1":{"name":"(anonymous_3)","decl":{"start":{"line":10,"column":2},"end":{"line":10,"column":7}},"loc":{"start":{"line":10,"column":37},"end":{"line":13,"column":3}}},"2":{"name":"(anonymous_4)","decl":{"start":{"line":16,"column":2},"end":{"line":16,"column":7}},"loc":{"start":{"line":16,"column":15},"end":{"line":18,"column":3}}},"3":{"name":"(anonymous_5)","decl":{"start":{"line":21,"column":2},"end":{"line":21,"column":7}},"loc":{"start":{"line":21,"column":26},"end":{"line":23,"column":3}}},"4":{"name":"(anonymous_6)","decl":{"start":{"line":26,"column":2},"end":{"line":26,"column":7}},"loc":{"start":{"line":26,"column":49},"end":{"line":29,"column":3}}},"5":{"name":"(anonymous_7)","decl":{"start":{"line":32,"column":2},"end":{"line":32,"column":7}},"loc":{"start":{"line":32,"column":25},"end":{"line":34,"column":3}}},"6":{"name":"(anonymous_8)","decl":{"start":{"line":37,"column":2},"end":{"line":37,"column":7}},"loc":{"start":{"line":37,"column":52},"end":{"line":41,"column":3}}},"7":{"name":"(anonymous_9)","decl":{"start":{"line":44,"column":2},"end":{"line":44,"column":7}},"loc":{"start":{"line":44,"column":43},"end":{"line":46,"column":3}}},"8":{"name":"(anonymous_10)","decl":{"start":{"line":48,"column":2},"end":{"line":48,"column":7}},"loc":{"start":{"line":48,"column":33},"end":{"line":50,"column":3}}}},"branchMap":{},"s":{"0":2,"1":2,"2":2,"3":8,"4":1,"5":1,"6":1,"7":1,"8":1,"9":1,"10":1,"11":1,"12":1,"13":0,"14":2,"15":2},"f":{"0":8,"1":1,"2":1,"3":1,"4":1,"5":1,"6":1,"7":1,"8":0},"b":{}}
,"/home/runner/work/LinkedOut/LinkedOut/backend/src/module/job/job.controller.ts": {"path":"/home/runner/work/LinkedOut/LinkedOut/backend/src/module/job/job.controller.ts","statementMap":{"0":{"start":{"line":1,"column":0},"end":{"line":1,"column":43}},"1":{"start":{"line":3,"column":0},"end":{"line":3,"column":55}},"2":{"start":{"line":4,"column":0},"end":{"line":4,"column":58}},"3":{"start":{"line":5,"column":0},"end":{"line":5,"column":null}},"4":{"start":{"line":9,"column":0},"end":{"line":9,"column":null}},"5":{"start":{"line":24,"column":0},"end":{"line":24,"column":35}},"6":{"start":{"line":25,"column":0},"end":{"line":25,"column":60}},"7":{"start":{"line":26,"column":0},"end":{"line":26,"column":60}},"8":{"start":{"line":27,"column":0},"end":{"line":27,"column":54}},"9":{"start":{"line":28,"column":0},"end":{"line":28,"column":54}},"10":{"start":{"line":29,"column":0},"end":{"line":29,"column":51}},"11":{"start":{"line":30,"column":0},"end":{"line":30,"column":41}},"12":{"start":{"line":31,"column":0},"end":{"line":31,"column":66}},"13":{"start":{"line":32,"column":0},"end":{"line":32,"column":43}},"14":{"start":{"line":33,"column":0},"end":{"line":33,"column":55}},"15":{"start":{"line":34,"column":0},"end":{"line":34,"column":72}},"16":{"start":{"line":35,"column":0},"end":{"line":35,"column":65}},"17":{"start":{"line":36,"column":0},"end":{"line":36,"column":72}},"18":{"start":{"line":39,"column":7},"end":{"line":336,"column":null}},"19":{"start":{"line":41,"column":21},"end":{"line":41,"column":33}},"20":{"start":{"line":42,"column":21},"end":{"line":42,"column":34}},"21":{"start":{"line":43,"column":21},"end":{"line":43,"column":35}},"22":{"start":{"line":44,"column":21},"end":{"line":44,"column":35}},"23":{"start":{"line":45,"column":21},"end":{"line":45,"column":37}},"24":{"start":{"line":46,"column":21},"end":{"line":46,"column":37}},"25":{"start":{"line":47,"column":21},"end":{"line":47,"column":33}},"26":{"start":{"line":48,"column":21},"end":{"line":48,"column":39}},"27":{"start":{"line":59,"column":4},"end":{"line":83,"column":null}},"28":{"start":{"line":60,"column":25},"end":{"line":60,"column":75}},"29":{"start":{"line":61,"column":6},"end":{"line":78,"column":null}},"30":{"start":{"line":62,"column":8},"end":{"line":62,"column":63}},"31":{"start":{"line":64,"column":30},"end":{"line":64,"column":61}},"32":{"start":{"line":65,"column":8},"end":{"line":69,"column":null}},"33":{"start":{"line":66,"column":10},"end":{"line":68,"column":53}},"34":{"start":{"line":71,"column":28},"end":{"line":71,"column":70}},"35":{"start":{"line":72,"column":8},"end":{"line":76,"column":10}},"36":{"start":{"line":77,"column":8},"end":{"line":77,"column":64}},"37":{"start":{"line":80,"column":6},"end":{"line":82,"column":42}},"38":{"start":{"line":94,"column":4},"end":{"line":109,"column":null}},"39":{"start":{"line":95,"column":20},"end":{"line":95,"column":59}},"40":{"start":{"line":96,"column":27},"end":{"line":96,"column":74}},"41":{"start":{"line":97,"column":19},"end":{"line":97,"column":76}},"42":{"start":{"line":98,"column":6},"end":{"line":102,"column":null}},"43":{"start":{"line":99,"column":8},"end":{"line":101,"column":46}},"44":{"start":{"line":104,"column":6},"end":{"line":104,"column":55}},"45":{"start":{"line":106,"column":6},"end":{"line":108,"column":42}},"46":{"start":{"line":132,"column":4},"end":{"line":172,"column":null}},"47":{"start":{"line":133,"column":20},"end":{"line":133,"column":59}},"48":{"start":{"line":134,"column":27},"end":{"line":134,"column":74}},"49":{"start":{"line":135,"column":6},"end":{"line":137,"column":8}},"50":{"start":{"line":139,"column":6},"end":{"line":143,"column":null}},"51":{"start":{"line":140,"column":35},"end":{"line":140,"column":61}},"52":{"start":{"line":141,"column":37},"end":{"line":141,"column":74}},"53":{"start":{"line":142,"column":8},"end":{"line":142,"column":60}},"54":{"start":{"line":145,"column":6},"end":{"line":152,"column":null}},"55":{"start":{"line":146,"column":36},"end":{"line":146,"column":38}},"56":{"start":{"line":147,"column":8},"end":{"line":150,"column":null}},"57":{"start":{"line":148,"column":27},"end":{"line":148,"column":67}},"58":{"start":{"line":149,"column":10},"end":{"line":149,"column":35}},"59":{"start":{"line":151,"column":8},"end":{"line":151,"column":30}},"60":{"start":{"line":154,"column":6},"end":{"line":159,"column":null}},"61":{"start":{"line":155,"column":38},"end":{"line":156,"column":null}},"62":{"start":{"line":158,"column":8},"end":{"line":158,"column":55}},"63":{"start":{"line":160,"column":27},"end":{"line":160,"column":60}},"64":{"start":{"line":161,"column":26},"end":{"line":161,"column":62}},"65":{"start":{"line":162,"column":6},"end":{"line":166,"column":8}},"66":{"start":{"line":167,"column":6},"end":{"line":167,"column":77}},"67":{"start":{"line":169,"column":6},"end":{"line":171,"column":42}},"68":{"start":{"line":183,"column":4},"end":{"line":211,"column":null}},"69":{"start":{"line":184,"column":6},"end":{"line":188,"column":null}},"70":{"start":{"line":185,"column":8},"end":{"line":187,"column":52}},"71":{"start":{"line":189,"column":25},"end":{"line":189,"column":76}},"72":{"start":{"line":190,"column":6},"end":{"line":206,"column":null}},"73":{"start":{"line":191,"column":8},"end":{"line":191,"column":63}},"74":{"start":{"line":193,"column":20},"end":{"line":193,"column":53}},"75":{"start":{"line":194,"column":8},"end":{"line":198,"column":null}},"76":{"start":{"line":195,"column":10},"end":{"line":197,"column":49}},"77":{"start":{"line":200,"column":8},"end":{"line":204,"column":10}},"78":{"start":{"line":205,"column":8},"end":{"line":205,"column":56}},"79":{"start":{"line":208,"column":6},"end":{"line":210,"column":42}},"80":{"start":{"line":234,"column":4},"end":{"line":278,"column":null}},"81":{"start":{"line":235,"column":6},"end":{"line":239,"column":null}},"82":{"start":{"line":236,"column":8},"end":{"line":238,"column":52}},"83":{"start":{"line":240,"column":6},"end":{"line":244,"column":null}},"84":{"start":{"line":241,"column":35},"end":{"line":241,"column":61}},"85":{"start":{"line":242,"column":37},"end":{"line":242,"column":74}},"86":{"start":{"line":243,"column":8},"end":{"line":243,"column":60}},"87":{"start":{"line":246,"column":6},"end":{"line":253,"column":null}},"88":{"start":{"line":247,"column":36},"end":{"line":247,"column":38}},"89":{"start":{"line":248,"column":8},"end":{"line":251,"column":null}},"90":{"start":{"line":249,"column":27},"end":{"line":249,"column":67}},"91":{"start":{"line":250,"column":10},"end":{"line":250,"column":35}},"92":{"start":{"line":252,"column":8},"end":{"line":252,"column":30}},"93":{"start":{"line":255,"column":6},"end":{"line":260,"column":null}},"94":{"start":{"line":256,"column":38},"end":{"line":257,"column":null}},"95":{"start":{"line":259,"column":8},"end":{"line":259,"column":55}},"96":{"start":{"line":261,"column":24},"end":{"line":261,"column":61}},"97":{"start":{"line":262,"column":6},"end":{"line":266,"column":null}},"98":{"start":{"line":263,"column":8},"end":{"line":265,"column":47}},"99":{"start":{"line":267,"column":26},"end":{"line":267,"column":59}},"100":{"start":{"line":268,"column":6},"end":{"line":272,"column":8}},"101":{"start":{"line":273,"column":6},"end":{"line":273,"column":62}},"102":{"start":{"line":275,"column":6},"end":{"line":277,"column":42}},"103":{"start":{"line":289,"column":4},"end":{"line":293,"column":null}},"104":{"start":{"line":290,"column":6},"end":{"line":292,"column":50}},"105":{"start":{"line":294,"column":16},"end":{"line":294,"column":49}},"106":{"start":{"line":295,"column":4},"end":{"line":299,"column":null}},"107":{"start":{"line":296,"column":6},"end":{"line":298,"column":44}},"108":{"start":{"line":300,"column":4},"end":{"line":300,"column":37}},"109":{"start":{"line":301,"column":4},"end":{"line":301,"column":59}},"110":{"start":{"line":302,"column":4},"end":{"line":304,"column":54}},"111":{"start":{"line":315,"column":4},"end":{"line":334,"column":null}},"112":{"start":{"line":317,"column":8},"end":{"line":317,"column":60}},"113":{"start":{"line":318,"column":6},"end":{"line":325,"column":null}},"114":{"start":{"line":322,"column":8},"end":{"line":324,"column":46}},"115":{"start":{"line":326,"column":26},"end":{"line":327,"column":null}},"116":{"start":{"line":329,"column":6},"end":{"line":329,"column":62}},"117":{"start":{"line":331,"column":6},"end":{"line":333,"column":42}},"118":{"start":{"line":39,"column":13},"end":{"line":39,"column":26}},"119":{"start":{"line":55,"column":8},"end":{"line":84,"column":null}},"120":{"start":{"line":90,"column":8},"end":{"line":110,"column":null}},"121":{"start":{"line":122,"column":8},"end":{"line":173,"column":null}},"122":{"start":{"line":179,"column":8},"end":{"line":212,"column":null}},"123":{"start":{"line":224,"column":8},"end":{"line":279,"column":null}},"124":{"start":{"line":285,"column":8},"end":{"line":305,"column":null}},"125":{"start":{"line":311,"column":8},"end":{"line":335,"column":null}},"126":{"start":{"line":39,"column":13},"end":{"line":336,"column":null}}},"fnMap":{"0":{"name":"(anonymous_4)","decl":{"start":{"line":40,"column":2},"end":{"line":40,"column":null}},"loc":{"start":{"line":48,"column":55},"end":{"line":49,"column":6}}},"1":{"name":"(anonymous_5)","decl":{"start":{"line":55,"column":2},"end":{"line":55,"column":7}},"loc":{"start":{"line":57,"column":29},"end":{"line":84,"column":3}}},"2":{"name":"(anonymous_6)","decl":{"start":{"line":90,"column":2},"end":{"line":90,"column":7}},"loc":{"start":{"line":92,"column":29},"end":{"line":110,"column":3}}},"3":{"name":"(anonymous_7)","decl":{"start":{"line":122,"column":2},"end":{"line":122,"column":7}},"loc":{"start":{"line":130,"column":5},"end":{"line":173,"column":3}}},"4":{"name":"(anonymous_8)","decl":{"start":{"line":179,"column":2},"end":{"line":179,"column":7}},"loc":{"start":{"line":181,"column":29},"end":{"line":212,"column":3}}},"5":{"name":"(anonymous_9)","decl":{"start":{"line":224,"column":2},"end":{"line":224,"column":7}},"loc":{"start":{"line":232,"column":5},"end":{"line":279,"column":3}}},"6":{"name":"(anonymous_10)","decl":{"start":{"line":285,"column":2},"end":{"line":285,"column":7}},"loc":{"start":{"line":287,"column":29},"end":{"line":305,"column":3}}},"7":{"name":"(anonymous_11)","decl":{"start":{"line":311,"column":2},"end":{"line":311,"column":7}},"loc":{"start":{"line":313,"column":29},"end":{"line":335,"column":3}}}},"branchMap":{"0":{"loc":{"start":{"line":61,"column":6},"end":{"line":78,"column":null}},"type":"if","locations":[{"start":{"line":61,"column":6},"end":{"line":78,"column":null}},{"start":{"line":63,"column":13},"end":{"line":78,"column":null}}]},"1":{"loc":{"start":{"line":65,"column":8},"end":{"line":69,"column":null}},"type":"if","locations":[{"start":{"line":65,"column":8},"end":{"line":69,"column":null}}]},"2":{"loc":{"start":{"line":65,"column":12},"end":{"line":65,"column":56}},"type":"binary-expr","locations":[{"start":{"line":65,"column":12},"end":{"line":65,"column":26}},{"start":{"line":65,"column":30},"end":{"line":65,"column":56}}]},"3":{"loc":{"start":{"line":81,"column":16},"end":{"line":81,"column":64}},"type":"binary-expr","locations":[{"start":{"line":81,"column":16},"end":{"line":81,"column":28}},{"start":{"line":81,"column":32},"end":{"line":81,"column":64}}]},"4":{"loc":{"start":{"line":98,"column":6},"end":{"line":102,"column":null}},"type":"if","locations":[{"start":{"line":98,"column":6},"end":{"line":102,"column":null}}]},"5":{"loc":{"start":{"line":98,"column":10},"end":{"line":98,"column":36}},"type":"binary-expr","locations":[{"start":{"line":98,"column":10},"end":{"line":98,"column":15}},{"start":{"line":98,"column":19},"end":{"line":98,"column":36}}]},"6":{"loc":{"start":{"line":107,"column":16},"end":{"line":107,"column":64}},"type":"binary-expr","locations":[{"start":{"line":107,"column":16},"end":{"line":107,"column":28}},{"start":{"line":107,"column":32},"end":{"line":107,"column":64}}]},"7":{"loc":{"start":{"line":139,"column":6},"end":{"line":143,"column":null}},"type":"if","locations":[{"start":{"line":139,"column":6},"end":{"line":143,"column":null}}]},"8":{"loc":{"start":{"line":139,"column":10},"end":{"line":139,"column":66}},"type":"binary-expr","locations":[{"start":{"line":139,"column":10},"end":{"line":139,"column":26}},{"start":{"line":139,"column":30},"end":{"line":139,"column":66}}]},"9":{"loc":{"start":{"line":145,"column":6},"end":{"line":152,"column":null}},"type":"if","locations":[{"start":{"line":145,"column":6},"end":{"line":152,"column":null}}]},"10":{"loc":{"start":{"line":145,"column":10},"end":{"line":145,"column":49}},"type":"binary-expr","locations":[{"start":{"line":145,"column":10},"end":{"line":145,"column":22}},{"start":{"line":145,"column":26},"end":{"line":145,"column":49}}]},"11":{"loc":{"start":{"line":154,"column":6},"end":{"line":159,"column":null}},"type":"if","locations":[{"start":{"line":154,"column":6},"end":{"line":159,"column":null}}]},"12":{"loc":{"start":{"line":170,"column":16},"end":{"line":170,"column":64}},"type":"binary-expr","locations":[{"start":{"line":170,"column":16},"end":{"line":170,"column":28}},{"start":{"line":170,"column":32},"end":{"line":170,"column":64}}]},"13":{"loc":{"start":{"line":184,"column":6},"end":{"line":188,"column":null}},"type":"if","locations":[{"start":{"line":184,"column":6},"end":{"line":188,"column":null}}]},"14":{"loc":{"start":{"line":190,"column":6},"end":{"line":206,"column":null}},"type":"if","locations":[{"start":{"line":190,"column":6},"end":{"line":206,"column":null}},{"start":{"line":192,"column":13},"end":{"line":206,"column":null}}]},"15":{"loc":{"start":{"line":194,"column":8},"end":{"line":198,"column":null}},"type":"if","locations":[{"start":{"line":194,"column":8},"end":{"line":198,"column":null}}]},"16":{"loc":{"start":{"line":209,"column":16},"end":{"line":209,"column":64}},"type":"binary-expr","locations":[{"start":{"line":209,"column":16},"end":{"line":209,"column":28}},{"start":{"line":209,"column":32},"end":{"line":209,"column":64}}]},"17":{"loc":{"start":{"line":235,"column":6},"end":{"line":239,"column":null}},"type":"if","locations":[{"start":{"line":235,"column":6},"end":{"line":239,"column":null}}]},"18":{"loc":{"start":{"line":240,"column":6},"end":{"line":244,"column":null}},"type":"if","locations":[{"start":{"line":240,"column":6},"end":{"line":244,"column":null}}]},"19":{"loc":{"start":{"line":240,"column":10},"end":{"line":240,"column":66}},"type":"binary-expr","locations":[{"start":{"line":240,"column":10},"end":{"line":240,"column":26}},{"start":{"line":240,"column":30},"end":{"line":240,"column":66}}]},"20":{"loc":{"start":{"line":246,"column":6},"end":{"line":253,"column":null}},"type":"if","locations":[{"start":{"line":246,"column":6},"end":{"line":253,"column":null}}]},"21":{"loc":{"start":{"line":246,"column":10},"end":{"line":246,"column":49}},"type":"binary-expr","locations":[{"start":{"line":246,"column":10},"end":{"line":246,"column":22}},{"start":{"line":246,"column":26},"end":{"line":246,"column":49}}]},"22":{"loc":{"start":{"line":255,"column":6},"end":{"line":260,"column":null}},"type":"if","locations":[{"start":{"line":255,"column":6},"end":{"line":260,"column":null}}]},"23":{"loc":{"start":{"line":262,"column":6},"end":{"line":266,"column":null}},"type":"if","locations":[{"start":{"line":262,"column":6},"end":{"line":266,"column":null}}]},"24":{"loc":{"start":{"line":276,"column":16},"end":{"line":276,"column":64}},"type":"binary-expr","locations":[{"start":{"line":276,"column":16},"end":{"line":276,"column":28}},{"start":{"line":276,"column":32},"end":{"line":276,"column":64}}]},"25":{"loc":{"start":{"line":289,"column":4},"end":{"line":293,"column":null}},"type":"if","locations":[{"start":{"line":289,"column":4},"end":{"line":293,"column":null}}]},"26":{"loc":{"start":{"line":295,"column":4},"end":{"line":299,"column":null}},"type":"if","locations":[{"start":{"line":295,"column":4},"end":{"line":299,"column":null}}]},"27":{"loc":{"start":{"line":318,"column":6},"end":{"line":325,"column":null}},"type":"if","locations":[{"start":{"line":318,"column":6},"end":{"line":325,"column":null}}]},"28":{"loc":{"start":{"line":319,"column":8},"end":{"line":320,"column":47}},"type":"binary-expr","locations":[{"start":{"line":319,"column":8},"end":{"line":319,"column":35}},{"start":{"line":320,"column":8},"end":{"line":320,"column":47}}]},"29":{"loc":{"start":{"line":332,"column":16},"end":{"line":332,"column":64}},"type":"binary-expr","locations":[{"start":{"line":332,"column":16},"end":{"line":332,"column":28}},{"start":{"line":332,"column":32},"end":{"line":332,"column":64}}]}},"s":{"0":1,"1":1,"2":1,"3":1,"4":1,"5":1,"6":1,"7":1,"8":1,"9":1,"10":1,"11":1,"12":1,"13":1,"14":1,"15":1,"16":1,"17":1,"18":1,"19":24,"20":24,"21":24,"22":24,"23":24,"24":24,"25":24,"26":24,"27":4,"28":4,"29":3,"30":1,"31":2,"32":2,"33":1,"34":1,"35":1,"36":1,"37":1,"38":3,"39":3,"40":3,"41":3,"42":2,"43":1,"44":1,"45":1,"46":2,"47":2,"48":2,"49":2,"50":1,"51":0,"52":0,"53":0,"54":1,"55":1,"56":1,"57":1,"58":1,"59":1,"60":1,"61":1,"62":1,"63":1,"64":1,"65":1,"66":1,"67":1,"68":5,"69":5,"70":1,"71":4,"72":3,"73":1,"74":2,"75":2,"76":1,"77":1,"78":1,"79":1,"80":4,"81":4,"82":1,"83":3,"84":0,"85":0,"86":0,"87":3,"88":1,"89":1,"90":1,"91":1,"92":1,"93":3,"94":3,"95":3,"96":3,"97":2,"98":1,"99":1,"100":1,"101":1,"102":1,"103":3,"104":1,"105":2,"106":2,"107":1,"108":1,"109":1,"110":1,"111":3,"112":3,"113":2,"114":1,"115":1,"116":1,"117":1,"118":1,"119":1,"120":1,"121":1,"122":1,"123":1,"124":1,"125":1,"126":1},"f":{"0":24,"1":4,"2":3,"3":2,"4":5,"5":4,"6":3,"7":3},"b":{"0":[1,2],"1":[1],"2":[2,2],"3":[1,1],"4":[1],"5":[2,2],"6":[1,1],"7":[0],"8":[1,0],"9":[1],"10":[1,1],"11":[1],"12":[1,1],"13":[1],"14":[1,2],"15":[1],"16":[1,1],"17":[1],"18":[0],"19":[3,0],"20":[1],"21":[3,3],"22":[3],"23":[1],"24":[1,1],"25":[1],"26":[1],"27":[1],"28":[2,2],"29":[1,1]}}
,"/home/runner/work/LinkedOut/LinkedOut/backend/src/module/job/job.service.ts": {"path":"/home/runner/work/LinkedOut/LinkedOut/backend/src/module/job/job.service.ts","statementMap":{"0":{"start":{"line":1,"column":0},"end":{"line":1,"column":44}},"1":{"start":{"line":3,"column":0},"end":{"line":3,"column":49}},"2":{"start":{"line":6,"column":7},"end":{"line":79,"column":null}},"3":{"start":{"line":7,"column":22},"end":{"line":7,"column":37}},"4":{"start":{"line":11,"column":17},"end":{"line":23,"column":16}},"5":{"start":{"line":25,"column":4},"end":{"line":25,"column":16}},"6":{"start":{"line":30,"column":16},"end":{"line":43,"column":15}},"7":{"start":{"line":45,"column":4},"end":{"line":45,"column":15}},"8":{"start":{"line":50,"column":4},"end":{"line":50,"column":67}},"9":{"start":{"line":55,"column":19},"end":{"line":55,"column":49}},"10":{"start":{"line":56,"column":4},"end":{"line":56,"column":49}},"11":{"start":{"line":61,"column":4},"end":{"line":61,"column":45}},"12":{"start":{"line":62,"column":4},"end":{"line":62,"column":63}},"13":{"start":{"line":67,"column":4},"end":{"line":67,"column":44}},"14":{"start":{"line":72,"column":4},"end":{"line":72,"column":73}},"15":{"start":{"line":77,"column":4},"end":{"line":77,"column":62}},"16":{"start":{"line":6,"column":13},"end":{"line":6,"column":23}},"17":{"start":{"line":6,"column":13},"end":{"line":79,"column":null}}},"fnMap":{"0":{"name":"(anonymous_2)","decl":{"start":{"line":7,"column":2},"end":{"line":7,"column":22}},"loc":{"start":{"line":7,"column":50},"end":{"line":7,"column":54}}},"1":{"name":"(anonymous_3)","decl":{"start":{"line":10,"column":2},"end":{"line":10,"column":7}},"loc":{"start":{"line":10,"column":15},"end":{"line":26,"column":3}}},"2":{"name":"(anonymous_4)","decl":{"start":{"line":29,"column":2},"end":{"line":29,"column":7}},"loc":{"start":{"line":29,"column":26},"end":{"line":46,"column":3}}},"3":{"name":"(anonymous_5)","decl":{"start":{"line":49,"column":2},"end":{"line":49,"column":7}},"loc":{"start":{"line":49,"column":51},"end":{"line":51,"column":3}}},"4":{"name":"(anonymous_6)","decl":{"start":{"line":54,"column":2},"end":{"line":54,"column":7}},"loc":{"start":{"line":54,"column":23},"end":{"line":57,"column":3}}},"5":{"name":"(anonymous_7)","decl":{"start":{"line":60,"column":2},"end":{"line":60,"column":7}},"loc":{"start":{"line":60,"column":35},"end":{"line":63,"column":3}}},"6":{"name":"(anonymous_8)","decl":{"start":{"line":66,"column":2},"end":{"line":66,"column":7}},"loc":{"start":{"line":66,"column":25},"end":{"line":68,"column":3}}},"7":{"name":"(anonymous_9)","decl":{"start":{"line":71,"column":2},"end":{"line":71,"column":7}},"loc":{"start":{"line":71,"column":36},"end":{"line":73,"column":3}}},"8":{"name":"(anonymous_10)","decl":{"start":{"line":76,"column":2},"end":{"line":76,"column":7}},"loc":{"start":{"line":76,"column":37},"end":{"line":78,"column":3}}}},"branchMap":{},"s":{"0":4,"1":4,"2":4,"3":9,"4":1,"5":1,"6":1,"7":1,"8":1,"9":1,"10":1,"11":1,"12":1,"13":1,"14":1,"15":1,"16":4,"17":4},"f":{"0":9,"1":1,"2":1,"3":1,"4":1,"5":1,"6":1,"7":1,"8":1},"b":{}}
,"/home/runner/work/LinkedOut/LinkedOut/backend/src/module/jobApplicants/jobApplicants.controller.ts": {"path":"/home/runner/work/LinkedOut/LinkedOut/backend/src/module/jobApplicants/jobApplicants.controller.ts","statementMap":{"0":{"start":{"line":2,"column":0},"end":{"line":2,"column":55}},"1":{"start":{"line":3,"column":0},"end":{"line":3,"column":58}},"2":{"start":{"line":4,"column":0},"end":{"line":4,"column":null}},"3":{"start":{"line":16,"column":0},"end":{"line":16,"column":55}},"4":{"start":{"line":17,"column":0},"end":{"line":17,"column":60}},"5":{"start":{"line":18,"column":0},"end":{"line":18,"column":41}},"6":{"start":{"line":19,"column":0},"end":{"line":19,"column":66}},"7":{"start":{"line":20,"column":0},"end":{"line":20,"column":63}},"8":{"start":{"line":21,"column":0},"end":{"line":21,"column":48}},"9":{"start":{"line":22,"column":0},"end":{"line":22,"column":49}},"10":{"start":{"line":25,"column":7},"end":{"line":189,"column":null}},"11":{"start":{"line":27,"column":21},"end":{"line":27,"column":33}},"12":{"start":{"line":28,"column":21},"end":{"line":28,"column":37}},"13":{"start":{"line":29,"column":21},"end":{"line":29,"column":33}},"14":{"start":{"line":30,"column":21},"end":{"line":30,"column":43}},"15":{"start":{"line":42,"column":4},"end":{"line":81,"column":null}},"16":{"start":{"line":43,"column":20},"end":{"line":43,"column":59}},"17":{"start":{"line":44,"column":27},"end":{"line":44,"column":74}},"18":{"start":{"line":45,"column":22},"end":{"line":45,"column":72}},"19":{"start":{"line":46,"column":6},"end":{"line":50,"column":null}},"20":{"start":{"line":47,"column":8},"end":{"line":49,"column":51}},"21":{"start":{"line":52,"column":8},"end":{"line":53,"column":null}},"22":{"start":{"line":55,"column":6},"end":{"line":64,"column":null}},"23":{"start":{"line":56,"column":20},"end":{"line":56,"column":66}},"24":{"start":{"line":56,"column":48},"end":{"line":56,"column":65}},"25":{"start":{"line":57,"column":8},"end":{"line":63,"column":null}},"26":{"start":{"line":59,"column":10},"end":{"line":59,"column":57}},"27":{"start":{"line":60,"column":10},"end":{"line":62,"column":64}},"28":{"start":{"line":65,"column":28},"end":{"line":65,"column":47}},"29":{"start":{"line":66,"column":6},"end":{"line":66,"column":38}},"30":{"start":{"line":67,"column":18},"end":{"line":67,"column":51}},"31":{"start":{"line":68,"column":6},"end":{"line":68,"column":30}},"32":{"start":{"line":69,"column":21},"end":{"line":71,"column":null}},"33":{"start":{"line":73,"column":6},"end":{"line":73,"column":36}},"34":{"start":{"line":75,"column":8},"end":{"line":75,"column":61}},"35":{"start":{"line":76,"column":6},"end":{"line":76,"column":72}},"36":{"start":{"line":78,"column":6},"end":{"line":80,"column":42}},"37":{"start":{"line":91,"column":4},"end":{"line":110,"column":null}},"38":{"start":{"line":92,"column":18
[...]
column":6},"end":{"line":197,"column":42}},"70":{"start":{"line":217,"column":4},"end":{"line":278,"column":null}},"71":{"start":{"line":218,"column":6},"end":{"line":222,"column":null}},"72":{"start":{"line":219,"column":8},"end":{"line":221,"column":52}},"73":{"start":{"line":223,"column":6},"end":{"line":225,"column":null}},"74":{"start":{"line":224,"column":8},"end":{"line":224,"column":55}},"75":{"start":{"line":226,"column":6},"end":{"line":228,"column":null}},"76":{"start":{"line":227,"column":8},"end":{"line":227,"column":55}},"77":{"start":{"line":229,"column":26},"end":{"line":229,"column":63}},"78":{"start":{"line":230,"column":6},"end":{"line":234,"column":null}},"79":{"start":{"line":231,"column":8},"end":{"line":233,"column":50}},"80":{"start":{"line":235,"column":6},"end":{"line":242,"column":null}},"81":{"start":{"line":236,"column":8},"end":{"line":240,"column":null}},"82":{"start":{"line":237,"column":10},"end":{"line":239,"column":12}},"83":{"start":{"line":241,"column":8},"end":{"line":241,"column":77}},"84":{"start":{"line":243,"column":29},"end":{"line":243,"column":53}},"85":{"start":{"line":244,"column":6},"end":{"line":254,"column":null}},"86":{"start":{"line":245,"column":8},"end":{"line":251,"column":null}},"87":{"start":{"line":245,"column":21},"end":{"line":245,"column":46}},"88":{"start":{"line":246,"column":25},"end":{"line":246,"column":42}},"89":{"start":{"line":247,"column":10},"end":{"line":250,"column":null}},"90":{"start":{"line":248,"column":12},"end":{"line":248,"column":76}},"91":{"start":{"line":249,"column":12},"end":{"line":249,"column":40}},"92":{"start":{"line":252,"column":8},"end":{"line":252,"column":38}},"93":{"start":{"line":253,"column":8},"end":{"line":253,"column":40}},"94":{"start":{"line":255,"column":30},"end":{"line":255,"column":73}},"95":{"start":{"line":256,"column":6},"end":{"line":256,"column":37}},"96":{"start":{"line":257,"column":6},"end":{"line":265,"column":null}},"97":{"start":{"line":258,"column":26},"end":{"line":258,"column":77}},"98":{"start":{"line":259,"column":29},"end":{"line":259,"column":44}},"99":{"start":{"line":260,"column":8},"end":{"line":260,"column":35}},"100":{"start":{"line":261,"column":8},"end":{"line":261,"column":45}},"101":{"start":{"line":262,"column":8},"end":{"line":262,"column":37}},"102":{"start":{"line":263,"column":31},"end":{"line":263,"column":64}},"103":{"start":{"line":264,"column":8},"end":{"line":264,"column":40}},"104":{"start":{"line":266,"column":28},"end":{"line":266,"column":73}},"105":{"start":{"line":267,"column":6},"end":{"line":267,"column":64}},"106":{"start":{"line":268,"column":6},"end":{"line":272,"column":8}},"107":{"start":{"line":273,"column":6},"end":{"line":273,"column":64}},"108":{"start":{"line":275,"column":6},"end":{"line":277,"column":42}},"109":{"start":{"line":289,"column":4},"end":{"line":293,"column":null}},"110":{"start":{"line":290,"column":6},"end":{"line":292,"column":50}},"111":{"start":{"line":294,"column":20},"end":{"line":294,"column":57}},"112":{"start":{"line":295,"column":4},"end":{"line":299,"column":null}},"113":{"start":{"line":296,"column":6},"end":{"line":298,"column":48}},"114":{"start":{"line":300,"column":4},"end":{"line":300,"column":41}},"115":{"start":{"line":301,"column":4},"end":{"line":301,"column":63}},"116":{"start":{"line":302,"column":4},"end":{"line":302,"column":62}},"117":{"start":{"line":303,"column":4},"end":{"line":303,"column":72}},"118":{"start":{"line":304,"column":4},"end":{"line":306,"column":58}},"119":{"start":{"line":316,"column":4},"end":{"line":344,"column":null}},"120":{"start":{"line":317,"column":34},"end":{"line":317,"column":59}},"121":{"start":{"line":318,"column":6},"end":{"line":326,"column":null}},"122":{"start":{"line":319,"column":21},"end":{"line":319,"column":60}},"123":{"start":{"line":320,"column":27},"end":{"line":321,"column":null}},"124":{"start":{"line":323,"column":8},"end":{"line":325,"column":null}},"125":{"start":{"line":324,"column":10},"end":{"line":324,"column":76}},"126":{"start":{"line":327,"column":22},"end":{"line":327,"column":76}},"127":{"start":{"line":328,"column":6},"end":{"line":332,"column":null}},"128":{"start":{"line":329,"column":8},"end":{"line":331,"column":52}},"129":{"start":{"line":333,"column":20},"end":{"line":333,"column":62}},"130":{"start":{"line":334,"column":6},"end":{"line":338,"column":8}},"131":{"start":{"line":339,"column":6},"end":{"line":339,"column":60}},"132":{"start":{"line":341,"column":6},"end":{"line":343,"column":42}},"133":{"start":{"line":355,"column":4},"end":{"line":370,"column":null}},"134":{"start":{"line":356,"column":20},"end":{"line":356,"column":59}},"135":{"start":{"line":357,"column":6},"end":{"line":357,"column":65}},"136":{"start":{"line":358,"column":6},"end":{"line":362,"column":8}},"137":{"start":{"line":363,"column":6},"end":{"line":365,"column":51}},"138":{"start":{"line":367,"column":6},"end":{"line":369,"column":42}},"139":{"start":{"line":44,"column":13},"end":{"line":44,"column":30}},"140":{"start":{"line":58,"column":8},"end":{"line":88,"column":null}},"141":{"start":{"line":94,"column":8},"end":{"line":121,"column":null}},"142":{"start":{"line":127,"column":8},"end":{"line":161,"column":null}},"143":{"start":{"line":166,"column":8},"end":{"line":199,"column":null}},"144":{"start":{"line":209,"column":8},"end":{"line":279,"column":null}},"145":{"start":{"line":285,"column":8},"end":{"line":307,"column":null}},"146":{"start":{"line":311,"column":8},"end":{"line":345,"column":null}},"147":{"start":{"line":351,"column":8},"end":{"line":371,"column":null}},"148":{"start":{"line":44,"column":13},"end":{"line":372,"column":null}}},"fnMap":{"0":{"name":"(anonymous_4)","decl":{"start":{"line":45,"column":2},"end":{"line":45,"column":null}},"loc":{"start":{"line":52,"column":55},"end":{"line":53,"column":6}}},"1":{"name":"(anonymous_5)","decl":{"start":{"line":58,"column":2},"end":{"line":58,"column":7}},"loc":{"start":{"line":60,"column":29},"end":{"line":88,"column":3}}},"2":{"name":"(anonymous_6)","decl":{"start":{"line":94,"column":2},"end":{"line":94,"column":7}},"loc":{"start":{"line":96,"column":29},"end":{"line":121,"column":3}}},"3":{"name":"(anonymous_7)","decl":{"start":{"line":127,"column":2},"end":{"line":127,"column":7}},"loc":{"start":{"line":129,"column":29},"end":{"line":161,"column":3}}},"4":{"name":"(anonymous_8)","decl":{"start":{"line":166,"column":2},"end":{"line":166,"column":7}},"loc":{"start":{"line":169,"column":29},"end":{"line":199,"column":3}}},"5":{"name":"(anonymous_9)","decl":{"start":{"line":209,"column":2},"end":{"line":209,"column":7}},"loc":{"start":{"line":215,"column":29},"end":{"line":279,"column":3}}},"6":{"name":"(anonymous_10)","decl":{"start":{"line":285,"column":2},"end":{"line":285,"column":7}},"loc":{"start":{"line":287,"column":29},"end":{"line":307,"column":3}}},"7":{"name":"(anonymous_11)","decl":{"start":{"line":311,"column":2},"end":{"line":311,"column":7}},"loc":{"start":{"line":314,"column":29},"end":{"line":345,"column":3}}},"8":{"name":"(anonymous_12)","decl":{"start":{"line":351,"column":2},"end":{"line":351,"column":7}},"loc":{"start":{"line":353,"column":29},"end":{"line":371,"column":3}}}},"branchMap":{"0":{"loc":{"start":{"line":68,"column":6},"end":{"line":70,"column":null}},"type":"if","locations":[{"start":{"line":68,"column":6},"end":{"line":70,"column":null}}]},"1":{"loc":{"start":{"line":72,"column":6},"end":{"line":76,"column":null}},"type":"if","locations":[{"start":{"line":72,"column":6},"end":{"line":76,"column":null}}]},"2":{"loc":{"start":{"line":85,"column":16},"end":{"line":85,"column":64}},"type":"binary-expr","locations":[{"start":{"line":85,"column":16},"end":{"line":85,"column":28}},{"start":{"line":85,"column":32},"end":{"line":85,"column":64}}]},"3":{"loc":{"start":{"line":100,"column":6},"end":{"line":115,"column":null}},"type":"if","locations":[{"start":{"line":100,"column":6},"end":{"line":115,"column":null}},{"start":{"line":102,"column":13},"end":{"line":115,"column":null}}]},"4":{"loc":{"start":{"line":104,"column":8},"end":{"line":108,"column":null}},"type":"if","locations":[{"start":{"line":104,"column":8},"end":{"line":108,"column":null}}]},"5":{"loc":{"start":{"line":104,"column":12},"end":{"line":104,"column":56}},"type":"binary-expr","locations":[{"start":{"line":104,"column":12},"end":{"line":104,"column":26}},{"start":{"line":104,"column":30},"end":{"line":104,"column":56}}]},"6":{"loc":{"start":{"line":118,"column":16},"end":{"line":118,"column":64}},"type":"binary-expr","locations":[{"start":{"line":118,"column":16},"end":{"line":118,"column":28}},{"start":{"line":118,"column":32},"end":{"line":118,"column":64}}]},"7":{"loc":{"start":{"line":132,"column":6},"end":{"line":136,"column":null}},"type":"if","locations":[{"start":{"line":132,"column":6},"end":{"line":136,"column":null}}]},"8":{"loc":{"start":{"line":140,"column":6},"end":{"line":155,"column":null}},"type":"if","locations":[{"start":{"line":140,"column":6},"end":{"line":155,"column":null}},{"start":{"line":142,"column":13},"end":{"line":155,"column":null}}]},"9":{"loc":{"start":{"line":144,"column":8},"end":{"line":148,"column":null}},"type":"if","locations":[{"start":{"line":144,"column":8},"end":{"line":148,"column":null}}]},"10":{"loc":{"start":{"line":158,"column":16},"end":{"line":158,"column":64}},"type":"binary-expr","locations":[{"start":{"line":158,"column":16},"end":{"line":158,"column":28}},{"start":{"line":158,"column":32},"end":{"line":158,"column":64}}]},"11":{"loc":{"start":{"line":171,"column":4},"end":{"line":179,"column":null}},"type":"if","locations":[{"start":{"line":171,"column":4},"end":{"line":179,"column":null}}]},"12":{"loc":{"start":{"line":172,"column":6},"end":{"line":174,"column":60}},"type":"binary-expr","locations":[{"start":{"line":172,"column":7},"end":{"line":172,"column":57}},{"start":{"line":173,"column":7},"end":{"line":173,"column":59}},{"start":{"line":174,"column":7},"end":{"line":174,"column":59}}]},"13":{"loc":{"start":{"line":181,"column":6},"end":{"line":183,"column":null}},"type":"if","locations":[{"start":{"line":181,"column":6},"end":{"line":183,"column":null}}]},"14":{"loc":{"start":{"line":196,"column":16},"end":{"line":196,"column":64}},"type":"binary-expr","locations":[{"start":{"line":196,"column":16},"end":{"line":196,"column":28}},{"start":{"line":196,"column":32},"end":{"line":196,"column":64}}]},"15":{"loc":{"start":{"line":218,"column":6},"end":{"line":222,"column":null}},"type":"if","locations":[{"start":{"line":218,"column":6},"end":{"line":222,"column":null}}]},"16":{"loc":{"start":{"line":223,"column":6},"end":{"line":225,"column":null}},"type":"if","locations":[{"start":{"line":223,"column":6},"end":{"line":225,"column":null}}]},"17":{"loc":{"start":{"line":223,"column":10},"end":{"line":223,"column":66}},"type":"binary-expr","locations":[{"start":{"line":223,"column":10},"end":{"line":223,"column":26}},{"start":{"line":223,"column":30},"end":{"line":223,"column":66}}]},"18":{"loc":{"start":{"line":226,"column":6},"end":{"line":228,"column":null}},"type":"if","locations":[{"start":{"line":226,"column":6},"end":{"line":228,"column":null}}]},"19":{"loc":{"start":{"line":226,"column":10},"end":{"line":226,"column":66}},"type":"binary-expr","locations":[{"start":{"line":226,"column":10},"end":{"line":226,"column":26}},{"start":{"line":226,"column":30},"end":{"line":226,"column":66}}]},"20":{"loc":{"start":{"line":230,"column":6},"end":{"line":234,"column":null}},"type":"if","locations":[{"start":{"line":230,"column":6},"end":{"line":234,"column":null}}]},"21":{"loc":{"start":{"line":235,"column":6},"end":{"line":242,"column":null}},"type":"if","locations":[{"start":{"line":235,"column":6},"end":{"line":242,"column":null}}]},"22":{"loc":{"start":{"line":236,"column":8},"end":{"line":240,"column":null}},"type":"if","locations":[{"start":{"line":236,"column":8},"end":{"line":240,"column":null}}]},"23":{"loc":{"start":{"line":243,"column":29},"end":{"line":243,"column":53}},"type":"binary-expr","locations":[{"start":{"line":243,"column":29},"end":{"line":243,"column":47}},{"start":{"line":243,"column":51},"end":{"line":243,"column":53}}]},"24":{"loc":{"start":{"line":244,"column":6},"end":{"line":254,"column":null}},"type":"if","locations":[{"start":{"line":244,"column":6},"end":{"line":254,"column":null}}]},"25":{"loc":{"start":{"line":244,"column":10},"end":{"line":244,"column":69}},"type":"binary-expr","locations":[{"start":{"line":244,"column":10},"end":{"line":244,"column":32}},{"start":{"line":244,"column":36},"end":{"line":244,"column":69}}]},"26":{"loc":{"start":{"line":247,"column":10},"end":{"line":250,"column":null}},"type":"if","locations":[{"start":{"line":247,"column":10},"end":{"line":250,"column":null}}]},"27":{"loc":{"start":{"line":255,"column":30},"end":{"line":255,"column":73}},"type":"binary-expr","locations":[{"start":{"line":255,"column":30},"end":{"line":255,"column":53}},{"start":{"line":255,"column":57},"end":{"line":255,"column":73}}]},"28":{"loc":{"start":{"line":257,"column":6},"end":{"line":265,"column":null}},"type":"if","locations":[{"start":{"line":257,"column":6},"end":{"line":265,"column":null}}]},"29":{"loc":{"start":{"line":276,"column":16},"end":{"line":276,"column":64}},"type":"binary-expr","locations":[{"start":{"line":276,"column":16},"end":{"line":276,"column":28}},{"start":{"line":276,"column":32},"end":{"line":276,"column":64}}]},"30":{"loc":{"start":{"line":289,"column":4},"end":{"line":293,"column":null}},"type":"if","locations":[{"start":{"line":289,"column":4},"end":{"line":293,"column":null}}]},"31":{"loc":{"start":{"line":295,"column":4},"end":{"line":299,"column":null}},"type":"if","locations":[{"start":{"line":295,"column":4},"end":{"line":299,"column":null}}]},"32":{"loc":{"start":{"line":318,"column":6},"end":{"line":326,"column":null}},"type":"if","locations":[{"start":{"line":318,"column":6},"end":{"line":326,"column":null}}]},"33":{"loc":{"start":{"line":323,"column":8},"end":{"line":325,"column":null}},"type":"if","locations":[{"start":{"line":323,"column":8},"end":{"line":325,"column":null}}]},"34":{"loc":{"start":{"line":328,"column":6},"end":{"line":332,"column":null}},"type":"if","locations":[{"start":{"line":328,"column":6},"end":{"line":332,"column":null}}]},"35":{"loc":{"start":{"line":342,"column":16},"end":{"line":342,"column":64}},"type":"binary-expr","locations":[{"start":{"line":342,"column":16},"end":{"line":342,"column":28}},{"start":{"line":342,"column":32},"end":{"line":342,"column":64}}]},"36":{"loc":{"start":{"line":368,"column":16},"end":{"line":368,"column":64}},"type":"binary-expr","locations":[{"start":{"line":368,"column":16},"end":{"line":368,"column":28}},{"start":{"line":368,"column":32},"end":{"line":368,"column":64}}]}},"s":{"0":1,"1":1,"2":1,"3":1,"4":1,"5":1,"6":1,"7":1,"8":1,"9":1,"10":1,"11":1,"12":1,"13":1,"14":1,"15":1,"16":1,"17":1,"18":1,"19":29,"20":29,"21":29,"22":29,"23":29,"24":29,"25":29,"26":4,"27":4,"28":4,"29":4,"30":4,"31":1,"32":3,"33":2,"34":1,"35":1,"36":1,"37":1,"38":4,"39":4,"40":4,"41":1,"42":3,"43":2,"44":1,"45":1,"46":1,"47":1,"48":5,"49":5,"50":1,"51":4,"52":4,"53":1,"54":3,"55":2,"56":1,"57":1,"58":1,"59":1,"60":3,"61":1,"62":2,"63":2,"64":2,"65":2,"66":1,"67":1,"68":1,"69":1,"70":4,"71":4,"72":1,"73":3,"74":0,"75":3,"76":0,"77":3,"78":3,"79":1,"80":2,"81":2,"82":2,"83":2,"84":2,"85":2,"86":1,"87":1,"88":0,"89":0,"90":0,"91":0,"92":1,"93":1,"94":2,"95":2,"96":2,"97":2,"98":2,"99":2,"100":2,"101":2,"102":2,"103":2,"104":2,"105":2,"106":2,"107":1,"108":1,"109":3,"110":1,"111":2,"112":2,"113":1,"114":1,"115":1,"116":1,"117":1,"118":1,"119":4,"120":4,"121":4,"122":4,"123":4,"124":4,"125":1,"126":3,"127":2,"128":1,"129":1,"130":1,"131":1,"132":1,"133":2,"134":2,"135":2,"136":1,"137":1,"138":1,"139":1,"140":1,"141":1,"142":1,"143":1,"144":1,"145":1,"146":1,"147":1,"148":1},"f":{"0":29,"1":4,"2":4,"3":5,"4":3,"5":4,"6":3,"7":4,"8":2},"b":{"0":[1],"1":[1],"2":[1,1],"3":[1,3],"4":[1],"5":[2,2],"6":[1,1],"7":[1],"8":[1,3],"9":[1],"10":[1,1],"11":[1],"12":[3,3,2],"13":[2],"14":[1,1],"15":[1],"16":[0],"17":[3,3],"18":[0],"19":[3,0],"20":[1],"21":[2],"22":[2],"23":[2,0],"24":[1],"25":[2,1],"26":[0],"27":[2,1],"28":[2],"29":[1,1],"30":[1],"31":[1],"32":[4],"33":[1],"34":[1],"35":[1,1],"36":[1,1]}}
,"/home/runner/work/LinkedOut/LinkedOut/backend/src/module/student/student.service.ts": {"path":"/home/runner/work/LinkedOut/LinkedOut/backend/src/module/student/student.service.ts","statementMap":{"0":{"start":{"line":2,"column":0},"end":{"line":2,"column":44}},"1":{"start":{"line":3,"column":0},"end":{"line":3,"column":57}},"2":{"start":{"line":8,"column":7},"end":{"line":58,"column":null}},"3":{"start":{"line":9,"column":22},"end":{"line":9,"column":41}},"4":{"start":{"line":13,"column":4},"end":{"line":13,"column":47}},"5":{"start":{"line":18,"column":4},"end":{"line":18,"column":67}},"6":{"start":{"line":23,"column":21},"end":{"line":23,"column":72}},"7":{"start":{"line":24,"column":4},"end":{"line":24,"column":55}},"8":{"start":{"line":29,"column":4},"end":{"line":29,"column":53}},"9":{"start":{"line":30,"column":4},"end":{"line":30,"column":67}},"10":{"start":{"line":35,"column":4},"end":{"line":35,"column":48}},"11":{"start":{"line":40,"column":4},"end":{"line":40,"column":70}},"12":{"start":{"line":45,"column":4},"end":{"line":47,"column":7}},"13":{"start":{"line":51,"column":20},"end":{"line":53,"column":6}},"14":{"start":{"line":54,"column":19},"end":{"line":54,"column":75}},"15":{"start":{"line":54,"column":52},"end":{"line":54,"column":74}},"16":{"start":{"line":56,"column":4},"end":{"line":56,"column":34}},"17":{"start":{"line":8,"column":13},"end":{"line":8,"column":27}},"18":{"start":{"line":8,"column":13},"end":{"line":58,"column":null}}},"fnMap":{"0":{"name":"(anonymous_2)","decl":{"start":{"line":9,"column":2},"end":{"line":9,"column":22}},"loc":{"start":{"line":9,"column":58},"end":{"line":9,"column":62}}},"1":{"name":"(anonymous_3)","decl":{"start":{"line":12,"column":2},"end":{"line":12,"column":7}},"loc":{"start":{"line":12,"column":15},"end":{"line":14,"column":3}}},"2":{"name":"(anonymous_4)","decl":{"start":{"line":17,"column":2},"end":{"line":17,"column":7}},"loc":{"start":{"line":17,"column":26},"end":{"line":19,"column":3}}},"3":{"name":"(anonymous_5)","decl":{"start":{"line":22,"column":2},"end":{"line":22,"column":7}},"loc":{"start":{"line":22,"column":31},"end":{"line":25,"column":3}}},"4":{"name":"(anonymous_6)","decl":{"start":{"line":28,"column":2},"end":{"line":28,"column":7}},"loc":{"start":{"line":28,"column":52},"end":{"line":31,"column":3}}},"5":{"name":"(anonymous_7)","decl":{"start":{"line":34,"column":2},"end":{"line":34,"column":7}},"loc":{"start":{"line":34,"column":25},"end":{"line":36,"column":3}}},"6":{"name":"(anonymous_8)","decl":{"start":{"line":39,"column":2},"end":{"line":39,"column":7}},"loc":{"start":{"line":39,"column":33},"end":{"line":41,"column":3}}},"7":{"name":"(anonymous_9)","decl":{"start":{"line":44,"column":2},"end":{"line":44,"column":7}},"loc":{"start":{"line":44,"column":36},"end":{"line":48,"column":3}}},"8":{"name":"(anonymous_10)","decl":{"start":{"line":50,"column":2},"end":{"line":50,"column":7}},"loc":{"start":{"line":50,"column":57},"end":{"line":57,"column":3}}},"9":{"name":"(anonymous_11)","decl":{"start":{"line":54,"column":40},"end":{"line":54,"column":41}},"loc":{"start":{"line":54,"column":52},"end":{"line":54,"column":74}}}},"branchMap":{"0":{"loc":{"start":{"line":56,"column":11},"end":{"line":56,"column":33}},"type":"cond-expr","locations":[{"start":{"line":56,"column":20},"end":{"line":56,"column":26}},{"start":{"line":56,"column":29},"end":{"line":56,"column":33}}]}},"s":{"0":8,"1":8,"2":8,"3":10,"4":1,"5":1,"6":1,"7":1,"8":1,"9":1,"10":1,"11":1,"12":1,"13":2,"14":2,"15":1,"16":2,"17":8,"18":8},"f":{"0":10,"1":1,"2":1,"3":1,"4":1,"5":1,"6":1,"7":1,"8":2,"9":1},"b":{"0":[1,1]}}
}
