TN:
SF:src/app/app.controller.ts
FN:16,(anonymous_4)
FN:20,(anonymous_5)
FNF:2
FNH:2
FNDA:3,(anonymous_4)
FNDA:2,(anonymous_5)
DA:1,1
DA:3,1
DA:12,1
DA:15,1
DA:16,3
DA:20,1
DA:25,2
DA:27,2
DA:28,1
DA:30,1
LF:10
LH:10
BRF:0
BRH:0
end_of_record
TN:
SF:src/app/app.service.ts
FN:8,(anonymous_2)
FN:14,(anonymous_3)
FN:27,(anonymous_4)
FN:32,(anonymous_5)
FN:48,(anonymous_6)
FN:64,(anonymous_7)
FNF:6
FNH:6
FNDA:5,(anonymous_2)
FNDA:1,(anonymous_3)
FNDA:2,(anonymous_4)
FNDA:1,(anonymous_5)
FNDA:1,(anonymous_6)
FNDA:1,(anonymous_7)
DA:1,2
DA:2,2
DA:3,2
DA:4,2
DA:7,2
DA:9,5
DA:10,5
DA:11,5
DA:15,1
DA:19,1
DA:25,1
DA:27,2
DA:29,1
DA:33,1
DA:49,1
DA:65,1
LF:16
LH:16
BRF:0
BRH:0
end_of_record
TN:
SF:src/common/service/azureBlob.service.ts
FN:5,(anonymous_1)
FN:9,(anonymous_2)
FN:20,(anonymous_3)
FN:30,(anonymous_4)
FNF:4
FNH:4
FNDA:3,(anonymous_1)
FNDA:3,(anonymous_2)
FNDA:1,(anonymous_3)
FNDA:1,(anonymous_4)
DA:1,2
DA:2,2
DA:5,2
DA:6,3
DA:7,3
DA:10,3
DA:13,3
DA:16,3
DA:17,3
DA:21,1
DA:22,1
DA:23,1
DA:24,1
DA:25,1
DA:27,1
DA:31,1
DA:32,1
LF:17
LH:17
BRF:0
BRH:0
end_of_record
TN:
SF:src/common/service/databaseInitialize.service.ts
FN:6,(anonymous_2)
FN:8,(anonymous_3)
FNF:2
FNH:2
FNDA:5,(anonymous_2)
FNDA:4,(anonymous_3)
DA:1,1
DA:2,1
DA:5,1
DA:6,5
DA:9,4
DA:10,4
DA:11,4
DA:12,4
LF:8
LH:8
BRF:0
BRH:0
end_of_record
TN:
SF:src/module/auth/auth.controller.ts
FN:20,(anonymous_4)
FN:28,(anonymous_5)
FN:52,(anonymous_6)
FN:61,(anonymous_7)
FN:85,(anonymous_8)
FNF:5
FNH:4
FNDA:7,(anonymous_4)
FNDA:2,(anonymous_5)
FNDA:0,(anonymous_6)
FNDA:2,(anonymous_7)
FNDA:3,(anonymous_8)
DA:1,1
DA:2,1
DA:3,1
DA:4,1
DA:5,1
DA:6,1
DA:8,1
DA:9,1
DA:13,1
DA:19,1
DA:21,7
DA:22,7
DA:23,7
DA:24,7
DA:28,1
DA:33,2
DA:35,2
DA:37,1
DA:44,1
DA:46,0
DA:53,0
DA:58,0
DA:67,2
DA:68,2
DA:70,2
DA:71,1
DA:72,1
DA:73,1
DA:75,2
DA:76,2
DA:80,0
DA:85,1
DA:90,3
DA:91,3
DA:92,2
DA:96,1
LF:36
LH:32
BRDA:35,0,0,1
BRDA:35,0,1,1
BRDA:35,0,2,0
BRDA:70,1,0,1
BRDA:70,1,1,1
BRDA:72,2,0,1
BRF:6
BRH:5
end_of_record
TN:
SF:src/module/auth/auth.service.ts
FN:8,(anonymous_2)
FN:13,(anonymous_3)
FN:23,(anonymous_4)
FN:30,(anonymous_5)
FNF:4
FNH:4
FNDA:5,(anonymous_2)
FNDA:1,(anonymous_3)
FNDA:1,(anonymous_4)
FNDA:2,(anonymous_5)
DA:1,4
DA:2,4
DA:3,4
DA:7,4
DA:9,5
DA:10,5
DA:14,1
DA:20,1
DA:24,1
DA:27,1
DA:31,2
DA:32,1
DA:35,1
LF:13
LH:13
BRDA:31,0,0,1
BRF:1
BRH:1
end_of_record
TN:
SF:src/module/company/company.controller.ts
FN:41,(anonymous_4)
FN:54,(anonymous_5)
FN:91,(anonymous_6)
FN:123,(anonymous_7)
FN:161,(anonymous_8)
FN:204,(anonymous_9)
FN:270,(anonymous_10)
FN:295,(anonymous_11)
FN:336,(anonymous_12)
FNF:9
FNH:0
FNDA:0,(anonymous_4)
FNDA:0,(anonymous_5)
FNDA:0,(anonymous_6)
FNDA:0,(anonymous_7)
FNDA:0,(anonymous_8)
FNDA:0,(anonymous_9)
FNDA:0,(anonymous_10)
FNDA:0,(anonymous_11)
FNDA:0,(anonymous_12)
DA:1,0
DA:2,0
DA:3,0
DA:4,0
DA:6,0
DA:7,0
DA:8,0
DA:9,0
DA:10,0
DA:11,0
DA:12,0
DA:13,0
DA:14,0
DA:15,0
DA:20,0
DA:35,0
DA:36,0
DA:37,0
DA:40,0
DA:42,0
DA:43,0
DA:44,0
DA:45,0
DA:46,0
DA:47,0
DA:48,0
DA:54,0
DA:58,0
DA:59,0
DA:60,0
DA:61,0
DA:64,0
DA:65,0
DA:67,0
DA:68,0
DA:69,0
DA:73,0
DA:74,0
DA:79,0
DA:81,0
DA:91,0
DA:95,0
DA:96,0
DA:97,0
DA:98,0
DA:100,0
DA:101,0
DA:102,0
DA:106,0
DA:107,0
DA:112,0
DA:115,0
DA:123,0
DA:127,0
DA:128,0
DA:129,0
DA:133,0
DA:136,0
DA:137,0
DA:139,0
DA:140,0
DA:141,0
DA:145,0
DA:146,0
DA:151,0
DA:154,0
DA:161,0
DA:166,0
DA:170,0
DA:175,0
DA:179,0
DA:180,0
DA:181,0
DA:183,0
DA:184,0
DA:185,0
DA:190,0
DA:191,0
DA:195,0
DA:204,0
DA:211,0
DA:212,0
DA:213,0
DA:217,0
DA:218,0
DA:221,0
DA:225,0
DA:229,0
DA:230,0
DA:234,0
DA:236,0
DA:241,0
DA:242,0
DA:246,0
DA:248,0
DA:249,0
DA:250,0
DA:254,0
DA:255,0
DA:260,0
DA:262,0
DA:270,0
DA:274,0
DA:275,0
DA:279,0
DA:280,0
DA:281,0
DA:285,0
DA:286,0
DA:287,0
DA:288,0
DA:295,0
DA:300,0
DA:301,0
DA:302,0
DA:303,0
DA:304,0
DA:307,0
DA:308,0
DA:311,0
DA:312,0
DA:316,0
DA:320,0
DA:321,0
DA:326,0
DA:328,0
DA:336,0
DA:340,0
DA:341,0
DA:342,0
DA:343,0
DA:348,0
DA:352,0
LF:133
LH:0
BRDA:64,0,0,0
BRDA:68,1,0,0
BRDA:82,2,0,0
BRDA:82,2,1,0
BRDA:97,3,0,0
BRDA:97,3,1,0
BRDA:101,4,0,0
BRDA:101,5,0,0
BRDA:101,5,1,0
BRDA:128,6,0,0
BRDA:136,7,0,0
BRDA:136,7,1,0
BRDA:140,8,0,0
BRDA:170,9,0,0
BRDA:171,10,0,0
BRDA:171,10,1,0
BRDA:171,10,2,0
BRDA:180,11,0,0
BRDA:212,12,0,0
BRDA:221,13,0,0
BRDA:222,14,0,0
BRDA:222,14,1,0
BRDA:229,15,0,0
BRDA:229,15,1,0
BRDA:241,16,0,0
BRDA:242,17,0,0
BRDA:242,17,1,0
BRDA:249,18,0,0
BRDA:274,19,0,0
BRDA:280,20,0,0
BRDA:302,21,0,0
BRDA:307,22,0,0
BRDA:312,23,0,0
BRDA:313,24,0,0
BRDA:313,24,1,0
BRF:35
BRH:0
end_of_record
TN:
SF:src/module/company/company.service.ts
FN:8,(anonymous_2)
FN:11,(anonymous_3)
FN:16,(anonymous_4)
FN:21,(anonymous_5)
FN:27,(anonymous_6)
FN:33,(anonymous_7)
FN:38,(anonymous_8)
FN:43,(anonymous_9)
FNF:8
FNH:0
FNDA:0,(anonymous_2)
FNDA:0,(anonymous_3)
FNDA:0,(anonymous_4)
FNDA:0,(anonymous_5)
FNDA:0,(anonymous_6)
FNDA:0,(anonymous_7)
FNDA:0,(anonymous_8)
FNDA:0,(anonymous_9)
DA:2,1
DA:3,1
DA:7,1
DA:8,0
DA:12,0
DA:17,0
DA:22,0
DA:23,0
DA:28,0
DA:29,0
DA:34,0
DA:39,0
DA:44,0
LF:13
LH:3
BRF:0
BRH:0
end_of_record
TN:
SF:src/module/internship/internship.controller.ts
FN:29,(anonymous_4)
FN:43,(anonymous_5)
FN:65,(anonymous_6)
FN:93,(anonymous_7)
FN:121,(anonymous_8)
FN:138,(anonymous_9)
FN:159,(anonymous_10)
FN:179,(anonymous_11)
FNF:8
FNH:0
FNDA:0,(anonymous_4)
FNDA:0,(anonymous_5)
FNDA:0,(anonymous_6)
FNDA:0,(anonymous_7)
FNDA:0,(anonymous_8)
FNDA:0,(anonymous_9)
FNDA:0,(anonymous_10)
FNDA:0,(anonymous_11)
DA:2,0
DA:3,0
DA:4,0
DA:16,0
DA:17,0
DA:18,0
DA:19,0
DA:20,0
DA:21,0
DA:22,0
DA:23,0
DA:24,0
DA:25,0
DA:28,0
DA:30,0
DA:31,0
DA:32,0
DA:33,0
DA:34,0
DA:35,0
DA:36,0
DA:43,0
DA:49,0
DA:50,0
DA:51,0
DA:52,0
DA:53,0
DA:54,0
DA:60,0
DA:64,0
DA:65,0
DA:66,0
DA:67,0
DA:75,0
DA:76,0
DA:77,0
DA:78,0
DA:79,0
DA:83,0
DA:84,0
DA:88,0
DA:91,0
DA:92,0
DA:93,0
DA:95,0
DA:96,0
DA:97,0
DA:103,0
DA:104,0
DA:107,0
DA:108,0
DA:110,0
DA:111,0
DA:113,0
DA:121,0
DA:122,0
DA:123,0
DA:124,0
DA:125,0
DA:129,0
DA:131,0
DA:138,0
DA:142,0
DA:143,0
DA:144,0
DA:145,0
DA:149,0
DA:151,0
DA:159,0
DA:164,0
DA:165,0
DA:169,0
DA:171,0
DA:179,0
DA:183,0
DA:184,0
DA:185,0
DA:186,0
DA:190,0
DA:192,0
LF:80
LH:0
BRDA:53,0,0,0
BRDA:64,1,0,0
BRDA:64,1,1,0
BRDA:64,2,0,0
BRDA:64,2,1,0
BRDA:66,3,0,0
BRDA:91,4,0,0
BRDA:91,5,0,0
BRDA:91,5,1,0
BRDA:95,6,0,0
BRDA:124,7,0,0
BRDA:124,8,0,0
BRDA:124,8,1,0
BRDA:144,9,0,0
BRDA:185,10,0,0
BRDA:185,11,0,0
BRDA:185,11,1,0
BRF:17
BRH:0
end_of_record
TN:
SF:src/module/internship/internship.service.ts
FN:7,(anonymous_2)
FN:10,(anonymous_3)
FN:16,(anonymous_4)
FN:21,(anonymous_5)
FN:26,(anonymous_6)
FN:32,(anonymous_7)
FN:37,(anonymous_8)
FN:44,(anonymous_9)
FNF:8
FNH:0
FNDA:0,(anonymous_2)
FNDA:0,(anonymous_3)
FNDA:0,(anonymous_4)
FNDA:0,(anonymous_5)
FNDA:0,(anonymous_6)
FNDA:0,(anonymous_7)
FNDA:0,(anonymous_8)
FNDA:0,(anonymous_9)
DA:1,0
DA:2,0
DA:6,0
DA:7,0
DA:11,0
DA:12,0
DA:17,0
DA:22,0
DA:27,0
DA:28,0
DA:33,0
DA:38,0
DA:45,0
LF:13
LH:0
BRF:0
BRH:0
end_of_record
TN:
SF:src/module/job/job.controller.ts
FN:40,(anonymous_4)
FN:55,(anonymous_5)
FN:88,(anonymous_6)
FN:118,(anonymous_7)
FN:185,(anonymous_8)
FN:228,(anonymous_9)
FN:299,(anonymous_10)
FN:325,(anonymous_11)
FNF:8
FNH:0
FNDA:0,(anonymous_4)
FNDA:0,(anonymous_5)
FNDA:0,(anonymous_6)
FNDA:0,(anonymous_7)
FNDA:0,(anonymous_8)
FNDA:0,(anonymous_9)
FNDA:0,(anonymous_10)
FNDA:0,(anonymous_11)
DA:1,0
DA:3,0
DA:4,0
DA:5,0
DA:9,0
DA:24,0
DA:25,0
DA:26,0
DA:27,0
DA:28,0
DA:29,0
DA:30,0
DA:31,0
DA:32,0
DA:33,0
DA:34,0
DA:35,0
DA:36,0
DA:39,0
DA:41,0
DA:42,0
DA:43,0
DA:44,0
DA:45,0
DA:46,0
DA:47,0
DA:48,0
DA:55,0
DA:59,0
DA:60,0
DA:61,0
DA:62,0
DA:64,0
DA:65,0
DA:66,0
DA:71,0
DA:72,0
DA:77,0
DA:80,0
DA:88,0
DA:92,0
DA:93,0
DA:94,0
DA:95,0
DA:96,0
DA:97,0
DA:102,0
DA:104,0
DA:118,0
DA:128,0
DA:129,0
DA:130,0
DA:131,0
DA:135,0
DA:136,0
DA:137,0
DA:138,0
DA:141,0
DA:142,0
DA:143,0
DA:144,0
DA:145,0
DA:146,0
DA:148,0
DA:153,0
DA:156,0
DA:157,0
DA:158,0
DA:161,0
DA:163,0
DA:168,0
DA:169,0
DA:170,0
DA:175,0
DA:177,0
DA:185,0
DA:189,0
DA:190,0
DA:191,0
DA:195,0
DA:196,0
DA:197,0
DA:199,0
DA:200,0
DA:201,0
DA:206,0
DA:211,0
DA:214,0
DA:228,0
DA:238,0
DA:239,0
DA:240,0
DA:244,0
DA:245,0
DA:246,0
DA:247,0
DA:250,0
DA:251,0
DA:252,0
DA:253,0
DA:254,0
DA:255,0
DA:257,0
DA:262,0
DA:265,0
DA:266,0
DA:267,0
DA:270,0
DA:272,0
DA:277,0
DA:278,0
DA:279,0
DA:283,0
DA:284,0
DA:289,0
DA:291,0
DA:299,0
DA:303,0
DA:304,0
DA:308,0
DA:309,0
DA:310,0
DA:314,0
DA:315,0
DA:316,0
DA:325,0
DA:329,0
DA:331,0
DA:332,0
DA:336,0
DA:340,0
DA:343,0
DA:345,0
LF:133
LH:0
BRDA:61,0,0,0
BRDA:61,0,1,0
BRDA:65,1,0,0
BRDA:65,2,0,0
BRDA:65,2,1,0
BRDA:96,3,0,0
BRDA:96,4,0,0
BRDA:96,4,1,0
BRDA:135,5,0,0
BRDA:135,6,0,0
BRDA:135,6,1,0
BRDA:141,7,0,0
BRDA:141,8,0,0
BRDA:141,8,1,0
BRDA:156,9,0,0
BRDA:190,10,0,0
BRDA:196,11,0,0
BRDA:196,11,1,0
BRDA:200,12,0,0
BRDA:239,13,0,0
BRDA:244,14,0,0
BRDA:244,15,0,0
BRDA:244,15,1,0
BRDA:250,16,0,0
BRDA:250,17,0,0
BRDA:250,17,1,0
BRDA:265,18,0,0
BRDA:278,19,0,0
BRDA:303,20,0,0
BRDA:309,21,0,0
BRDA:332,22,0,0
BRDA:333,23,0,0
BRDA:333,23,1,0
BRF:33
BRH:0
end_of_record
TN:
SF:src/module/job/job.service.ts
FN:7,(anonymous_2)
FN:10,(anonymous_3)
FN:29,(anonymous_4)
FN:49,(anonymous_5)
FN:54,(anonymous_6)
FN:60,(anonymous_7)
FN:66,(anonymous_8)
FN:71,(anonymous_9)
FN:76,(anonymous_10)
FNF:9
FNH:0
FNDA:0,(anonymous_2)
FNDA:0,(anonymous_3)
FNDA:0,(anonymous_4)
FNDA:0,(anonymous_5)
FNDA:0,(anonymous_6)
FNDA:0,(anonymous_7)
FNDA:0,(anonymous_8)
FNDA:0,(anonymous_9)
FNDA:0,(anonymous_10)
DA:1,0
DA:3,0
DA:6,0
DA:7,0
DA:11,0
DA:25,0
DA:30,0
DA:45,0
DA:50,0
DA:55,0
DA:56,0
DA:61,0
DA:62,0
DA:67,0
DA:72,0
DA:77,0
LF:16
LH:0
BRF:0
BRH:0
end_of_record
TN:
SF:src/module/jobApplicants/jobApplicants.controller.ts
FN:26,(anonymous_4)
FN:36,(anonymous_5)
FN:56,(anonymous_6)
FN:84,(anonymous_7)
FN:113,(anonymous_8)
FN:136,(anonymous_9)
FN:158,(anonymous_10)
FNF:7
FNH:0
FNDA:0,(anonymous_4)
FNDA:0,(anonymous_5)
FNDA:0,(anonymous_6)
FNDA:0,(anonymous_7)
FNDA:0,(anonymous_8)
FNDA:0,(anonymous_9)
FNDA:0,(anonymous_10)
DA:2,0
DA:3,0
DA:4,0
DA:16,0
DA:17,0
DA:18,0
DA:19,0
DA:20,0
DA:21,0
DA:22,0
DA:25,0
DA:27,0
DA:28,0
DA:29,0
DA:30,0
DA:36,0
DA:42,0
DA:43,0
DA:44,0
DA:45,0
DA:46,0
DA:47,0
DA:52,0
DA:55,0
DA:56,0
DA:57,0
DA:59,0
DA:60,0
DA:65,0
DA:66,0
DA:67,0
DA:68,0
DA:69,0
DA:73,0
DA:75,0
DA:76,0
DA:78,0
DA:84,0
DA:89,0
DA:90,0
DA:91,0
DA:92,0
DA:97,0
DA:98,0
DA:99,0
DA:103,0
DA:105,0
DA:113,0
DA:118,0
DA:120,0
DA:121,0
DA:122,0
DA:126,0
DA:128,0
DA:136,0
DA:141,0
DA:142,0
DA:143,0
DA:144,0
DA:148,0
DA:150,0
DA:158,0
DA:164,0
DA:165,0
DA:169,0
DA:170,0
DA:174,0
DA:176,0
LF:68
LH:0
BRDA:46,0,0,0
BRDA:55,1,0,0
BRDA:55,2,0,0
BRDA:55,2,1,0
BRDA:57,3,0,0
BRDA:91,4,0,0
BRDA:98,5,0,0
BRDA:98,6,0,0
BRDA:98,6,1,0
BRDA:121,7,0,0
BRDA:121,8,0,0
BRDA:121,8,1,0
BRDA:143,9,0,0
BRDA:169,10,0,0
BRF:14
BRH:0
end_of_record
TN:
SF:src/module/jobApplicants/jobApplicants.service.ts
FN:7,(anonymous_2)
FN:10,(anonymous_3)
FN:16,(anonymous_4)
FN:21,(anonymous_5)
FN:26,(anonymous_6)
FN:35,(anonymous_7)
FN:46,(anonymous_8)
FN:50,(anonymous_9)
FNF:8
FNH:0
FNDA:0,(anonymous_2)
FNDA:0,(anonymous_3)
FNDA:0,(anonymous_4)
FNDA:0,(anonymous_5)
FNDA:0,(anonymous_6)
FNDA:0,(anonymous_7)
FNDA:0,(anonymous_8)
FNDA:0,(anonymous_9)
DA:1,0
DA:3,0
DA:6,0
DA:7,0
DA:11,0
DA:12,0
DA:17,0
DA:22,0
DA:29,0
DA:39,0
DA:47,0
DA:54,0
DA:58,0
LF:13
LH:0
BRF:0
BRH:0
end_of_record
TN:
SF:src/module/staff/staff.controller.ts
FN:40,(anonymous_4)
FN:53,(anonymous_5)
FN:90,(anonymous_6)
FN:122,(anonymous_7)
FN:158,(anonymous_8)
FN:198,(anonymous_9)
FN:250,(anonymous_10)
FN:275,(anonymous_11)
FN:316,(anonymous_12)
FNF:9
FNH:0
FNDA:0,(anonymous_4)
FNDA:0,(anonymous_5)
FNDA:0,(anonymous_6)
FNDA:0,(anonymous_7)
FNDA:0,(anonymous_8)
FNDA:0,(anonymous_9)
FNDA:0,(anonymous_10)
FNDA:0,(anonymous_11)
FNDA:0,(anonymous_12)
DA:1,0
DA:2,0
DA:3,0
DA:5,0
DA:6,0
DA:7,0
DA:8,0
DA:9,0
DA:10,0
DA:11,0
DA:12,0
DA:13,0
DA:14,0
DA:19,0
DA:34,0
DA:35,0
DA:36,0
DA:39,0
DA:41,0
DA:42,0
DA:43,0
DA:44,0
DA:45,0
DA:46,0
DA:47,0
DA:53,0
DA:57,0
DA:58,0
DA:59,0
DA:60,0
DA:63,0
DA:64,0
DA:66,0
DA:67,0
DA:68,0
DA:72,0
DA:73,0
DA:78,0
DA:80,0
DA:90,0
DA:94,0
DA:95,0
DA:96,0
DA:97,0
DA:99,0
DA:100,0
DA:101,0
DA:105,0
DA:106,0
DA:111,0
DA:114,0
DA:122,0
DA:126,0
DA:127,0
DA:128,0
DA:132,0
DA:133,0
DA:134,0
DA:136,0
DA:137,0
DA:138,0
DA:142,0
DA:143,0
DA:148,0
DA:151,0
DA:158,0
DA:164,0
DA:169,0
DA:173,0
DA:174,0
DA:175,0
DA:177,0
DA:178,0
DA:179,0
DA:184,0
DA:185,0
DA:189,0
DA:198,0
DA:205,0
DA:206,0
DA:207,0
DA:211,0
DA:212,0
DA:216,0
DA:217,0
DA:221,0
DA:222,0
DA:226,0
DA:228,0
DA:229,0
DA:230,0
DA:234,0
DA:235,0
DA:240,0
DA:242,0
DA:250,0
DA:254,0
DA:255,0
DA:259,0
DA:260,0
DA:261,0
DA:265,0
DA:266,0
DA:267,0
DA:268,0
DA:275,0
DA:280,0
DA:281,0
DA:282,0
DA:283,0
DA:284,0
DA:287,0
DA:288,0
DA:291,0
DA:292,0
DA:296,0
DA:300,0
DA:301,0
DA:306,0
DA:308,0
DA:316,0
DA:320,0
DA:321,0
DA:322,0
DA:323,0
DA:328,0
DA:332,0
LF:127
LH:0
BRDA:63,0,0,0
BRDA:67,1,0,0
BRDA:81,2,0,0
BRDA:81,2,1,0
BRDA:96,3,0,0
BRDA:96,3,1,0
BRDA:100,4,0,0
BRDA:100,5,0,0
BRDA:100,5,1,0
BRDA:127,6,0,0
BRDA:133,7,0,0
BRDA:133,7,1,0
BRDA:137,8,0,0
BRDA:164,9,0,0
BRDA:165,10,0,0
BRDA:165,10,1,0
BRDA:165,10,2,0
BRDA:174,11,0,0
BRDA:206,12,0,0
BRDA:216,13,0,0
BRDA:221,14,0,0
BRDA:222,15,0,0
BRDA:222,15,1,0
BRDA:229,16,0,0
BRDA:254,17,0,0
BRDA:260,18,0,0
BRDA:282,19,0,0
BRDA:287,20,0,0
BRDA:292,21,0,0
BRF:29
BRH:0
end_of_record
TN:
SF:src/module/staff/staff.service.ts
FN:8,(anonymous_2)
FN:11,(anonymous_3)
FN:16,(anonymous_4)
FN:21,(anonymous_5)
FN:27,(anonymous_6)
FN:33,(anonymous_7)
FN:38,(anonymous_8)
FN:43,(anonymous_9)
FNF:8
FNH:0
FNDA:0,(anonymous_2)
FNDA:0,(anonymous_3)
FNDA:0,(anonymous_4)
FNDA:0,(anonymous_5)
FNDA:0,(anonymous_6)
FNDA:0,(anonymous_7)
FNDA:0,(anonymous_8)
FNDA:0,(anonymous_9)
DA:2,2
DA:3,2
DA:7,2
DA:8,0
DA:12,0
DA:17,0
DA:22,0
DA:23,0
DA:28,0
DA:29,0
DA:34,0
DA:39,0
DA:44,0
LF:13
LH:3
BRF:0
BRH:0
end_of_record
TN:
SF:src/module/student/student.controller.ts
FN:45,(anonymous_4)
FN:58,(anonymous_5)
FN:94,(anonymous_6)
FN:127,(anonymous_7)
FN:166,(anonymous_8)
FN:209,(anonymous_9)
FN:275,(anonymous_10)
FN:301,(anonymous_11)
FN:341,(anonymous_12)
FNF:9
FNH:9
FNDA:28,(anonymous_4)
FNDA:4,(anonymous_5)
FNDA:4,(anonymous_6)
FNDA:5,(anonymous_7)
FNDA:3,(anonymous_8)
FNDA:3,(anonymous_9)
FNDA:3,(anonymous_10)
FNDA:4,(anonymous_11)
FNDA:2,(anonymous_12)
DA:1,1
DA:2,1
DA:3,1
DA:5,1
DA:6,1
DA:7,1
DA:8,1
DA:9,1
DA:10,1
DA:11,1
DA:12,1
DA:13,1
DA:18,1
DA:34,1
DA:35,1
DA:39,1
DA:40,1
DA:41,1
DA:44,1
DA:46,28
DA:47,28
DA:48,28
DA:49,28
DA:50,28
DA:51,28
DA:52,28
DA:58,1
DA:62,4
DA:63,4
DA:64,4
DA:65,4
DA:68,4
DA:69,1
DA:71,3
DA:72,2
DA:73,1
DA:77,1
DA:82,1
DA:84,1
DA:94,1
DA:98,4
DA:99,4
DA:100,4
DA:101,1
DA:103,3
DA:104,2
DA:105,1
DA:109,1
DA:114,1
DA:117,1
DA:127,1
DA:131,5
DA:132,5
DA:133,1
DA:137,4
DA:140,4
DA:141,1
DA:143,3
DA:144,2
DA:145,1
DA:149,1
DA:154,1
DA:157,1
DA:166,1
DA:171,3
DA:176,1
DA:180,2
DA:181,2
DA:182,2
DA:184,2
DA:185,1
DA:190,1
DA:191,1
DA:195,1
DA:209,1
DA:217,3
DA:218,3
DA:219,1
DA:223,2
DA:224,2
DA:225,2
DA:229,1
DA:231,1
DA:232,1
DA:233,1
DA:234,0
DA:235,0
DA:236,0
DA:237,0
DA:240,1
DA:241,1
DA:243,1
DA:246,1
DA:247,1
DA:248,1
DA:249,1
DA:250,1
DA:251,1
DA:252,1
DA:253,1
DA:254,1
DA:257,1
DA:258,1
DA:263,1
DA:265,1
DA:275,1
DA:279,3
DA:280,1
DA:284,2
DA:285,2
DA:286,1
DA:290,1
DA:291,1
DA:292,1
DA:293,1
DA:294,1
DA:301,1
DA:306,4
DA:307,4
DA:308,4
DA:309,4
DA:310,4
DA:313,4
DA:314,1
DA:317,3
DA:318,2
DA:319,1
DA:323,1
DA:324,1
DA:329,1
DA:331,1
DA:341,1
DA:345,2
DA:346,2
DA:347,2
DA:348,1
DA:353,1
DA:357,1
LF:138
LH:134
BRDA:68,0,0,1
BRDA:72,1,0,1
BRDA:85,2,0,1
BRDA:85,2,1,1
BRDA:100,3,0,1
BRDA:100,3,1,3
BRDA:104,4,0,1
BRDA:104,5,0,2
BRDA:104,5,1,2
BRDA:118,6,0,1
BRDA:118,6,1,1
BRDA:132,7,0,1
BRDA:140,8,0,1
BRDA:140,8,1,3
BRDA:144,9,0,1
BRDA:158,10,0,1
BRDA:158,10,1,1
BRDA:171,11,0,1
BRDA:172,12,0,3
BRDA:172,12,1,3
BRDA:172,12,2,2
BRDA:181,13,0,2
BRDA:196,14,0,1
BRDA:196,14,1,1
BRDA:218,15,0,1
BRDA:224,16,0,2
BRDA:224,17,0,2
BRDA:224,17,1,2
BRDA:225,18,0,2
BRDA:225,18,1,1
BRDA:231,19,0,1
BRDA:231,19,1,0
BRDA:232,20,0,1
BRDA:232,21,0,1
BRDA:232,21,1,1
BRDA:235,22,0,0
BRDA:243,23,0,1
BRDA:243,23,1,0
BRDA:247,24,0,1
BRDA:247,25,0,1
BRDA:247,25,1,1
BRDA:266,26,0,1
BRDA:266,26,1,1
BRDA:279,27,0,1
BRDA:285,28,0,1
BRDA:308,29,0,4
BRDA:313,30,0,1
BRDA:318,31,0,1
BRDA:332,32,0,1
BRDA:332,32,1,1
BRDA:358,33,0,1
BRDA:358,33,1,1
BRF:52
BRH:49
end_of_record
TN:
SF:src/module/student/student.service.ts
FN:9,(anonymous_2)
FN:12,(anonymous_3)
FN:17,(anonymous_4)
FN:22,(anonymous_5)
FN:28,(anonymous_6)
FN:34,(anonymous_7)
FN:39,(anonymous_8)
FN:44,(anonymous_9)
FN:50,(anonymous_10)
FN:54,(anonymous_11)
FNF:10
FNH:10
FNDA:10,(anonymous_2)
FNDA:1,(anonymous_3)
FNDA:1,(anonymous_4)
FNDA:1,(anonymous_5)
FNDA:1,(anonymous_6)
FNDA:1,(anonymous_7)
FNDA:1,(anonymous_8)
FNDA:1,(anonymous_9)
FNDA:2,(anonymous_10)
FNDA:1,(anonymous_11)
DA:2,3
DA:3,3
DA:8,3
DA:9,10
DA:13,1
DA:18,1
DA:23,1
DA:24,1
DA:29,1
DA:30,1
DA:35,1
DA:40,1
DA:45,1
DA:51,2
DA:54,2
DA:56,2
LF:16
LH:16
BRDA:56,0,0,1
BRDA:56,0,1,1
BRF:2
BRH:2
end_of_record
